#
# There is insufficient memory for the Java Runtime Environment to continue.
# Native memory allocation (mmap) failed to map 266338304 bytes for G1 virtual space
# Possible reasons:
#   The system is out of physical RAM or swap space
#   The process is running with CompressedOops enabled, and the Java Heap may be blocking the growth of the native heap
# Possible solutions:
#   Reduce memory load on the system
#   Increase physical memory or swap space
#   Check if swap backing store is full
#   Decrease Java heap size (-Xmx/-Xms)
#   Decrease number of Java threads
#   Decrease Java thread stack sizes (-Xss)
#   Set larger code cache with -XX:ReservedCodeCacheSize=
#   JVM is running with Zero Based Compressed Oops mode in which the Java heap is
#     placed in the first 32GB address space. The Java Heap base address is the
#     maximum limit for the native heap growth. Please use -XX:HeapBaseMinAddress
#     to set the Java Heap base and to place the Java Heap above 32GB virtual address.
# This output file may be truncated or incomplete.
#
#  Out of Memory Error (os_windows.cpp:3600), pid=17260, tid=7016
#
# JRE version:  (21.0.1+12) (build )
# Java VM: Java HotSpot(TM) 64-Bit Server VM (21.0.1+12-LTS-29, mixed mode, sharing, tiered, compressed oops, compressed class ptrs, g1 gc, windows-amd64)
# No core dump will be written. Minidumps are not enabled by default on client versions of Windows
#

---------------  S U M M A R Y ------------

Command Line: -agentlib:jdwp=transport=dt_socket,address=127.0.0.1:5986,suspend=y,server=n -Dfile.encoding=UTF-8 -Dsun.stdout.encoding=UTF-8 -Dsun.stderr.encoding=UTF-8 Database

Host: Intel(R) Core(TM) i5-10210U CPU @ 1.60GHz, 8 cores, 15G,  Windows 11 , 64 bit Build 22000 (10.0.22000.2538)
Time: Mon Dec  4 00:13:11 2023 W. Europe Standard Time elapsed time: 0.022012 seconds (0d 0h 0m 0s)

---------------  T H R E A D  ---------------

Current thread (0x000001be79a3cc80):  JavaThread "Unknown thread" [_thread_in_vm, id=7016, stack(0x0000002e41f00000,0x0000002e42000000) (1024K)]

Stack: [0x0000002e41f00000,0x0000002e42000000]
Native frames: (J=compiled Java code, j=interpreted, Vv=VM code, C=native code)
V  [jvm.dll+0x6c9029]
V  [jvm.dll+0x854b81]
V  [jvm.dll+0x856e5e]
V  [jvm.dll+0x857543]
V  [jvm.dll+0x280c06]
V  [jvm.dll+0x6c5715]
V  [jvm.dll+0x6ba10a]
V  [jvm.dll+0x3557ea]
V  [jvm.dll+0x35d436]
V  [jvm.dll+0x3ae1be]
V  [jvm.dll+0x3ae468]
V  [jvm.dll+0x3291fc]
V  [jvm.dll+0x329d8b]
V  [jvm.dll+0x81d179]
V  [jvm.dll+0x3bb4f1]
V  [jvm.dll+0x805ae8]
V  [jvm.dll+0x44effe]
V  [jvm.dll+0x450901]
C  [jli.dll+0x52a3]
C  [ucrtbase.dll+0x26c0c]
C  [KERNEL32.DLL+0x153e0]
C  [ntdll.dll+0x485b]


---------------  P R O C E S S  ---------------

Threads class SMR info:
_java_thread_list=0x00007fff93d89b88, length=0, elements={
}

Java Threads: ( => current thread )
Total: 0

Other Threads:
  0x000001be7bdaf620 WorkerThread "GC Thread#0"                     [id=3956, stack(0x0000002e42000000,0x0000002e42100000) (1024K)]
  0x000001be7bdc1440 ConcurrentGCThread "G1 Main Marker"            [id=6324, stack(0x0000002e42100000,0x0000002e42200000) (1024K)]
  0x000001be7bdc1e40 WorkerThread "G1 Conc#0"                       [id=9532, stack(0x0000002e42200000,0x0000002e42300000) (1024K)]

[error occurred during error reporting (printing all threads), id 0xc0000005, EXCEPTION_ACCESS_VIOLATION (0xc0000005) at pc=0x00007fff934fc2c7]
VM state: not at safepoint (not fully initialized)

VM Mutex/Monitor currently owned by a thread:  ([mutex/lock_event])
[0x00007fff93dfa6f8] Heap_lock - owner thread: 0x000001be79a3cc80

Heap address: 0x0000000702800000, size: 4056 MB, Compressed Oops mode: Zero based, Oop shift amount: 3

CDS archive(s) mapped at: [0x0000000000000000-0x0000000000000000-0x0000000000000000), size 0, SharedBaseAddress: 0x0000000800000000, ArchiveRelocationMode: 1.
Narrow klass base: 0x0000000000000000, Narrow klass shift: 0, Narrow klass range: 0x0

GC Precious Log:
 CardTable entry size: 512
 Card Set container configuration: InlinePtr #cards 4 size 8 Array Of Cards #cards 16 size 48 Howl #buckets 8 coarsen threshold 3686 Howl Bitmap #cards 512 size 80 coarsen threshold 460 Card regions per heap region 1 cards per card region 4096

Heap:
 garbage-first heap   total 0K, used 0K [0x0000000702800000, 0x0000000800000000)
  region size 2048K, 0 young (0K), 0 survivors (0K)

[error occurred during error reporting (printing heap information), id 0xc0000005, EXCEPTION_ACCESS_VIOLATION (0xc0000005) at pc=0x00007fff938e1be9]
GC Heap History (0 events):
No events

Dll operation events (1 events):
Event: 0.016 Loaded shared library C:\Program Files\Java\jdk-21\bin\java.dll

Deoptimization events (0 events):
No events

Classes loaded (0 events):
No events

Classes unloaded (0 events):
No events

Classes redefined (0 events):
No events

Internal exceptions (0 events):
No events

ZGC Phase Switch (0 events):
No events

VM Operations (0 events):
No events

Events (0 events):
No events


Dynamic libraries:
0x00007ff6caee0000 - 0x00007ff6caef0000 	C:\Program Files\Java\jdk-21\bin\java.exe
0x00007ff8162c0000 - 0x00007ff8164c9000 	C:\WINDOWS\SYSTEM32\ntdll.dll
0x00007ff814290000 - 0x00007ff81434d000 	C:\WINDOWS\System32\KERNEL32.DLL
0x00007ff813c40000 - 0x00007ff813fc4000 	C:\WINDOWS\System32\KERNELBASE.dll
0x00007ff813890000 - 0x00007ff8139a1000 	C:\WINDOWS\System32\ucrtbase.dll
0x00007fffe17a0000 - 0x00007fffe17bb000 	C:\Program Files\Java\jdk-21\bin\VCRUNTIME140.dll
0x00007fffe9360000 - 0x00007fffe9379000 	C:\Program Files\Java\jdk-21\bin\jli.dll
0x00007ff814ac0000 - 0x00007ff814b6e000 	C:\WINDOWS\System32\ADVAPI32.dll
0x00007ff8143b0000 - 0x00007ff814453000 	C:\WINDOWS\System32\msvcrt.dll
0x00007ff8141f0000 - 0x00007ff81428e000 	C:\WINDOWS\System32\sechost.dll
0x00007ff815950000 - 0x00007ff815a71000 	C:\WINDOWS\System32\RPCRT4.dll
0x00007ff815730000 - 0x00007ff8158dd000 	C:\WINDOWS\System32\USER32.dll
0x00007ff813860000 - 0x00007ff813886000 	C:\WINDOWS\System32\win32u.dll
0x00007ffffb660000 - 0x00007ffffb905000 	C:\WINDOWS\WinSxS\amd64_microsoft.windows.common-controls_6595b64144ccf1df_6.0.22000.120_none_9d947278b86cc467\COMCTL32.dll
0x00007ff815700000 - 0x00007ff81572a000 	C:\WINDOWS\System32\GDI32.dll
0x00007ff8139b0000 - 0x00007ff813ace000 	C:\WINDOWS\System32\gdi32full.dll
0x00007ff813750000 - 0x00007ff8137ed000 	C:\WINDOWS\System32\msvcp_win.dll
0x00007ff808ba0000 - 0x00007ff808baa000 	C:\WINDOWS\SYSTEM32\VERSION.dll
0x00007ff814680000 - 0x00007ff8146b1000 	C:\WINDOWS\System32\IMM32.DLL
0x00007ff804e20000 - 0x00007ff804e2c000 	C:\Program Files\Java\jdk-21\bin\vcruntime140_1.dll
0x00007fffb8f20000 - 0x00007fffb8fae000 	C:\Program Files\Java\jdk-21\bin\msvcp140.dll
0x00007fff931c0000 - 0x00007fff93ed5000 	C:\Program Files\Java\jdk-21\bin\server\jvm.dll
0x00007ff814610000 - 0x00007ff81467f000 	C:\WINDOWS\System32\WS2_32.dll
0x00007ff8127c0000 - 0x00007ff81280d000 	C:\WINDOWS\SYSTEM32\POWRPROF.dll
0x00007ff809ef0000 - 0x00007ff809f23000 	C:\WINDOWS\SYSTEM32\WINMM.dll
0x00007ff812740000 - 0x00007ff812753000 	C:\WINDOWS\SYSTEM32\UMPDC.dll
0x00007ff8128b0000 - 0x00007ff8128c8000 	C:\WINDOWS\SYSTEM32\kernel.appcore.dll
0x00007ffff4e50000 - 0x00007ffff4e5a000 	C:\Program Files\Java\jdk-21\bin\jimage.dll
0x00007ff808e80000 - 0x00007ff8090a1000 	C:\WINDOWS\SYSTEM32\DBGHELP.DLL
0x00007fffd8460000 - 0x00007fffd8491000 	C:\WINDOWS\SYSTEM32\dbgcore.DLL
0x00007ff813fd0000 - 0x00007ff81404f000 	C:\WINDOWS\System32\bcryptPrimitives.dll
0x00007ff80f610000 - 0x00007ff80f64c000 	C:\Program Files\Java\jdk-21\bin\jdwp.dll
0x00007fffe1720000 - 0x00007fffe173f000 	C:\Program Files\Java\jdk-21\bin\java.dll

dbghelp: loaded successfully - version: 4.0.5 - missing functions: none
symbol engine: initialized successfully - sym options: 0x614 - pdb path: .;C:\Program Files\Java\jdk-21\bin;C:\WINDOWS\SYSTEM32;C:\WINDOWS\WinSxS\amd64_microsoft.windows.common-controls_6595b64144ccf1df_6.0.22000.120_none_9d947278b86cc467;C:\Program Files\Java\jdk-21\bin\server

VM Arguments:
jvm_args: -agentlib:jdwp=transport=dt_socket,address=127.0.0.1:5986,suspend=y,server=n -Dfile.encoding=UTF-8 -Dsun.stdout.encoding=UTF-8 -Dsun.stderr.encoding=UTF-8 
java_command: Database
java_class_path (initial): C:\Scotti_Scholter_Marichal\UniversityMannheim\Wirtschaftsinformatik\5_Sevilla Semester\SSII\PAIs\SSII\PAI5\Server\target\classes;C:\Users\sscho\.m2\repository\org\xerial\sqlite-jdbc\3.44.1.0\sqlite-jdbc-3.44.1.0.jar;C:\Users\sscho\.m2\repository\org\slf4j\slf4j-api\1.7.5\slf4j-api-1.7.5.jar;C:\Users\sscho\.m2\repository\org\slf4j\slf4j-simple\1.6.4\slf4j-simple-1.6.4.jar;C:\Program Files\JetBrains\IntelliJ IDEA 2022.3.2\lib\idea_rt.jar
Launcher Type: SUN_STANDARD

[Global flags]
     intx CICompilerCount                          = 4                                         {product} {ergonomic}
     uint ConcGCThreads                            = 2                                         {product} {ergonomic}
     uint G1ConcRefinementThreads                  = 8                                         {product} {ergonomic}
   size_t G1HeapRegionSize                         = 2097152                                   {product} {ergonomic}
    uintx GCDrainStackTargetSize                   = 64                                        {product} {ergonomic}
   size_t InitialHeapSize                          = 266338304                                 {product} {ergonomic}
   size_t MarkStackSize                            = 4194304                                   {product} {ergonomic}
   size_t MaxHeapSize                              = 4253024256                                {product} {ergonomic}
   size_t MinHeapDeltaBytes                        = 2097152                                   {product} {ergonomic}
   size_t MinHeapSize                              = 8388608                                   {product} {ergonomic}
    uintx NonNMethodCodeHeapSize                   = 5839372                                {pd product} {ergonomic}
    uintx NonProfiledCodeHeapSize                  = 122909434                              {pd product} {ergonomic}
    uintx ProfiledCodeHeapSize                     = 122909434                              {pd product} {ergonomic}
    uintx ReservedCodeCacheSize                    = 251658240                              {pd product} {ergonomic}
     bool SegmentedCodeCache                       = true                                      {product} {ergonomic}
   size_t SoftMaxHeapSize                          = 4253024256                             {manageable} {ergonomic}
     bool UseCompressedOops                        = true                           {product lp64_product} {ergonomic}
     bool UseG1GC                                  = true                                      {product} {ergonomic}
     bool UseLargePagesIndividualAllocation        = false                                  {pd product} {ergonomic}

Logging:
Log output configuration:
 #0: stdout all=warning uptime,level,tags foldmultilines=false
 #1: stderr all=off uptime,level,tags foldmultilines=false

Environment Variables:
PATH=C:\Windows\system32;C:\Windows;C:\Windows\System32\Wbem;C:\Windows\System32\WindowsPowerShell\v1.0\;C:\Windows\System32\OpenSSH\;C:\Program Files (x86)\NVIDIA Corporation\PhysX\Common;C:\Program Files\NVIDIA Corporation\NVIDIA NvDLISR;C:\Program Files\Git\cmd;C:\WINDOWS\system32;C:\WINDOWS;C:\WINDOWS\System32\Wbem;C:\WINDOWS\System32\WindowsPowerShell\v1.0\;C:\WINDOWS\System32\OpenSSH\;C:\Program Files\Java\jdk-21\bin;C:\Program Files\dotnet\;C:\Users\sscho\AppData\Local\Programs\Python\Python39\Scripts\;C:\Users\sscho\AppData\Local\Programs\Python\Python39\;C:\Users\sscho\AppData\Local\Microsoft\WindowsApps;C:\Users\sscho\AppData\Local\Programs\Microsoft VS Code\bin;C:\Users\sscho\AppData\Local\GitHubDesktop\bin;C:\sqlite;C:\Users\Screencast\apache-maven-3.9.0\bin;;C:\Users\sscho\AppData\Local\Programs\Julia-1.9.3\bin
USERNAME=sscho
OS=Windows_NT
PROCESSOR_IDENTIFIER=Intel64 Family 6 Model 142 Stepping 12, GenuineIntel
TMP=C:\Users\sscho\AppData\Local\Temp
TEMP=C:\Users\sscho\AppData\Local\Temp




Periodic native trim disabled

---------------  S Y S T E M  ---------------

OS:
 Windows 11 , 64 bit Build 22000 (10.0.22000.2538)
OS uptime: 0 days 1:23 hours

CPU: total 8 (initial active 8) (4 cores per cpu, 2 threads per core) family 6 model 142 stepping 12 microcode 0xde, cx8, cmov, fxsr, ht, mmx, 3dnowpref, sse, sse2, sse3, ssse3, sse4.1, sse4.2, popcnt, lzcnt, tsc, tscinvbit, avx, avx2, aes, erms, clmul, bmi1, bmi2, adx, fma, vzeroupper, clflush, clflushopt, rdtscp, f16c
Processor Information for processor 0
  Max Mhz: 2112, Current Mhz: 1508, Mhz Limit: 1605
Processor Information for processor 1
  Max Mhz: 2112, Current Mhz: 1609, Mhz Limit: 1605
Processor Information for processor 2
  Max Mhz: 2112, Current Mhz: 1508, Mhz Limit: 1605
Processor Information for processor 3
  Max Mhz: 2112, Current Mhz: 1609, Mhz Limit: 1605
Processor Information for processor 4
  Max Mhz: 2112, Current Mhz: 1508, Mhz Limit: 1605
Processor Information for processor 5
  Max Mhz: 2112, Current Mhz: 1609, Mhz Limit: 1605
Processor Information for processor 6
  Max Mhz: 2112, Current Mhz: 1609, Mhz Limit: 1605
Processor Information for processor 7
  Max Mhz: 2112, Current Mhz: 1609, Mhz Limit: 1605

Memory: 4k page, system-wide physical 16219M (4922M free)
TotalPageFile size 16219M (AvailPageFile size 238M)
current process WorkingSet (physical memory assigned to process): 11M, peak: 11M
current process commit charge ("private bytes"): 60M, peak: 314M

vm_info: Java HotSpot(TM) 64-Bit Server VM (21.0.1+12-LTS-29) for windows-amd64 JRE (21.0.1+12-LTS-29), built on 2023-10-05T13:27:09Z by "mach5one" with MS VC++ 17.1 (VS2022)

END.
