#
# There is insufficient memory for the Java Runtime Environment to continue.
# Native memory allocation (malloc) failed to allocate 2070416 bytes for Chunk::new
# Possible reasons:
#   The system is out of physical RAM or swap space
#   The process is running with CompressedOops enabled, and the Java Heap may be blocking the growth of the native heap
# Possible solutions:
#   Reduce memory load on the system
#   Increase physical memory or swap space
#   Check if swap backing store is full
#   Decrease Java heap size (-Xmx/-Xms)
#   Decrease number of Java threads
#   Decrease Java thread stack sizes (-Xss)
#   Set larger code cache with -XX:ReservedCodeCacheSize=
#   JVM is running with Unscaled Compressed Oops mode in which the Java heap is
#     placed in the first 4GB address space. The Java Heap base address is the
#     maximum limit for the native heap growth. Please use -XX:HeapBaseMinAddress
#     to set the Java Heap base and to place the Java Heap above 4GB virtual address.
# This output file may be truncated or incomplete.
#
#  Out of Memory Error (arena.cpp:189), pid=2144, tid=18920
#
# JRE version: OpenJDK Runtime Environment (17.0.6) (build 17.0.6+0-b2043.56-10027231)
# Java VM: OpenJDK 64-Bit Server VM (17.0.6+0-b2043.56-10027231, mixed mode, tiered, compressed oops, compressed class ptrs, g1 gc, windows-amd64)
# No core dump will be written. Minidumps are not enabled by default on client versions of Windows
#

---------------  S U M M A R Y ------------

Command Line: --add-exports=java.base/sun.nio.ch=ALL-UNNAMED --add-opens=java.base/java.lang=ALL-UNNAMED --add-opens=java.base/java.lang.reflect=ALL-UNNAMED --add-opens=java.base/java.io=ALL-UNNAMED --add-exports=jdk.unsupported/sun.misc=ALL-UNNAMED --add-opens=java.base/java.util=ALL-UNNAMED --add-opens=java.base/java.lang=ALL-UNNAMED --add-opens=java.base/java.lang.invoke=ALL-UNNAMED --add-opens=java.base/java.util=ALL-UNNAMED --add-opens=java.prefs/java.util.prefs=ALL-UNNAMED --add-opens=java.prefs/java.util.prefs=ALL-UNNAMED --add-opens=java.base/java.nio.charset=ALL-UNNAMED --add-opens=java.base/java.net=ALL-UNNAMED --add-opens=java.base/java.util.concurrent.atomic=ALL-UNNAMED -Xmx1536m -Dfile.encoding=windows-1252 -Duser.country=GB -Duser.language=en -Duser.variant org.gradle.launcher.daemon.bootstrap.GradleDaemon 7.2

Host: Intel(R) Core(TM) i5-10210U CPU @ 1.60GHz, 8 cores, 15G,  Windows 11 , 64 bit Build 22000 (10.0.22000.2538)
Time: Sun Dec  3 16:39:11 2023 W. Europe Standard Time elapsed time: 725.891979 seconds (0d 0h 12m 5s)

---------------  T H R E A D  ---------------

Current thread (0x000001bd107c0940):  JavaThread "C2 CompilerThread1" daemon [_thread_in_native, id=18920, stack(0x000000b005d00000,0x000000b005e00000)]


Current CompileTask:
C2: 725892 15821       4       org.gradle.api.internal.artifacts.transform.DefaultTransformedVariantFactory::transformedExternalArtifacts (14 bytes)

Stack: [0x000000b005d00000,0x000000b005e00000]
Native frames: (J=compiled Java code, j=interpreted, Vv=VM code, C=native code)
V  [jvm.dll+0x683c9a]
V  [jvm.dll+0x8427a4]
V  [jvm.dll+0x843f9e]
V  [jvm.dll+0x844603]
V  [jvm.dll+0x249b75]
V  [jvm.dll+0xabcac]
V  [jvm.dll+0xac27c]
V  [jvm.dll+0x368802]
V  [jvm.dll+0x332f31]
V  [jvm.dll+0x3323da]
V  [jvm.dll+0x21c201]
V  [jvm.dll+0x21b621]
V  [jvm.dll+0x1a4fdd]
V  [jvm.dll+0x22b098]
V  [jvm.dll+0x229159]
V  [jvm.dll+0x7f81ec]
V  [jvm.dll+0x7f274a]
V  [jvm.dll+0x682ad5]
C  [ucrtbase.dll+0x26c0c]
C  [KERNEL32.DLL+0x153e0]
C  [ntdll.dll+0x485b]


---------------  P R O C E S S  ---------------

Threads class SMR info:
_java_thread_list=0x000001bd1365cb70, length=142, elements={
0x000001bd74fae090, 0x000001bd7f450cf0, 0x000001bd7f455b80, 0x000001bd7f4a36a0,
0x000001bd7f4a5f70, 0x000001bd7f4a6830, 0x000001bd7f4a71e0, 0x000001bd7f4ab470,
0x000001bd7f4bd4f0, 0x000001bd7f4ca520, 0x000001bd7f613780, 0x000001bd7f615cd0,
0x000001bd11437ce0, 0x000001bd7f6fcb40, 0x000001bd1137a820, 0x000001bd11ca0ba0,
0x000001bd116813e0, 0x000001bd1167f230, 0x000001bd1167f700, 0x000001bd1167b3a0,
0x000001bd116800a0, 0x000001bd1167da20, 0x000001bd1167bd40, 0x000001bd11680570,
0x000001bd11682720, 0x000001bd1167aed0, 0x000001bd1167ed60, 0x000001bd14e13c10,
0x000001bd0f1f66b0, 0x000001bd0f1fa540, 0x000001bd0f1f49d0, 0x000001bd0f1faa10,
0x000001bd0f1f6b80, 0x000001bd0f1f8d30, 0x000001bd0f1f7520, 0x000001bd0f1f61e0,
0x000001bd0f1f9200, 0x000001bd0f1f79f0, 0x000001bd0f1fb3b0, 0x000001bd0f1f96d0,
0x000001bd0f1fb880, 0x000001bd0f1fbd50, 0x000001bd0f1f5370, 0x000001bd0f1f4500,
0x000001bd0f1f7ec0, 0x000001bd0f1f8390, 0x000001bd14e0fd80, 0x000001bd14e0e570,
0x000001bd14e10bf0, 0x000001bd14e11f30, 0x000001bd14e11590, 0x000001bd14e140e0,
0x000001bd14e13740, 0x000001bd14e11a60, 0x000001bd14e12da0, 0x000001bd14e12400,
0x000001bd14e0d700, 0x000001bd14e0ef10, 0x000001bd14e10250, 0x000001bd14e0f8b0,
0x000001bd14e128d0, 0x000001bd14e13270, 0x000001bd14e145b0, 0x000001bd14e10720,
0x000001bd14e14a80, 0x000001bd14e0d230, 0x000001bd14e0e0a0, 0x000001bd14e0ea40,
0x000001bd14e110c0, 0x000001bd14e0f3e0, 0x000001bd19d4df70, 0x000001bd19d4f2b0,
0x000001bd19d4b420, 0x000001bd19d4bdc0, 0x000001bd19d4ede0, 0x000001bd19d49c10,
0x000001bd19d4a0e0, 0x000001bd19d4e440, 0x000001bd19d4d100, 0x000001bd19d4c290,
0x000001bd19d505f0, 0x000001bd19d4cc30, 0x000001bd19d4af50, 0x000001bd19d4a5b0,
0x000001bd19d4c760, 0x000001bd19d4d5d0, 0x000001bd19d4daa0, 0x000001bd19d4e910,
0x000001bd19d4f780, 0x000001bd19d49740, 0x000001bd19d48da0, 0x000001bd19d4fc50,
0x000001bd19d50120, 0x000001bd19d49270, 0x000001bd14dc6a40, 0x000001bd14dc9f30,
0x000001bd14dca400, 0x000001bd14dcada0, 0x000001bd14dc6f10, 0x000001bd14dc8bf0,
0x000001bd14dcca80, 0x000001bd14dca8d0, 0x000001bd14dc8720, 0x000001bd14dc90c0,
0x000001bd14dcc5b0, 0x000001bd14dc9a60, 0x000001bd14dc78b0, 0x000001bd14dcb270,
0x000001bd14dcb740, 0x000001bd14dcbc10, 0x000001bd14dcc0e0, 0x000001bd14dc73e0,
0x000001bd14dc5230, 0x000001bd14dc5700, 0x000001bd14dc5bd0, 0x000001bd14dc60a0,
0x000001bd14dc7d80, 0x000001bd14dc8250, 0x000001bd19cf63f0, 0x000001bd19cf6d90,
0x000001bd19cf1220, 0x000001bd19cf0d50, 0x000001bd19cf7260, 0x000001bd19cf2560,
0x000001bd107c0940, 0x000001bd107c0e50, 0x000001bd19cf16f0, 0x000001bd19cf5580,
0x000001bd19cf1bc0, 0x000001bd19cf2090, 0x000001bd19cf2a30, 0x000001bd19cf68c0,
0x000001bd19cf7730, 0x000001bd19cf4710, 0x000001bd19cf2f00, 0x000001bd19cf33d0,
0x000001bd19cf3d70, 0x000001bd1167fbd0, 0x000001bd11681d80, 0x000001bd1167c210,
0x000001bd1167cbb0, 0x000001bd1167d080
}

Java Threads: ( => current thread )
  0x000001bd74fae090 JavaThread "main" [_thread_blocked, id=9852, stack(0x000000b076500000,0x000000b076600000)]
  0x000001bd7f450cf0 JavaThread "Reference Handler" daemon [_thread_blocked, id=7044, stack(0x000000b076c00000,0x000000b076d00000)]
  0x000001bd7f455b80 JavaThread "Finalizer" daemon [_thread_blocked, id=13056, stack(0x000000b076d00000,0x000000b076e00000)]
  0x000001bd7f4a36a0 JavaThread "Signal Dispatcher" daemon [_thread_blocked, id=15372, stack(0x000000b076e00000,0x000000b076f00000)]
  0x000001bd7f4a5f70 JavaThread "Attach Listener" daemon [_thread_blocked, id=10460, stack(0x000000b076f00000,0x000000b077000000)]
  0x000001bd7f4a6830 JavaThread "Service Thread" daemon [_thread_blocked, id=5384, stack(0x000000b077000000,0x000000b077100000)]
  0x000001bd7f4a71e0 JavaThread "Monitor Deflation Thread" daemon [_thread_blocked, id=16056, stack(0x000000b077100000,0x000000b077200000)]
  0x000001bd7f4ab470 JavaThread "C2 CompilerThread0" daemon [_thread_in_native, id=5852, stack(0x000000b077200000,0x000000b077300000)]
  0x000001bd7f4bd4f0 JavaThread "C1 CompilerThread0" daemon [_thread_blocked, id=3128, stack(0x000000b077300000,0x000000b077400000)]
  0x000001bd7f4ca520 JavaThread "Sweeper thread" daemon [_thread_blocked, id=20844, stack(0x000000b077400000,0x000000b077500000)]
  0x000001bd7f613780 JavaThread "Common-Cleaner" daemon [_thread_blocked, id=1964, stack(0x000000b077500000,0x000000b077600000)]
  0x000001bd7f615cd0 JavaThread "Notification Thread" daemon [_thread_blocked, id=4484, stack(0x000000b077600000,0x000000b077700000)]
  0x000001bd11437ce0 JavaThread "Daemon health stats" [_thread_blocked, id=16096, stack(0x000000b077f00000,0x000000b078000000)]
  0x000001bd7f6fcb40 JavaThread "Incoming local TCP Connector on port 50478" [_thread_in_native, id=18676, stack(0x000000b077800000,0x000000b077900000)]
  0x000001bd1137a820 JavaThread "Daemon periodic checks" [_thread_blocked, id=15836, stack(0x000000b077900000,0x000000b077a00000)]
  0x000001bd11ca0ba0 JavaThread "Cache worker for journal cache (C:\Users\sscho\.gradle\caches\journal-1)" [_thread_blocked, id=2544, stack(0x000000b078a00000,0x000000b078b00000)]
  0x000001bd116813e0 JavaThread "File lock request listener" [_thread_in_native, id=18632, stack(0x000000b078b00000,0x000000b078c00000)]
  0x000001bd1167f230 JavaThread "Cache worker for file hash cache (C:\Users\sscho\.gradle\caches\7.2\fileHashes)" [_thread_blocked, id=9572, stack(0x000000b078c00000,0x000000b078d00000)]
  0x000001bd1167f700 JavaThread "File watcher server" daemon [_thread_in_native, id=17516, stack(0x000000b079000000,0x000000b079100000)]
  0x000001bd1167b3a0 JavaThread "File watcher consumer" daemon [_thread_blocked, id=10728, stack(0x000000b079100000,0x000000b079200000)]
  0x000001bd116800a0 JavaThread "Cache worker for execution history cache (C:\Users\sscho\.gradle\caches\7.2\executionHistory)" [_thread_blocked, id=15056, stack(0x000000b079500000,0x000000b079600000)]
  0x000001bd1167da20 JavaThread "jar transforms" [_thread_blocked, id=14864, stack(0x000000b079600000,0x000000b079700000)]
  0x000001bd1167bd40 JavaThread "jar transforms Thread 2" [_thread_blocked, id=20508, stack(0x000000b079700000,0x000000b079800000)]
  0x000001bd11680570 JavaThread "Cache worker for file content cache (C:\Users\sscho\.gradle\caches\7.2\fileContent)" [_thread_blocked, id=4832, stack(0x000000b079800000,0x000000b079900000)]
  0x000001bd11682720 JavaThread "jar transforms Thread 3" [_thread_blocked, id=16804, stack(0x000000b079900000,0x000000b079a00000)]
  0x000001bd1167aed0 JavaThread "jar transforms Thread 4" [_thread_blocked, id=16760, stack(0x000000b079a00000,0x000000b079b00000)]
  0x000001bd1167ed60 JavaThread "jar transforms Thread 5" [_thread_blocked, id=2940, stack(0x000000b078f00000,0x000000b079000000)]
  0x000001bd14e13c10 JavaThread "jar transforms Thread 6" [_thread_blocked, id=9880, stack(0x000000b07ee00000,0x000000b07ef00000)]
  0x000001bd0f1f66b0 JavaThread "jar transforms Thread 7" [_thread_blocked, id=2068, stack(0x000000b07ef00000,0x000000b07f000000)]
  0x000001bd0f1fa540 JavaThread "jar transforms Thread 8" [_thread_blocked, id=13524, stack(0x000000b07f000000,0x000000b07f100000)]
  0x000001bd0f1f49d0 JavaThread "Memory manager" [_thread_blocked, id=12140, stack(0x000000b07f200000,0x000000b07f300000)]
  0x000001bd0f1faa10 JavaThread "Daemon Thread 4" [_thread_blocked, id=20156, stack(0x000000b000000000,0x000000b000100000)]
  0x000001bd0f1f6b80 JavaThread "Handler for socket connection from /127.0.0.1:50478 to /127.0.0.1:51093" [_thread_in_native, id=15464, stack(0x000000b000100000,0x000000b000200000)]
  0x000001bd0f1f8d30 JavaThread "Cancel handler" [_thread_blocked, id=868, stack(0x000000b000200000,0x000000b000300000)]
  0x000001bd0f1f7520 JavaThread "Daemon worker Thread 4" [_thread_blocked, id=10156, stack(0x000000b000300000,0x000000b000400000)]
  0x000001bd0f1f61e0 JavaThread "Asynchronous log dispatcher for DefaultDaemonConnection: socket connection from /127.0.0.1:50478 to /127.0.0.1:51093" [_thread_blocked, id=12832, stack(0x000000b000400000,0x000000b000500000)]
  0x000001bd0f1f9200 JavaThread "Stdin handler" [_thread_blocked, id=5112, stack(0x000000b000500000,0x000000b000600000)]
  0x000001bd0f1f79f0 JavaThread "Daemon client event forwarder" [_thread_blocked, id=15104, stack(0x000000b000600000,0x000000b000700000)]
  0x000001bd0f1fb3b0 JavaThread "Cache worker for file hash cache (C:\Scotti_Scholter_Marichal\UniversityMannheim\Wirtschaftsinformatik\5_Sevilla Semester\SSII\PAIs\SSII\PAI5\MyApplication\.gradle\7.2\fileHashes)" [_thread_blocked, id=12864, stack(0x000000b000700000,0x000000b000800000)]
  0x000001bd0f1f96d0 JavaThread "Cache worker for checksums cache (C:\Scotti_Scholter_Marichal\UniversityMannheim\Wirtschaftsinformatik\5_Sevilla Semester\SSII\PAIs\SSII\PAI5\MyApplication\.gradle\checksums)" [_thread_blocked, id=4836, stack(0x000000b000800000,0x000000b000900000)]
  0x000001bd0f1fb880 JavaThread "Cache worker for cache directory md-supplier (C:\Users\sscho\.gradle\caches\7.2\md-supplier)" [_thread_blocked, id=20456, stack(0x000000b000900000,0x000000b000a00000)]
  0x000001bd0f1fbd50 JavaThread "Cache worker for cache directory md-rule (C:\Users\sscho\.gradle\caches\7.2\md-rule)" [_thread_blocked, id=5144, stack(0x000000b000a00000,0x000000b000b00000)]
  0x000001bd0f1f5370 JavaThread "Cache worker for dependencies-accessors (C:\Scotti_Scholter_Marichal\UniversityMannheim\Wirtschaftsinformatik\5_Sevilla Semester\SSII\PAIs\SSII\PAI5\MyApplication\.gradle\7.2\dependencies-accessors)" [_thread_blocked, id=20464, stack(0x000000b000b00000,0x000000b000c00000)]
  0x000001bd0f1f4500 JavaThread "Cache worker for Build Output Cleanup Cache (C:\Scotti_Scholter_Marichal\UniversityMannheim\Wirtschaftsinformatik\5_Sevilla Semester\SSII\PAIs\SSII\PAI5\MyApplication\.gradle\buildOutputCleanup)" [_thread_blocked, id=22740, stack(0x000000b000c00000,0x000000b000d00000)]
  0x000001bd0f1f7ec0 JavaThread "Unconstrained build operations" [_thread_blocked, id=16724, stack(0x000000b000d00000,0x000000b000e00000)]
  0x000001bd0f1f8390 JavaThread "Unconstrained build operations Thread 2" [_thread_blocked, id=22564, stack(0x000000b000e00000,0x000000b000f00000)]
  0x000001bd14e0fd80 JavaThread "Unconstrained build operations Thread 3" [_thread_blocked, id=22908, stack(0x000000b000f00000,0x000000b001000000)]
  0x000001bd14e0e570 JavaThread "Unconstrained build operations Thread 4" [_thread_blocked, id=18332, stack(0x000000b001000000,0x000000b001100000)]
  0x000001bd14e10bf0 JavaThread "Unconstrained build operations Thread 5" [_thread_blocked, id=19896, stack(0x000000b001100000,0x000000b001200000)]
  0x000001bd14e11f30 JavaThread "Unconstrained build operations Thread 6" [_thread_blocked, id=15036, stack(0x000000b001200000,0x000000b001300000)]
  0x000001bd14e11590 JavaThread "Unconstrained build operations Thread 7" [_thread_blocked, id=2220, stack(0x000000b001300000,0x000000b001400000)]
  0x000001bd14e140e0 JavaThread "Unconstrained build operations Thread 8" [_thread_blocked, id=3816, stack(0x000000b001400000,0x000000b001500000)]
  0x000001bd14e13740 JavaThread "Unconstrained build operations Thread 9" [_thread_blocked, id=13220, stack(0x000000b001500000,0x000000b001600000)]
  0x000001bd14e11a60 JavaThread "Unconstrained build operations Thread 10" [_thread_blocked, id=18152, stack(0x000000b001600000,0x000000b001700000)]
  0x000001bd14e12da0 JavaThread "Unconstrained build operations Thread 11" [_thread_blocked, id=7584, stack(0x000000b001700000,0x000000b001800000)]
  0x000001bd14e12400 JavaThread "Unconstrained build operations Thread 12" [_thread_blocked, id=20276, stack(0x000000b001800000,0x000000b001900000)]
  0x000001bd14e0d700 JavaThread "Unconstrained build operations Thread 13" [_thread_blocked, id=15560, stack(0x000000b001900000,0x000000b001a00000)]
  0x000001bd14e0ef10 JavaThread "Unconstrained build operations Thread 14" [_thread_blocked, id=16488, stack(0x000000b001a00000,0x000000b001b00000)]
  0x000001bd14e10250 JavaThread "Unconstrained build operations Thread 15" [_thread_blocked, id=19016, stack(0x000000b001b00000,0x000000b001c00000)]
  0x000001bd14e0f8b0 JavaThread "Unconstrained build operations Thread 16" [_thread_blocked, id=11164, stack(0x000000b001c00000,0x000000b001d00000)]
  0x000001bd14e128d0 JavaThread "Unconstrained build operations Thread 17" [_thread_blocked, id=13516, stack(0x000000b001d00000,0x000000b001e00000)]
  0x000001bd14e13270 JavaThread "Unconstrained build operations Thread 18" [_thread_blocked, id=4192, stack(0x000000b001e00000,0x000000b001f00000)]
  0x000001bd14e145b0 JavaThread "Unconstrained build operations Thread 19" [_thread_blocked, id=4904, stack(0x000000b001f00000,0x000000b002000000)]
  0x000001bd14e10720 JavaThread "Unconstrained build operations Thread 20" [_thread_blocked, id=6592, stack(0x000000b002000000,0x000000b002100000)]
  0x000001bd14e14a80 JavaThread "Unconstrained build operations Thread 21" [_thread_blocked, id=1748, stack(0x000000b002100000,0x000000b002200000)]
  0x000001bd14e0d230 JavaThread "Unconstrained build operations Thread 22" [_thread_blocked, id=2732, stack(0x000000b002200000,0x000000b002300000)]
  0x000001bd14e0e0a0 JavaThread "Unconstrained build operations Thread 23" [_thread_blocked, id=2572, stack(0x000000b002300000,0x000000b002400000)]
  0x000001bd14e0ea40 JavaThread "Unconstrained build operations Thread 24" [_thread_blocked, id=2848, stack(0x000000b002400000,0x000000b002500000)]
  0x000001bd14e110c0 JavaThread "Unconstrained build operations Thread 25" [_thread_blocked, id=22844, stack(0x000000b002500000,0x000000b002600000)]
  0x000001bd14e0f3e0 JavaThread "Unconstrained build operations Thread 26" [_thread_blocked, id=2104, stack(0x000000b002600000,0x000000b002700000)]
  0x000001bd19d4df70 JavaThread "Unconstrained build operations Thread 27" [_thread_blocked, id=12940, stack(0x000000b002700000,0x000000b002800000)]
  0x000001bd19d4f2b0 JavaThread "Unconstrained build operations Thread 28" [_thread_blocked, id=22580, stack(0x000000b002800000,0x000000b002900000)]
  0x000001bd19d4b420 JavaThread "Unconstrained build operations Thread 29" [_thread_blocked, id=20444, stack(0x000000b002900000,0x000000b002a00000)]
  0x000001bd19d4bdc0 JavaThread "Unconstrained build operations Thread 30" [_thread_blocked, id=20300, stack(0x000000b002a00000,0x000000b002b00000)]
  0x000001bd19d4ede0 JavaThread "Unconstrained build operations Thread 31" [_thread_blocked, id=20308, stack(0x000000b002b00000,0x000000b002c00000)]
  0x000001bd19d49c10 JavaThread "Unconstrained build operations Thread 32" [_thread_blocked, id=12736, stack(0x000000b002c00000,0x000000b002d00000)]
  0x000001bd19d4a0e0 JavaThread "Unconstrained build operations Thread 33" [_thread_blocked, id=8132, stack(0x000000b002d00000,0x000000b002e00000)]
  0x000001bd19d4e440 JavaThread "Unconstrained build operations Thread 34" [_thread_blocked, id=8752, stack(0x000000b002e00000,0x000000b002f00000)]
  0x000001bd19d4d100 JavaThread "Unconstrained build operations Thread 35" [_thread_blocked, id=16084, stack(0x000000b002f00000,0x000000b003000000)]
  0x000001bd19d4c290 JavaThread "Unconstrained build operations Thread 36" [_thread_blocked, id=1736, stack(0x000000b003000000,0x000000b003100000)]
  0x000001bd19d505f0 JavaThread "Unconstrained build operations Thread 37" [_thread_blocked, id=2032, stack(0x000000b003100000,0x000000b003200000)]
  0x000001bd19d4cc30 JavaThread "Unconstrained build operations Thread 38" [_thread_blocked, id=3012, stack(0x000000b003200000,0x000000b003300000)]
  0x000001bd19d4af50 JavaThread "Unconstrained build operations Thread 39" [_thread_blocked, id=10884, stack(0x000000b003300000,0x000000b003400000)]
  0x000001bd19d4a5b0 JavaThread "Unconstrained build operations Thread 40" [_thread_blocked, id=18396, stack(0x000000b003400000,0x000000b003500000)]
  0x000001bd19d4c760 JavaThread "Unconstrained build operations Thread 41" [_thread_blocked, id=13788, stack(0x000000b003500000,0x000000b003600000)]
  0x000001bd19d4d5d0 JavaThread "Unconstrained build operations Thread 42" [_thread_blocked, id=20424, stack(0x000000b003600000,0x000000b003700000)]
  0x000001bd19d4daa0 JavaThread "Unconstrained build operations Thread 43" [_thread_blocked, id=2344, stack(0x000000b003700000,0x000000b003800000)]
  0x000001bd19d4e910 JavaThread "Unconstrained build operations Thread 44" [_thread_blocked, id=20000, stack(0x000000b003800000,0x000000b003900000)]
  0x000001bd19d4f780 JavaThread "Unconstrained build operations Thread 45" [_thread_blocked, id=18784, stack(0x000000b003900000,0x000000b003a00000)]
  0x000001bd19d49740 JavaThread "Unconstrained build operations Thread 46" [_thread_blocked, id=3628, stack(0x000000b003a00000,0x000000b003b00000)]
  0x000001bd19d48da0 JavaThread "Unconstrained build operations Thread 47" [_thread_blocked, id=21660, stack(0x000000b003b00000,0x000000b003c00000)]
  0x000001bd19d4fc50 JavaThread "Unconstrained build operations Thread 48" [_thread_blocked, id=9624, stack(0x000000b003c00000,0x000000b003d00000)]
  0x000001bd19d50120 JavaThread "Unconstrained build operations Thread 49" [_thread_blocked, id=3096, stack(0x000000b003d00000,0x000000b003e00000)]
  0x000001bd19d49270 JavaThread "Unconstrained build operations Thread 50" [_thread_blocked, id=14588, stack(0x000000b003e00000,0x000000b003f00000)]
  0x000001bd14dc6a40 JavaThread "Unconstrained build operations Thread 51" [_thread_blocked, id=18136, stack(0x000000b003f00000,0x000000b004000000)]
  0x000001bd14dc9f30 JavaThread "Unconstrained build operations Thread 52" [_thread_blocked, id=7516, stack(0x000000b004000000,0x000000b004100000)]
  0x000001bd14dca400 JavaThread "Unconstrained build operations Thread 53" [_thread_blocked, id=21732, stack(0x000000b004100000,0x000000b004200000)]
  0x000001bd14dcada0 JavaThread "Unconstrained build operations Thread 54" [_thread_blocked, id=2152, stack(0x000000b004200000,0x000000b004300000)]
  0x000001bd14dc6f10 JavaThread "Unconstrained build operations Thread 55" [_thread_blocked, id=8320, stack(0x000000b004300000,0x000000b004400000)]
  0x000001bd14dc8bf0 JavaThread "Unconstrained build operations Thread 56" [_thread_blocked, id=22976, stack(0x000000b004400000,0x000000b004500000)]
  0x000001bd14dcca80 JavaThread "Unconstrained build operations Thread 57" [_thread_blocked, id=3076, stack(0x000000b004500000,0x000000b004600000)]
  0x000001bd14dca8d0 JavaThread "Unconstrained build operations Thread 58" [_thread_blocked, id=11992, stack(0x000000b004600000,0x000000b004700000)]
  0x000001bd14dc8720 JavaThread "Unconstrained build operations Thread 59" [_thread_blocked, id=8116, stack(0x000000b004700000,0x000000b004800000)]
  0x000001bd14dc90c0 JavaThread "Unconstrained build operations Thread 60" [_thread_blocked, id=23116, stack(0x000000b004800000,0x000000b004900000)]
  0x000001bd14dcc5b0 JavaThread "Unconstrained build operations Thread 61" [_thread_blocked, id=23140, stack(0x000000b004900000,0x000000b004a00000)]
  0x000001bd14dc9a60 JavaThread "Unconstrained build operations Thread 62" [_thread_blocked, id=23040, stack(0x000000b004a00000,0x000000b004b00000)]
  0x000001bd14dc78b0 JavaThread "Unconstrained build operations Thread 63" [_thread_blocked, id=5864, stack(0x000000b004b00000,0x000000b004c00000)]
  0x000001bd14dcb270 JavaThread "Unconstrained build operations Thread 64" [_thread_blocked, id=2232, stack(0x000000b004c00000,0x000000b004d00000)]
  0x000001bd14dcb740 JavaThread "Unconstrained build operations Thread 65" [_thread_blocked, id=14776, stack(0x000000b004d00000,0x000000b004e00000)]
  0x000001bd14dcbc10 JavaThread "Unconstrained build operations Thread 66" [_thread_blocked, id=11356, stack(0x000000b004e00000,0x000000b004f00000)]
  0x000001bd14dcc0e0 JavaThread "Unconstrained build operations Thread 67" [_thread_blocked, id=21120, stack(0x000000b004f00000,0x000000b005000000)]
  0x000001bd14dc73e0 JavaThread "Unconstrained build operations Thread 68" [_thread_blocked, id=20292, stack(0x000000b005000000,0x000000b005100000)]
  0x000001bd14dc5230 JavaThread "Unconstrained build operations Thread 69" [_thread_blocked, id=22912, stack(0x000000b005100000,0x000000b005200000)]
  0x000001bd14dc5700 JavaThread "Unconstrained build operations Thread 70" [_thread_blocked, id=9240, stack(0x000000b005200000,0x000000b005300000)]
  0x000001bd14dc5bd0 JavaThread "Unconstrained build operations Thread 71" [_thread_blocked, id=7848, stack(0x000000b005300000,0x000000b005400000)]
  0x000001bd14dc60a0 JavaThread "Unconstrained build operations Thread 72" [_thread_blocked, id=22636, stack(0x000000b005400000,0x000000b005500000)]
  0x000001bd14dc7d80 JavaThread "Unconstrained build operations Thread 73" [_thread_blocked, id=7836, stack(0x000000b005500000,0x000000b005600000)]
  0x000001bd14dc8250 JavaThread "Unconstrained build operations Thread 74" [_thread_blocked, id=23468, stack(0x000000b005600000,0x000000b005700000)]
  0x000001bd19cf63f0 JavaThread "Unconstrained build operations Thread 75" [_thread_blocked, id=20396, stack(0x000000b005700000,0x000000b005800000)]
  0x000001bd19cf6d90 JavaThread "Unconstrained build operations Thread 76" [_thread_blocked, id=12948, stack(0x000000b005800000,0x000000b005900000)]
  0x000001bd19cf1220 JavaThread "Unconstrained build operations Thread 77" [_thread_blocked, id=21664, stack(0x000000b005900000,0x000000b005a00000)]
  0x000001bd19cf0d50 JavaThread "Unconstrained build operations Thread 78" [_thread_blocked, id=12136, stack(0x000000b005a00000,0x000000b005b00000)]
  0x000001bd19cf7260 JavaThread "Unconstrained build operations Thread 79" [_thread_blocked, id=20468, stack(0x000000b005b00000,0x000000b005c00000)]
  0x000001bd19cf2560 JavaThread "Unconstrained build operations Thread 80" [_thread_blocked, id=17776, stack(0x000000b005c00000,0x000000b005d00000)]
=>0x000001bd107c0940 JavaThread "C2 CompilerThread1" daemon [_thread_in_native, id=18920, stack(0x000000b005d00000,0x000000b005e00000)]
  0x000001bd107c0e50 JavaThread "C2 CompilerThread2" daemon [_thread_in_native, id=8484, stack(0x000000b005e00000,0x000000b005f00000)]
  0x000001bd19cf16f0 JavaThread "build event listener" [_thread_blocked, id=23216, stack(0x000000b005f00000,0x000000b006000000)]
  0x000001bd19cf5580 JavaThread "build event listener" [_thread_blocked, id=17432, stack(0x000000b006000000,0x000000b006100000)]
  0x000001bd19cf1bc0 JavaThread "Execution worker for ':'" [_thread_blocked, id=5332, stack(0x000000b006100000,0x000000b006200000)]
  0x000001bd19cf2090 JavaThread "Execution worker for ':' Thread 2" [_thread_blocked, id=8764, stack(0x000000b006200000,0x000000b006300000)]
  0x000001bd19cf2a30 JavaThread "Execution worker for ':' Thread 3" [_thread_blocked, id=18216, stack(0x000000b006300000,0x000000b006400000)]
  0x000001bd19cf68c0 JavaThread "Execution worker for ':' Thread 4" [_thread_blocked, id=17696, stack(0x000000b006400000,0x000000b006500000)]
  0x000001bd19cf7730 JavaThread "Execution worker for ':' Thread 5" [_thread_blocked, id=17644, stack(0x000000b006500000,0x000000b006600000)]
  0x000001bd19cf4710 JavaThread "Execution worker for ':' Thread 6" [_thread_blocked, id=1308, stack(0x000000b006600000,0x000000b006700000)]
  0x000001bd19cf2f00 JavaThread "Execution worker for ':' Thread 7" [_thread_blocked, id=17692, stack(0x000000b006700000,0x000000b006800000)]
  0x000001bd19cf33d0 JavaThread "Cache worker for execution history cache (C:\Scotti_Scholter_Marichal\UniversityMannheim\Wirtschaftsinformatik\5_Sevilla Semester\SSII\PAIs\SSII\PAI5\MyApplication\.gradle\7.2\executionHistory)" [_thread_blocked, id=17640, stack(0x000000b006800000,0x000000b006900000)]
  0x000001bd19cf3d70 JavaThread "WorkerExecutor Queue" [_thread_blocked, id=6728, stack(0x000000b006900000,0x000000b006a00000)]
  0x000001bd1167fbd0 JavaThread "WorkerExecutor Queue Thread 2" [_thread_blocked, id=5568, stack(0x000000b006a00000,0x000000b006b00000)]
  0x000001bd11681d80 JavaThread "WorkerExecutor Queue Thread 3" [_thread_blocked, id=9544, stack(0x000000b006b00000,0x000000b006c00000)]
  0x000001bd1167c210 JavaThread "pool-21-thread-1" [_thread_blocked, id=7320, stack(0x000000b006c00000,0x000000b006d00000)]
  0x000001bd1167cbb0 JavaThread "stderr" [_thread_in_native, id=10656, stack(0x000000b006d00000,0x000000b006e00000)]
  0x000001bd1167d080 JavaThread "stdout" [_thread_in_native, id=15876, stack(0x000000b006e00000,0x000000b006f00000)]

Other Threads:
  0x000001bd7f44f660 VMThread "VM Thread" [stack: 0x000000b076b00000,0x000000b076c00000] [id=7164]
  0x000001bd7f6181b0 WatcherThread [stack: 0x000000b077700000,0x000000b077800000] [id=10880]
  0x000001bd74ff9610 GCTaskThread "GC Thread#0" [stack: 0x000000b076600000,0x000000b076700000] [id=11672]
  0x000001bd0fed4d20 GCTaskThread "GC Thread#1" [stack: 0x000000b077a00000,0x000000b077b00000] [id=13932]
  0x000001bd0fed4510 GCTaskThread "GC Thread#2" [stack: 0x000000b077b00000,0x000000b077c00000] [id=13900]
  0x000001bd0fed3d00 GCTaskThread "GC Thread#3" [stack: 0x000000b077c00000,0x000000b077d00000] [id=12748]
  0x000001bd0fed4a70 GCTaskThread "GC Thread#4" [stack: 0x000000b077d00000,0x000000b077e00000] [id=15736]
  0x000001bd0fed5280 GCTaskThread "GC Thread#5" [stack: 0x000000b077e00000,0x000000b077f00000] [id=8084]
  0x000001bd0fed47c0 GCTaskThread "GC Thread#6" [stack: 0x000000b078700000,0x000000b078800000] [id=10112]
  0x000001bd0fed4260 GCTaskThread "GC Thread#7" [stack: 0x000000b078800000,0x000000b078900000] [id=18696]
  0x000001bd75006550 ConcurrentGCThread "G1 Main Marker" [stack: 0x000000b076700000,0x000000b076800000] [id=21312]
  0x000001bd75007700 ConcurrentGCThread "G1 Conc#0" [stack: 0x000000b076800000,0x000000b076900000] [id=4932]
  0x000001bd118c5640 ConcurrentGCThread "G1 Conc#1" [stack: 0x000000b078900000,0x000000b078a00000] [id=15760]
  0x000001bd7506e9d0 ConcurrentGCThread "G1 Refine#0" [stack: 0x000000b076900000,0x000000b076a00000] [id=13228]
  0x000001bd13741340 ConcurrentGCThread "G1 Refine#1" [stack: 0x000000b079e00000,0x000000b079f00000] [id=22664]
  0x000001bd10671e60 ConcurrentGCThread "G1 Refine#2" [stack: 0x000000b07fd00000,0x000000b07fe00000] [id=16468]
  0x000001bd7e9c3760 ConcurrentGCThread "G1 Service" [stack: 0x000000b076a00000,0x000000b076b00000] [id=20784]

Threads with active compile tasks:
C2 CompilerThread0   725980 15854       4       org.gradle.api.internal.artifacts.transform.AttributeMatchingVariantSelector::doSelect (469 bytes)
C2 CompilerThread1   725980 15821       4       org.gradle.api.internal.artifacts.transform.DefaultTransformedVariantFactory::transformedExternalArtifacts (14 bytes)
C2 CompilerThread2   725980 15820       4       org.gradle.api.internal.artifacts.ivyservice.resolveengine.artifact.DefaultArtifactSet::asTransformed (40 bytes)

VM state: not at safepoint (normal execution)

VM Mutex/Monitor currently owned by a thread: None

Heap address: 0x00000000a0000000, size: 1536 MB, Compressed Oops mode: 32-bit

CDS archive(s) not mapped
Compressed class space mapped at: 0x0000000100000000-0x0000000140000000, reserved size: 1073741824
Narrow klass base: 0x0000000000000000, Narrow klass shift: 3, Narrow klass range: 0x140000000

GC Precious Log:
 CPUs: 8 total, 8 available
 Memory: 16219M
 Large Page Support: Disabled
 NUMA Support: Disabled
 Compressed Oops: Enabled (32-bit)
 Heap Region Size: 1M
 Heap Min Capacity: 8M
 Heap Initial Capacity: 254M
 Heap Max Capacity: 1536M
 Pre-touch: Disabled
 Parallel Workers: 8
 Concurrent Workers: 2
 Concurrent Refinement Workers: 8
 Periodic GC: Disabled

Heap:
 garbage-first heap   total 190464K, used 117288K [0x00000000a0000000, 0x0000000100000000)
  region size 1024K, 39 young (39936K), 4 survivors (4096K)
 Metaspace       used 96164K, committed 96960K, reserved 1138688K
  class space    used 12461K, committed 12864K, reserved 1048576K

Heap Regions: E=young(eden), S=young(survivor), O=old, HS=humongous(starts), HC=humongous(continues), CS=collection set, F=free, OA=open archive, CA=closed archive, TAMS=top-at-mark-start (previous, next)
|   0|0x00000000a0000000, 0x00000000a0100000, 0x00000000a0100000|100%| O|  |TAMS 0x00000000a0100000, 0x00000000a0000000| Untracked 
|   1|0x00000000a0100000, 0x00000000a0200000, 0x00000000a0200000|100%| O|  |TAMS 0x00000000a0200000, 0x00000000a0100000| Untracked 
|   2|0x00000000a0200000, 0x00000000a0300000, 0x00000000a0300000|100%| O|  |TAMS 0x00000000a0300000, 0x00000000a0200000| Untracked 
|   3|0x00000000a0300000, 0x00000000a0400000, 0x00000000a0400000|100%|HS|  |TAMS 0x00000000a0400000, 0x00000000a0300000| Complete 
|   4|0x00000000a0400000, 0x00000000a0500000, 0x00000000a0500000|100%|HC|  |TAMS 0x00000000a0500000, 0x00000000a0400000| Complete 
|   5|0x00000000a0500000, 0x00000000a0600000, 0x00000000a0600000|100%|HC|  |TAMS 0x00000000a0600000, 0x00000000a0500000| Complete 
|   6|0x00000000a0600000, 0x00000000a0700000, 0x00000000a0700000|100%| O|  |TAMS 0x00000000a0700000, 0x00000000a0600000| Untracked 
|   7|0x00000000a0700000, 0x00000000a0800000, 0x00000000a0800000|100%| O|  |TAMS 0x00000000a0800000, 0x00000000a0700000| Untracked 
|   8|0x00000000a0800000, 0x00000000a0900000, 0x00000000a0900000|100%| O|  |TAMS 0x00000000a0900000, 0x00000000a0800000| Untracked 
|   9|0x00000000a0900000, 0x00000000a0a00000, 0x00000000a0a00000|100%| O|  |TAMS 0x00000000a0a00000, 0x00000000a0900000| Untracked 
|  10|0x00000000a0a00000, 0x00000000a0b00000, 0x00000000a0b00000|100%| O|  |TAMS 0x00000000a0b00000, 0x00000000a0a00000| Untracked 
|  11|0x00000000a0b00000, 0x00000000a0c00000, 0x00000000a0c00000|100%| O|  |TAMS 0x00000000a0c00000, 0x00000000a0b00000| Untracked 
|  12|0x00000000a0c00000, 0x00000000a0d00000, 0x00000000a0d00000|100%| O|  |TAMS 0x00000000a0d00000, 0x00000000a0c00000| Untracked 
|  13|0x00000000a0d00000, 0x00000000a0e00000, 0x00000000a0e00000|100%| O|  |TAMS 0x00000000a0e00000, 0x00000000a0d00000| Untracked 
|  14|0x00000000a0e00000, 0x00000000a0f00000, 0x00000000a0f00000|100%| O|  |TAMS 0x00000000a0f00000, 0x00000000a0e00000| Untracked 
|  15|0x00000000a0f00000, 0x00000000a1000000, 0x00000000a1000000|100%| O|  |TAMS 0x00000000a1000000, 0x00000000a0f00000| Untracked 
|  16|0x00000000a1000000, 0x00000000a1100000, 0x00000000a1100000|100%| O|  |TAMS 0x00000000a1100000, 0x00000000a1000000| Untracked 
|  17|0x00000000a1100000, 0x00000000a1200000, 0x00000000a1200000|100%| O|  |TAMS 0x00000000a1200000, 0x00000000a1100000| Untracked 
|  18|0x00000000a1200000, 0x00000000a1300000, 0x00000000a1300000|100%| O|  |TAMS 0x00000000a1300000, 0x00000000a1200000| Untracked 
|  19|0x00000000a1300000, 0x00000000a1400000, 0x00000000a1400000|100%|HS|  |TAMS 0x00000000a1400000, 0x00000000a1300000| Complete 
|  20|0x00000000a1400000, 0x00000000a1500000, 0x00000000a1500000|100%| O|  |TAMS 0x00000000a1500000, 0x00000000a1400000| Untracked 
|  21|0x00000000a1500000, 0x00000000a1600000, 0x00000000a1600000|100%| O|  |TAMS 0x00000000a1600000, 0x00000000a1500000| Untracked 
|  22|0x00000000a1600000, 0x00000000a1700000, 0x00000000a1700000|100%| O|  |TAMS 0x00000000a1700000, 0x00000000a1600000| Untracked 
|  23|0x00000000a1700000, 0x00000000a1800000, 0x00000000a1800000|100%| O|  |TAMS 0x00000000a1800000, 0x00000000a1700000| Untracked 
|  24|0x00000000a1800000, 0x00000000a1900000, 0x00000000a1900000|100%| O|  |TAMS 0x00000000a1900000, 0x00000000a1800000| Untracked 
|  25|0x00000000a1900000, 0x00000000a1a00000, 0x00000000a1a00000|100%| O|  |TAMS 0x00000000a1900000, 0x00000000a1900000| Untracked 
|  26|0x00000000a1a00000, 0x00000000a1b00000, 0x00000000a1b00000|100%| O|  |TAMS 0x00000000a1b00000, 0x00000000a1a00000| Untracked 
|  27|0x00000000a1b00000, 0x00000000a1c00000, 0x00000000a1c00000|100%| O|  |TAMS 0x00000000a1c00000, 0x00000000a1b00000| Untracked 
|  28|0x00000000a1c00000, 0x00000000a1d00000, 0x00000000a1d00000|100%| O|  |TAMS 0x00000000a1d00000, 0x00000000a1c00000| Untracked 
|  29|0x00000000a1d00000, 0x00000000a1e00000, 0x00000000a1e00000|100%| O|  |TAMS 0x00000000a1e00000, 0x00000000a1d00000| Untracked 
|  30|0x00000000a1e00000, 0x00000000a1f00000, 0x00000000a1f00000|100%| O|  |TAMS 0x00000000a1f00000, 0x00000000a1e00000| Untracked 
|  31|0x00000000a1f00000, 0x00000000a2000000, 0x00000000a2000000|100%| O|  |TAMS 0x00000000a2000000, 0x00000000a1f00000| Untracked 
|  32|0x00000000a2000000, 0x00000000a2100000, 0x00000000a2100000|100%|HS|  |TAMS 0x00000000a2100000, 0x00000000a2000000| Complete 
|  33|0x00000000a2100000, 0x00000000a2200000, 0x00000000a2200000|100%|HC|  |TAMS 0x00000000a2200000, 0x00000000a2100000| Complete 
|  34|0x00000000a2200000, 0x00000000a2300000, 0x00000000a2300000|100%| O|  |TAMS 0x00000000a2300000, 0x00000000a2200000| Untracked 
|  35|0x00000000a2300000, 0x00000000a2400000, 0x00000000a2400000|100%| O|  |TAMS 0x00000000a2400000, 0x00000000a2300000| Untracked 
|  36|0x00000000a2400000, 0x00000000a2500000, 0x00000000a2500000|100%| O|  |TAMS 0x00000000a2500000, 0x00000000a2400000| Untracked 
|  37|0x00000000a2500000, 0x00000000a2600000, 0x00000000a2600000|100%| O|  |TAMS 0x00000000a2600000, 0x00000000a2500000| Untracked 
|  38|0x00000000a2600000, 0x00000000a2700000, 0x00000000a2700000|100%| O|  |TAMS 0x00000000a2700000, 0x00000000a2600000| Untracked 
|  39|0x00000000a2700000, 0x00000000a2800000, 0x00000000a2800000|100%| O|  |TAMS 0x00000000a2800000, 0x00000000a2700000| Untracked 
|  40|0x00000000a2800000, 0x00000000a2900000, 0x00000000a2900000|100%| O|  |TAMS 0x00000000a2900000, 0x00000000a2800000| Untracked 
|  41|0x00000000a2900000, 0x00000000a2a00000, 0x00000000a2a00000|100%| O|  |TAMS 0x00000000a2a00000, 0x00000000a2900000| Untracked 
|  42|0x00000000a2a00000, 0x00000000a2b00000, 0x00000000a2b00000|100%| O|  |TAMS 0x00000000a2b00000, 0x00000000a2a00000| Untracked 
|  43|0x00000000a2b00000, 0x00000000a2c00000, 0x00000000a2c00000|100%| O|  |TAMS 0x00000000a2c00000, 0x00000000a2b00000| Untracked 
|  44|0x00000000a2c00000, 0x00000000a2d00000, 0x00000000a2d00000|100%| O|  |TAMS 0x00000000a2d00000, 0x00000000a2c00000| Untracked 
|  45|0x00000000a2d00000, 0x00000000a2e00000, 0x00000000a2e00000|100%| O|  |TAMS 0x00000000a2e00000, 0x00000000a2d00000| Untracked 
|  46|0x00000000a2e00000, 0x00000000a2f00000, 0x00000000a2f00000|100%| O|  |TAMS 0x00000000a2f00000, 0x00000000a2e00000| Untracked 
|  47|0x00000000a2f00000, 0x00000000a3000000, 0x00000000a3000000|100%| O|  |TAMS 0x00000000a3000000, 0x00000000a2f00000| Untracked 
|  48|0x00000000a3000000, 0x00000000a3100000, 0x00000000a3100000|100%| O|  |TAMS 0x00000000a3100000, 0x00000000a3000000| Untracked 
|  49|0x00000000a3100000, 0x00000000a3200000, 0x00000000a3200000|100%| O|  |TAMS 0x00000000a3200000, 0x00000000a3100000| Untracked 
|  50|0x00000000a3200000, 0x00000000a3300000, 0x00000000a3300000|100%| O|  |TAMS 0x00000000a3294000, 0x00000000a3200000| Untracked 
|  51|0x00000000a3300000, 0x00000000a3400000, 0x00000000a3400000|100%| O|  |TAMS 0x00000000a3300000, 0x00000000a3300000| Untracked 
|  52|0x00000000a3400000, 0x00000000a3500000, 0x00000000a3500000|100%| O|  |TAMS 0x00000000a3400000, 0x00000000a3400000| Untracked 
|  53|0x00000000a3500000, 0x00000000a3600000, 0x00000000a3600000|100%| O|  |TAMS 0x00000000a3500000, 0x00000000a3500000| Untracked 
|  54|0x00000000a3600000, 0x00000000a3700000, 0x00000000a3700000|100%| O|  |TAMS 0x00000000a3600000, 0x00000000a3600000| Untracked 
|  55|0x00000000a3700000, 0x00000000a3800000, 0x00000000a3800000|100%| O|  |TAMS 0x00000000a3700000, 0x00000000a3700000| Untracked 
|  56|0x00000000a3800000, 0x00000000a3900000, 0x00000000a3900000|100%| O|  |TAMS 0x00000000a3800000, 0x00000000a3800000| Untracked 
|  57|0x00000000a3900000, 0x00000000a3a00000, 0x00000000a3a00000|100%| O|  |TAMS 0x00000000a3900000, 0x00000000a3900000| Untracked 
|  58|0x00000000a3a00000, 0x00000000a3b00000, 0x00000000a3b00000|100%| O|  |TAMS 0x00000000a3a00000, 0x00000000a3a00000| Untracked 
|  59|0x00000000a3b00000, 0x00000000a3c00000, 0x00000000a3c00000|100%| O|  |TAMS 0x00000000a3b00000, 0x00000000a3b00000| Untracked 
|  60|0x00000000a3c00000, 0x00000000a3d00000, 0x00000000a3d00000|100%| O|  |TAMS 0x00000000a3c00000, 0x00000000a3c00000| Untracked 
|  61|0x00000000a3d00000, 0x00000000a3e00000, 0x00000000a3e00000|100%| O|  |TAMS 0x00000000a3d00000, 0x00000000a3d00000| Untracked 
|  62|0x00000000a3e00000, 0x00000000a3f00000, 0x00000000a3f00000|100%| O|  |TAMS 0x00000000a3e00000, 0x00000000a3e00000| Untracked 
|  63|0x00000000a3f00000, 0x00000000a4000000, 0x00000000a4000000|100%| O|  |TAMS 0x00000000a3f00000, 0x00000000a3f00000| Untracked 
|  64|0x00000000a4000000, 0x00000000a4100000, 0x00000000a4100000|100%| O|  |TAMS 0x00000000a4000000, 0x00000000a4000000| Untracked 
|  65|0x00000000a4100000, 0x00000000a4200000, 0x00000000a4200000|100%| O|  |TAMS 0x00000000a4100000, 0x00000000a4100000| Untracked 
|  66|0x00000000a4200000, 0x00000000a4300000, 0x00000000a4300000|100%| O|  |TAMS 0x00000000a4200000, 0x00000000a4200000| Untracked 
|  67|0x00000000a4300000, 0x00000000a4400000, 0x00000000a4400000|100%| O|  |TAMS 0x00000000a4300000, 0x00000000a4300000| Untracked 
|  68|0x00000000a4400000, 0x00000000a4500000, 0x00000000a4500000|100%| O|  |TAMS 0x00000000a4400000, 0x00000000a4400000| Untracked 
|  69|0x00000000a4500000, 0x00000000a4600000, 0x00000000a4600000|100%| O|  |TAMS 0x00000000a4500000, 0x00000000a4500000| Untracked 
|  70|0x00000000a4600000, 0x00000000a4700000, 0x00000000a4700000|100%| O|  |TAMS 0x00000000a4600000, 0x00000000a4600000| Untracked 
|  71|0x00000000a4700000, 0x00000000a4800000, 0x00000000a4800000|100%| O|  |TAMS 0x00000000a4700000, 0x00000000a4700000| Untracked 
|  72|0x00000000a4800000, 0x00000000a4900000, 0x00000000a4900000|100%| O|  |TAMS 0x00000000a4800000, 0x00000000a4800000| Untracked 
|  73|0x00000000a4900000, 0x00000000a4a00000, 0x00000000a4a00000|100%| O|  |TAMS 0x00000000a4900000, 0x00000000a4900000| Untracked 
|  74|0x00000000a4a00000, 0x00000000a4b00000, 0x00000000a4b00000|100%| O|  |TAMS 0x00000000a4a00000, 0x00000000a4a00000| Untracked 
|  75|0x00000000a4b00000, 0x00000000a4c00000, 0x00000000a4c00000|100%| O|  |TAMS 0x00000000a4b00000, 0x00000000a4b00000| Untracked 
|  76|0x00000000a4c00000, 0x00000000a4c06200, 0x00000000a4d00000|  2%| O|  |TAMS 0x00000000a4c00000, 0x00000000a4c00000| Untracked 
|  77|0x00000000a4d00000, 0x00000000a4d00000, 0x00000000a4e00000|  0%| F|  |TAMS 0x00000000a4d00000, 0x00000000a4d00000| Untracked 
|  78|0x00000000a4e00000, 0x00000000a4e00000, 0x00000000a4f00000|  0%| F|  |TAMS 0x00000000a4e00000, 0x00000000a4e00000| Untracked 
|  79|0x00000000a4f00000, 0x00000000a4f00000, 0x00000000a5000000|  0%| F|  |TAMS 0x00000000a4f00000, 0x00000000a4f00000| Untracked 
|  80|0x00000000a5000000, 0x00000000a5000000, 0x00000000a5100000|  0%| F|  |TAMS 0x00000000a5000000, 0x00000000a5000000| Untracked 
|  81|0x00000000a5100000, 0x00000000a5100000, 0x00000000a5200000|  0%| F|  |TAMS 0x00000000a5100000, 0x00000000a5100000| Untracked 
|  82|0x00000000a5200000, 0x00000000a5200000, 0x00000000a5300000|  0%| F|  |TAMS 0x00000000a5200000, 0x00000000a5200000| Untracked 
|  83|0x00000000a5300000, 0x00000000a5300000, 0x00000000a5400000|  0%| F|  |TAMS 0x00000000a5300000, 0x00000000a5300000| Untracked 
|  84|0x00000000a5400000, 0x00000000a5400000, 0x00000000a5500000|  0%| F|  |TAMS 0x00000000a5400000, 0x00000000a5400000| Untracked 
|  85|0x00000000a5500000, 0x00000000a5500000, 0x00000000a5600000|  0%| F|  |TAMS 0x00000000a5500000, 0x00000000a5500000| Untracked 
|  86|0x00000000a5600000, 0x00000000a5600000, 0x00000000a5700000|  0%| F|  |TAMS 0x00000000a5600000, 0x00000000a5600000| Untracked 
|  87|0x00000000a5700000, 0x00000000a5700000, 0x00000000a5800000|  0%| F|  |TAMS 0x00000000a5700000, 0x00000000a5700000| Untracked 
|  88|0x00000000a5800000, 0x00000000a5800000, 0x00000000a5900000|  0%| F|  |TAMS 0x00000000a5800000, 0x00000000a5800000| Untracked 
|  89|0x00000000a5900000, 0x00000000a5900000, 0x00000000a5a00000|  0%| F|  |TAMS 0x00000000a5900000, 0x00000000a5900000| Untracked 
|  90|0x00000000a5a00000, 0x00000000a5a00000, 0x00000000a5b00000|  0%| F|  |TAMS 0x00000000a5a00000, 0x00000000a5a00000| Untracked 
|  91|0x00000000a5b00000, 0x00000000a5c00000, 0x00000000a5c00000|100%| O|  |TAMS 0x00000000a5b00000, 0x00000000a5b00000| Untracked 
|  92|0x00000000a5c00000, 0x00000000a5d00000, 0x00000000a5d00000|100%| O|  |TAMS 0x00000000a5c00000, 0x00000000a5c00000| Untracked 
|  93|0x00000000a5d00000, 0x00000000a5d00000, 0x00000000a5e00000|  0%| F|  |TAMS 0x00000000a5d00000, 0x00000000a5d00000| Untracked 
|  94|0x00000000a5e00000, 0x00000000a5e00000, 0x00000000a5f00000|  0%| F|  |TAMS 0x00000000a5e00000, 0x00000000a5e00000| Untracked 
|  95|0x00000000a5f00000, 0x00000000a5f00000, 0x00000000a6000000|  0%| F|  |TAMS 0x00000000a5f00000, 0x00000000a5f00000| Untracked 
|  96|0x00000000a6000000, 0x00000000a6000000, 0x00000000a6100000|  0%| F|  |TAMS 0x00000000a6000000, 0x00000000a6000000| Untracked 
|  97|0x00000000a6100000, 0x00000000a6100000, 0x00000000a6200000|  0%| F|  |TAMS 0x00000000a6100000, 0x00000000a6100000| Untracked 
|  98|0x00000000a6200000, 0x00000000a6200000, 0x00000000a6300000|  0%| F|  |TAMS 0x00000000a6200000, 0x00000000a6200000| Untracked 
|  99|0x00000000a6300000, 0x00000000a6300000, 0x00000000a6400000|  0%| F|  |TAMS 0x00000000a6300000, 0x00000000a6300000| Untracked 
| 100|0x00000000a6400000, 0x00000000a6400000, 0x00000000a6500000|  0%| F|  |TAMS 0x00000000a6400000, 0x00000000a6400000| Untracked 
| 101|0x00000000a6500000, 0x00000000a6500000, 0x00000000a6600000|  0%| F|  |TAMS 0x00000000a6500000, 0x00000000a6500000| Untracked 
| 102|0x00000000a6600000, 0x00000000a6600000, 0x00000000a6700000|  0%| F|  |TAMS 0x00000000a6600000, 0x00000000a6600000| Untracked 
| 103|0x00000000a6700000, 0x00000000a6700000, 0x00000000a6800000|  0%| F|  |TAMS 0x00000000a6700000, 0x00000000a6700000| Untracked 
| 104|0x00000000a6800000, 0x00000000a6800000, 0x00000000a6900000|  0%| F|  |TAMS 0x00000000a6800000, 0x00000000a6800000| Untracked 
| 105|0x00000000a6900000, 0x00000000a6900000, 0x00000000a6a00000|  0%| F|  |TAMS 0x00000000a6900000, 0x00000000a6900000| Untracked 
| 106|0x00000000a6a00000, 0x00000000a6a00000, 0x00000000a6b00000|  0%| F|  |TAMS 0x00000000a6a00000, 0x00000000a6a00000| Untracked 
| 107|0x00000000a6b00000, 0x00000000a6b00000, 0x00000000a6c00000|  0%| F|  |TAMS 0x00000000a6b00000, 0x00000000a6b00000| Untracked 
| 108|0x00000000a6c00000, 0x00000000a6c84000, 0x00000000a6d00000| 51%| S|CS|TAMS 0x00000000a6c00000, 0x00000000a6c00000| Complete 
| 109|0x00000000a6d00000, 0x00000000a6e00000, 0x00000000a6e00000|100%| S|CS|TAMS 0x00000000a6d00000, 0x00000000a6d00000| Complete 
| 110|0x00000000a6e00000, 0x00000000a6f00000, 0x00000000a6f00000|100%| S|CS|TAMS 0x00000000a6e00000, 0x00000000a6e00000| Complete 
| 111|0x00000000a6f00000, 0x00000000a7000000, 0x00000000a7000000|100%| S|CS|TAMS 0x00000000a6f00000, 0x00000000a6f00000| Complete 
| 112|0x00000000a7000000, 0x00000000a7000000, 0x00000000a7100000|  0%| F|  |TAMS 0x00000000a7000000, 0x00000000a7000000| Untracked 
| 113|0x00000000a7100000, 0x00000000a7100000, 0x00000000a7200000|  0%| F|  |TAMS 0x00000000a7100000, 0x00000000a7100000| Untracked 
| 114|0x00000000a7200000, 0x00000000a7200000, 0x00000000a7300000|  0%| F|  |TAMS 0x00000000a7200000, 0x00000000a7200000| Untracked 
| 115|0x00000000a7300000, 0x00000000a7300000, 0x00000000a7400000|  0%| F|  |TAMS 0x00000000a7300000, 0x00000000a7300000| Untracked 
| 116|0x00000000a7400000, 0x00000000a7400000, 0x00000000a7500000|  0%| F|  |TAMS 0x00000000a7400000, 0x00000000a7400000| Untracked 
| 117|0x00000000a7500000, 0x00000000a7500000, 0x00000000a7600000|  0%| F|  |TAMS 0x00000000a7500000, 0x00000000a7500000| Untracked 
| 118|0x00000000a7600000, 0x00000000a7600000, 0x00000000a7700000|  0%| F|  |TAMS 0x00000000a7600000, 0x00000000a7600000| Untracked 
| 119|0x00000000a7700000, 0x00000000a7700000, 0x00000000a7800000|  0%| F|  |TAMS 0x00000000a7700000, 0x00000000a7700000| Untracked 
| 120|0x00000000a7800000, 0x00000000a7800000, 0x00000000a7900000|  0%| F|  |TAMS 0x00000000a7800000, 0x00000000a7800000| Untracked 
| 121|0x00000000a7900000, 0x00000000a7900000, 0x00000000a7a00000|  0%| F|  |TAMS 0x00000000a7900000, 0x00000000a7900000| Untracked 
| 122|0x00000000a7a00000, 0x00000000a7a00000, 0x00000000a7b00000|  0%| F|  |TAMS 0x00000000a7a00000, 0x00000000a7a00000| Untracked 
| 123|0x00000000a7b00000, 0x00000000a7b00000, 0x00000000a7c00000|  0%| F|  |TAMS 0x00000000a7b00000, 0x00000000a7b00000| Untracked 
| 124|0x00000000a7c00000, 0x00000000a7c00000, 0x00000000a7d00000|  0%| F|  |TAMS 0x00000000a7c00000, 0x00000000a7c00000| Untracked 
| 125|0x00000000a7d00000, 0x00000000a7d00000, 0x00000000a7e00000|  0%| F|  |TAMS 0x00000000a7d00000, 0x00000000a7d00000| Untracked 
| 126|0x00000000a7e00000, 0x00000000a7e00000, 0x00000000a7f00000|  0%| F|  |TAMS 0x00000000a7e00000, 0x00000000a7e00000| Untracked 
| 127|0x00000000a7f00000, 0x00000000a7f00000, 0x00000000a8000000|  0%| F|  |TAMS 0x00000000a7f00000, 0x00000000a7f00000| Untracked 
| 128|0x00000000a8000000, 0x00000000a8000000, 0x00000000a8100000|  0%| F|  |TAMS 0x00000000a8000000, 0x00000000a8000000| Untracked 
| 129|0x00000000a8100000, 0x00000000a8100000, 0x00000000a8200000|  0%| F|  |TAMS 0x00000000a8100000, 0x00000000a8100000| Untracked 
| 130|0x00000000a8200000, 0x00000000a8200000, 0x00000000a8300000|  0%| F|  |TAMS 0x00000000a8200000, 0x00000000a8200000| Untracked 
| 131|0x00000000a8300000, 0x00000000a8300000, 0x00000000a8400000|  0%| F|  |TAMS 0x00000000a8300000, 0x00000000a8300000| Untracked 
| 132|0x00000000a8400000, 0x00000000a8400000, 0x00000000a8500000|  0%| F|  |TAMS 0x00000000a8400000, 0x00000000a8400000| Untracked 
| 133|0x00000000a8500000, 0x00000000a8500000, 0x00000000a8600000|  0%| F|  |TAMS 0x00000000a8500000, 0x00000000a8500000| Untracked 
| 134|0x00000000a8600000, 0x00000000a8600000, 0x00000000a8700000|  0%| F|  |TAMS 0x00000000a8600000, 0x00000000a8600000| Untracked 
| 135|0x00000000a8700000, 0x00000000a8700000, 0x00000000a8800000|  0%| F|  |TAMS 0x00000000a8700000, 0x00000000a8700000| Untracked 
| 136|0x00000000a8800000, 0x00000000a8800000, 0x00000000a8900000|  0%| F|  |TAMS 0x00000000a8800000, 0x00000000a8800000| Untracked 
| 137|0x00000000a8900000, 0x00000000a8900000, 0x00000000a8a00000|  0%| F|  |TAMS 0x00000000a8900000, 0x00000000a8900000| Untracked 
| 138|0x00000000a8a00000, 0x00000000a8a00000, 0x00000000a8b00000|  0%| F|  |TAMS 0x00000000a8a00000, 0x00000000a8a00000| Untracked 
| 139|0x00000000a8b00000, 0x00000000a8b00000, 0x00000000a8c00000|  0%| F|  |TAMS 0x00000000a8b00000, 0x00000000a8b00000| Untracked 
| 140|0x00000000a8c00000, 0x00000000a8c00000, 0x00000000a8d00000|  0%| F|  |TAMS 0x00000000a8c00000, 0x00000000a8c00000| Untracked 
| 141|0x00000000a8d00000, 0x00000000a8d00000, 0x00000000a8e00000|  0%| F|  |TAMS 0x00000000a8d00000, 0x00000000a8d00000| Untracked 
| 142|0x00000000a8e00000, 0x00000000a8e00000, 0x00000000a8f00000|  0%| F|  |TAMS 0x00000000a8e00000, 0x00000000a8e00000| Untracked 
| 143|0x00000000a8f00000, 0x00000000a8f00000, 0x00000000a9000000|  0%| F|  |TAMS 0x00000000a8f00000, 0x00000000a8f00000| Untracked 
| 144|0x00000000a9000000, 0x00000000a9000000, 0x00000000a9100000|  0%| F|  |TAMS 0x00000000a9000000, 0x00000000a9000000| Untracked 
| 145|0x00000000a9100000, 0x00000000a9100000, 0x00000000a9200000|  0%| F|  |TAMS 0x00000000a9100000, 0x00000000a9100000| Untracked 
| 146|0x00000000a9200000, 0x00000000a9200000, 0x00000000a9300000|  0%| F|  |TAMS 0x00000000a9200000, 0x00000000a9200000| Untracked 
| 147|0x00000000a9300000, 0x00000000a9300000, 0x00000000a9400000|  0%| F|  |TAMS 0x00000000a9300000, 0x00000000a9300000| Untracked 
| 148|0x00000000a9400000, 0x00000000a9400000, 0x00000000a9500000|  0%| F|  |TAMS 0x00000000a9400000, 0x00000000a9400000| Untracked 
| 149|0x00000000a9500000, 0x00000000a9500000, 0x00000000a9600000|  0%| F|  |TAMS 0x00000000a9500000, 0x00000000a9500000| Untracked 
| 150|0x00000000a9600000, 0x00000000a9600000, 0x00000000a9700000|  0%| F|  |TAMS 0x00000000a9600000, 0x00000000a9600000| Untracked 
| 151|0x00000000a9700000, 0x00000000a972da88, 0x00000000a9800000| 17%| E|  |TAMS 0x00000000a9700000, 0x00000000a9700000| Complete 
| 152|0x00000000a9800000, 0x00000000a9900000, 0x00000000a9900000|100%| E|CS|TAMS 0x00000000a9800000, 0x00000000a9800000| Complete 
| 153|0x00000000a9900000, 0x00000000a9a00000, 0x00000000a9a00000|100%| E|CS|TAMS 0x00000000a9900000, 0x00000000a9900000| Complete 
| 154|0x00000000a9a00000, 0x00000000a9b00000, 0x00000000a9b00000|100%| E|CS|TAMS 0x00000000a9a00000, 0x00000000a9a00000| Complete 
| 155|0x00000000a9b00000, 0x00000000a9c00000, 0x00000000a9c00000|100%| E|CS|TAMS 0x00000000a9b00000, 0x00000000a9b00000| Complete 
| 156|0x00000000a9c00000, 0x00000000a9d00000, 0x00000000a9d00000|100%| E|CS|TAMS 0x00000000a9c00000, 0x00000000a9c00000| Complete 
| 157|0x00000000a9d00000, 0x00000000a9e00000, 0x00000000a9e00000|100%| E|CS|TAMS 0x00000000a9d00000, 0x00000000a9d00000| Complete 
| 158|0x00000000a9e00000, 0x00000000a9f00000, 0x00000000a9f00000|100%| E|CS|TAMS 0x00000000a9e00000, 0x00000000a9e00000| Complete 
| 159|0x00000000a9f00000, 0x00000000aa000000, 0x00000000aa000000|100%| E|CS|TAMS 0x00000000a9f00000, 0x00000000a9f00000| Complete 
| 160|0x00000000aa000000, 0x00000000aa100000, 0x00000000aa100000|100%| E|CS|TAMS 0x00000000aa000000, 0x00000000aa000000| Complete 
| 161|0x00000000aa100000, 0x00000000aa200000, 0x00000000aa200000|100%| E|  |TAMS 0x00000000aa100000, 0x00000000aa100000| Complete 
| 162|0x00000000aa200000, 0x00000000aa300000, 0x00000000aa300000|100%| E|CS|TAMS 0x00000000aa200000, 0x00000000aa200000| Complete 
| 163|0x00000000aa300000, 0x00000000aa400000, 0x00000000aa400000|100%| E|CS|TAMS 0x00000000aa300000, 0x00000000aa300000| Complete 
| 164|0x00000000aa400000, 0x00000000aa500000, 0x00000000aa500000|100%| E|CS|TAMS 0x00000000aa400000, 0x00000000aa400000| Complete 
| 165|0x00000000aa500000, 0x00000000aa600000, 0x00000000aa600000|100%| E|CS|TAMS 0x00000000aa500000, 0x00000000aa500000| Complete 
| 166|0x00000000aa600000, 0x00000000aa700000, 0x00000000aa700000|100%| E|CS|TAMS 0x00000000aa600000, 0x00000000aa600000| Complete 
| 167|0x00000000aa700000, 0x00000000aa800000, 0x00000000aa800000|100%| E|CS|TAMS 0x00000000aa700000, 0x00000000aa700000| Complete 
| 168|0x00000000aa800000, 0x00000000aa900000, 0x00000000aa900000|100%| E|CS|TAMS 0x00000000aa800000, 0x00000000aa800000| Complete 
| 169|0x00000000aa900000, 0x00000000aaa00000, 0x00000000aaa00000|100%| E|CS|TAMS 0x00000000aa900000, 0x00000000aa900000| Complete 
| 170|0x00000000aaa00000, 0x00000000aab00000, 0x00000000aab00000|100%| E|CS|TAMS 0x00000000aaa00000, 0x00000000aaa00000| Complete 
| 171|0x00000000aab00000, 0x00000000aac00000, 0x00000000aac00000|100%| E|CS|TAMS 0x00000000aab00000, 0x00000000aab00000| Complete 
| 172|0x00000000aac00000, 0x00000000aad00000, 0x00000000aad00000|100%| E|CS|TAMS 0x00000000aac00000, 0x00000000aac00000| Complete 
| 173|0x00000000aad00000, 0x00000000aae00000, 0x00000000aae00000|100%| E|CS|TAMS 0x00000000aad00000, 0x00000000aad00000| Complete 
| 174|0x00000000aae00000, 0x00000000aaf00000, 0x00000000aaf00000|100%| E|CS|TAMS 0x00000000aae00000, 0x00000000aae00000| Complete 
| 175|0x00000000aaf00000, 0x00000000ab000000, 0x00000000ab000000|100%| E|CS|TAMS 0x00000000aaf00000, 0x00000000aaf00000| Complete 
| 176|0x00000000ab000000, 0x00000000ab100000, 0x00000000ab100000|100%| E|CS|TAMS 0x00000000ab000000, 0x00000000ab000000| Complete 
| 202|0x00000000aca00000, 0x00000000acb00000, 0x00000000acb00000|100%| E|CS|TAMS 0x00000000aca00000, 0x00000000aca00000| Complete 
| 203|0x00000000acb00000, 0x00000000acc00000, 0x00000000acc00000|100%| E|CS|TAMS 0x00000000acb00000, 0x00000000acb00000| Complete 
| 204|0x00000000acc00000, 0x00000000acd00000, 0x00000000acd00000|100%| E|CS|TAMS 0x00000000acc00000, 0x00000000acc00000| Complete 
| 205|0x00000000acd00000, 0x00000000ace00000, 0x00000000ace00000|100%| E|CS|TAMS 0x00000000acd00000, 0x00000000acd00000| Complete 
| 206|0x00000000ace00000, 0x00000000acf00000, 0x00000000acf00000|100%| E|CS|TAMS 0x00000000ace00000, 0x00000000ace00000| Complete 
| 207|0x00000000acf00000, 0x00000000ad000000, 0x00000000ad000000|100%| E|CS|TAMS 0x00000000acf00000, 0x00000000acf00000| Complete 
| 208|0x00000000ad000000, 0x00000000ad100000, 0x00000000ad100000|100%| E|CS|TAMS 0x00000000ad000000, 0x00000000ad000000| Complete 
| 209|0x00000000ad100000, 0x00000000ad200000, 0x00000000ad200000|100%| E|CS|TAMS 0x00000000ad100000, 0x00000000ad100000| Complete 
| 253|0x00000000afd00000, 0x00000000afe00000, 0x00000000afe00000|100%| E|CS|TAMS 0x00000000afd00000, 0x00000000afd00000| Complete 

Card table byte_map: [0x000001bd78aa0000,0x000001bd78da0000] _byte_map_base: 0x000001bd785a0000

Marking Bits (Prev, Next): (CMBitMap*) 0x000001bd74ff9c60, (CMBitMap*) 0x000001bd74ff9c20
 Prev Bits: [0x000001bd7a8a0000, 0x000001bd7c0a0000)
 Next Bits: [0x000001bd790a0000, 0x000001bd7a8a0000)

Polling page: 0x000001bd72ac0000

Metaspace:

Usage:
  Non-class:     81.74 MB used.
      Class:     12.17 MB used.
       Both:     93.91 MB used.

Virtual space:
  Non-class space:       88.00 MB reserved,      82.12 MB ( 93%) committed,  11 nodes.
      Class space:        1.00 GB reserved,      12.56 MB (  1%) committed,  1 nodes.
             Both:        1.09 GB reserved,      94.69 MB (  9%) committed. 

Chunk freelists:
   Non-Class:  1.78 MB
       Class:  3.37 MB
        Both:  5.16 MB

MaxMetaspaceSize: unlimited
CompressedClassSpaceSize: 1.00 GB
Initial GC threshold: 21.00 MB
Current GC threshold: 131.25 MB
CDS: off
MetaspaceReclaimPolicy: balanced
 - commit_granule_bytes: 65536.
 - commit_granule_words: 8192.
 - virtual_space_node_default_size: 1048576.
 - enlarge_chunks_in_place: 1.
 - new_chunks_are_fully_committed: 0.
 - uncommit_free_chunks: 1.
 - use_allocation_guard: 0.
 - handle_deallocations: 1.


Internal statistics:

num_allocs_failed_limit: 17.
num_arena_births: 1126.
num_arena_deaths: 0.
num_vsnodes_births: 12.
num_vsnodes_deaths: 0.
num_space_committed: 1515.
num_space_uncommitted: 0.
num_chunks_returned_to_freelist: 17.
num_chunks_taken_from_freelist: 4731.
num_chunk_merges: 3.
num_chunk_splits: 3021.
num_chunks_enlarged: 1893.
num_purges: 0.
num_inconsistent_stats: 0.

CodeHeap 'non-profiled nmethods': size=120000Kb used=8787Kb max_used=9070Kb free=111212Kb
 bounds [0x000001bd07ad0000, 0x000001bd083b0000, 0x000001bd0f000000]
CodeHeap 'profiled nmethods': size=120000Kb used=25759Kb max_used=27197Kb free=94240Kb
 bounds [0x000001bd00000000, 0x000001bd01aa0000, 0x000001bd07530000]
CodeHeap 'non-nmethods': size=5760Kb used=2389Kb max_used=2528Kb free=3371Kb
 bounds [0x000001bd07530000, 0x000001bd077c0000, 0x000001bd07ad0000]
 total_blobs=14330 nmethods=13406 adapters=836
 compilation: enabled
              stopped_count=0, restarted_count=0
 full_count=0

Compilation events (20 events):
Event: 725.862 Thread 0x000001bd7f4bd4f0 15899       3       org.gradle.api.internal.artifacts.ivyservice.modulecache.artifacts.ArtifactsAtRepositoryKey::hashCode (36 bytes)
Event: 725.863 Thread 0x000001bd7f4bd4f0 nmethod 15899 0x000001bd0089ee90 code [0x000001bd0089f060, 0x000001bd0089f2c8]
Event: 725.864 Thread 0x000001bd7f4bd4f0 15900       3       org.gradle.api.internal.artifacts.ivyservice.resolveengine.artifact.DefaultArtifactSet::adHocVariant (100 bytes)
Event: 725.866 Thread 0x000001bd7f4bd4f0 nmethod 15900 0x000001bd001d9e90 code [0x000001bd001da120, 0x000001bd001daf38]
Event: 725.868 Thread 0x000001bd7f4bd4f0 15902       2       org.gradle.internal.snapshot.impl.BooleanValueSnapshot::equals (6 bytes)
Event: 725.869 Thread 0x000001bd7f4bd4f0 nmethod 15902 0x000001bd00937e10 code [0x000001bd00937fa0, 0x000001bd009380c8]
Event: 725.872 Thread 0x000001bd7f4bd4f0 15903       2       org.gradle.internal.operations.DefaultBuildOperationExecutor::getCurrentOperation (21 bytes)
Event: 725.872 Thread 0x000001bd7f4bd4f0 nmethod 15903 0x000001bd00865210 code [0x000001bd008653e0, 0x000001bd00865658]
Event: 725.872 Thread 0x000001bd7f4bd4f0 15904       2       com.android.build.gradle.internal.profile.AnalyticsResourceManager::getTaskRecord (143 bytes)
Event: 725.874 Thread 0x000001bd7f4bd4f0 nmethod 15904 0x000001bd002c0290 code [0x000001bd002c0560, 0x000001bd002c0df8]
Event: 725.874 Thread 0x000001bd7f4bd4f0 15906       2       com.google.gson.internal.$Gson$Types::resolve (14 bytes)
Event: 725.875 Thread 0x000001bd7f4bd4f0 nmethod 15906 0x000001bd0095d810 code [0x000001bd0095d9c0, 0x000001bd0095dbe8]
Event: 725.875 Thread 0x000001bd7f4bd4f0 15905   !   2       java.io.ObjectInputStream$BlockDataInputStream::readBlockHeader (249 bytes)
Event: 725.877 Thread 0x000001bd7f4bd4f0 nmethod 15905 0x000001bd00d77310 code [0x000001bd00d77640, 0x000001bd00d783d8]
Event: 725.877 Thread 0x000001bd7f4bd4f0 15909       2       java.util.Spliterators$IteratorSpliterator::tryAdvance (77 bytes)
Event: 725.878 Thread 0x000001bd7f4bd4f0 nmethod 15909 0x000001bd00916110 code [0x000001bd00916300, 0x000001bd00916638]
Event: 725.878 Thread 0x000001bd7f4bd4f0 15907       2       org.gradle.api.internal.file.DefaultFilePropertyFactory$DefaultDirectoryVar::getLocationOnly (5 bytes)
Event: 725.878 Thread 0x000001bd7f4bd4f0 nmethod 15907 0x000001bd00b59710 code [0x000001bd00b598a0, 0x000001bd00b59a38]
Event: 725.878 Thread 0x000001bd7f4bd4f0 15908       1       java.util.stream.Streams$RangeIntSpliterator::getComparator (2 bytes)
Event: 725.878 Thread 0x000001bd7f4bd4f0 nmethod 15908 0x000001bd08019790 code [0x000001bd08019920, 0x000001bd080199f8]

GC Heap History (20 events):
Event: 12.246 GC heap before
{Heap before GC invocations=21 (full 0):
 garbage-first heap   total 190464K, used 93160K [0x00000000a0000000, 0x0000000100000000)
  region size 1024K, 42 young (43008K), 2 survivors (2048K)
 Metaspace       used 73841K, committed 74368K, reserved 1114112K
  class space    used 9899K, committed 10176K, reserved 1048576K
}
Event: 12.252 GC heap after
{Heap after GC invocations=22 (full 0):
 garbage-first heap   total 190464K, used 55628K [0x00000000a0000000, 0x0000000100000000)
  region size 1024K, 4 young (4096K), 4 survivors (4096K)
 Metaspace       used 73841K, committed 74368K, reserved 1114112K
  class space    used 9899K, committed 10176K, reserved 1048576K
}
Event: 14.198 GC heap before
{Heap before GC invocations=23 (full 0):
 garbage-first heap   total 190464K, used 149836K [0x00000000a0000000, 0x0000000100000000)
  region size 1024K, 96 young (98304K), 4 survivors (4096K)
 Metaspace       used 79920K, committed 80512K, reserved 1122304K
  class space    used 10771K, committed 11008K, reserved 1048576K
}
Event: 14.220 GC heap after
{Heap after GC invocations=24 (full 0):
 garbage-first heap   total 190464K, used 65881K [0x00000000a0000000, 0x0000000100000000)
  region size 1024K, 12 young (12288K), 12 survivors (12288K)
 Metaspace       used 79920K, committed 80512K, reserved 1122304K
  class space    used 10771K, committed 11008K, reserved 1048576K
}
Event: 15.574 GC heap before
{Heap before GC invocations=25 (full 0):
 garbage-first heap   total 190464K, used 137561K [0x00000000a0000000, 0x0000000100000000)
  region size 1024K, 83 young (84992K), 12 survivors (12288K)
 Metaspace       used 82704K, committed 83264K, reserved 1122304K
  class space    used 11150K, committed 11392K, reserved 1048576K
}
Event: 15.587 GC heap after
{Heap after GC invocations=26 (full 0):
 garbage-first heap   total 190464K, used 70986K [0x00000000a0000000, 0x0000000100000000)
  region size 1024K, 5 young (5120K), 5 survivors (5120K)
 Metaspace       used 82704K, committed 83264K, reserved 1122304K
  class space    used 11150K, committed 11392K, reserved 1048576K
}
Event: 15.645 GC heap before
{Heap before GC invocations=26 (full 0):
 garbage-first heap   total 190464K, used 75082K [0x00000000a0000000, 0x0000000100000000)
  region size 1024K, 9 young (9216K), 5 survivors (5120K)
 Metaspace       used 83167K, committed 83712K, reserved 1122304K
  class space    used 11216K, committed 11456K, reserved 1048576K
}
Event: 15.650 GC heap after
{Heap after GC invocations=27 (full 0):
 garbage-first heap   total 190464K, used 71583K [0x00000000a0000000, 0x0000000100000000)
  region size 1024K, 1 young (1024K), 1 survivors (1024K)
 Metaspace       used 83167K, committed 83712K, reserved 1122304K
  class space    used 11216K, committed 11456K, reserved 1048576K
}
Event: 16.845 GC heap before
{Heap before GC invocations=27 (full 0):
 garbage-first heap   total 190464K, used 144287K [0x00000000a0000000, 0x0000000100000000)
  region size 1024K, 73 young (74752K), 1 survivors (1024K)
 Metaspace       used 86384K, committed 86976K, reserved 1130496K
  class space    used 11632K, committed 11904K, reserved 1048576K
}
Event: 16.854 GC heap after
{Heap after GC invocations=28 (full 0):
 garbage-first heap   total 190464K, used 75942K [0x00000000a0000000, 0x0000000100000000)
  region size 1024K, 6 young (6144K), 6 survivors (6144K)
 Metaspace       used 86384K, committed 86976K, reserved 1130496K
  class space    used 11632K, committed 11904K, reserved 1048576K
}
Event: 19.975 GC heap before
{Heap before GC invocations=28 (full 0):
 garbage-first heap   total 190464K, used 147622K [0x00000000a0000000, 0x0000000100000000)
  region size 1024K, 77 young (78848K), 6 survivors (6144K)
 Metaspace       used 88443K, committed 89088K, reserved 1130496K
  class space    used 11836K, committed 12160K, reserved 1048576K
}
Event: 19.986 GC heap after
{Heap after GC invocations=29 (full 0):
 garbage-first heap   total 190464K, used 83229K [0x00000000a0000000, 0x0000000100000000)
  region size 1024K, 8 young (8192K), 8 survivors (8192K)
 Metaspace       used 88443K, committed 89088K, reserved 1130496K
  class space    used 11836K, committed 12160K, reserved 1048576K
}
Event: 314.252 GC heap before
{Heap before GC invocations=29 (full 0):
 garbage-first heap   total 190464K, used 166173K [0x00000000a0000000, 0x0000000100000000)
  region size 1024K, 74 young (75776K), 8 survivors (8192K)
 Metaspace       used 93975K, committed 94592K, reserved 1138688K
  class space    used 12380K, committed 12672K, reserved 1048576K
}
Event: 314.260 GC heap after
{Heap after GC invocations=30 (full 0):
 garbage-first heap   total 190464K, used 82536K [0x00000000a0000000, 0x0000000100000000)
  region size 1024K, 4 young (4096K), 4 survivors (4096K)
 Metaspace       used 93975K, committed 94592K, reserved 1138688K
  class space    used 12380K, committed 12672K, reserved 1048576K
}
Event: 440.125 GC heap before
{Heap before GC invocations=30 (full 0):
 garbage-first heap   total 190464K, used 152168K [0x00000000a0000000, 0x0000000100000000)
  region size 1024K, 73 young (74752K), 4 survivors (4096K)
 Metaspace       used 94892K, committed 95616K, reserved 1138688K
  class space    used 12409K, committed 12736K, reserved 1048576K
}
Event: 440.134 GC heap after
{Heap after GC invocations=31 (full 0):
 garbage-first heap   total 190464K, used 84486K [0x00000000a0000000, 0x0000000100000000)
  region size 1024K, 6 young (6144K), 6 survivors (6144K)
 Metaspace       used 94892K, committed 95616K, reserved 1138688K
  class space    used 12409K, committed 12736K, reserved 1048576K
}
Event: 472.831 GC heap before
{Heap before GC invocations=31 (full 0):
 garbage-first heap   total 190464K, used 152070K [0x00000000a0000000, 0x0000000100000000)
  region size 1024K, 73 young (74752K), 6 survivors (6144K)
 Metaspace       used 95453K, committed 96192K, reserved 1138688K
  class space    used 12431K, committed 12800K, reserved 1048576K
}
Event: 472.836 GC heap after
{Heap after GC invocations=32 (full 0):
 garbage-first heap   total 190464K, used 81450K [0x00000000a0000000, 0x0000000100000000)
  region size 1024K, 2 young (2048K), 2 survivors (2048K)
 Metaspace       used 95453K, committed 96192K, reserved 1138688K
  class space    used 12431K, committed 12800K, reserved 1048576K
}
Event: 724.919 GC heap before
{Heap before GC invocations=32 (full 0):
 garbage-first heap   total 190464K, used 154154K [0x00000000a0000000, 0x0000000100000000)
  region size 1024K, 74 young (75776K), 2 survivors (2048K)
 Metaspace       used 95920K, committed 96704K, reserved 1138688K
  class space    used 12453K, committed 12800K, reserved 1048576K
}
Event: 724.926 GC heap after
{Heap after GC invocations=33 (full 0):
 garbage-first heap   total 190464K, used 83496K [0x00000000a0000000, 0x0000000100000000)
  region size 1024K, 4 young (4096K), 4 survivors (4096K)
 Metaspace       used 95920K, committed 96704K, reserved 1138688K
  class space    used 12453K, committed 12800K, reserved 1048576K
}

Dll operation events (2 events):
Event: 0.013 Loaded shared library C:\Program Files\Android\Android Studio\jbr\bin\java.dll
Event: 0.513 Loaded shared library C:\Program Files\Android\Android Studio\jbr\bin\verify.dll

Deoptimization events (20 events):
Event: 558.044 Thread 0x000001bd11437ce0 DEOPT PACKING pc=0x000001bd08380234 sp=0x000000b077ffe920
Event: 558.044 Thread 0x000001bd11437ce0 DEOPT UNPACKING pc=0x000001bd075869a3 sp=0x000000b077ffe7d8 mode 2
Event: 572.975 Thread 0x000001bd11437ce0 Uncommon trap: trap_request=0xffffffd6 fr.pc=0x000001bd08383de8 relative=0x0000000000002088
Event: 572.975 Thread 0x000001bd11437ce0 Uncommon trap: reason=array_check action=maybe_recompile pc=0x000001bd08383de8 method=java.util.ComparableTimSort.reverseRange([Ljava/lang/Object;II)V @ 27 c2
Event: 572.975 Thread 0x000001bd11437ce0 DEOPT PACKING pc=0x000001bd08383de8 sp=0x000000b077ffe910
Event: 572.975 Thread 0x000001bd11437ce0 DEOPT UNPACKING pc=0x000001bd075869a3 sp=0x000000b077ffe7d8 mode 2
Event: 572.975 Thread 0x000001bd11437ce0 Uncommon trap: trap_request=0xffffffd6 fr.pc=0x000001bd08383de8 relative=0x0000000000002088
Event: 572.975 Thread 0x000001bd11437ce0 Uncommon trap: reason=array_check action=maybe_recompile pc=0x000001bd08383de8 method=java.util.ComparableTimSort.reverseRange([Ljava/lang/Object;II)V @ 27 c2
Event: 572.975 Thread 0x000001bd11437ce0 DEOPT PACKING pc=0x000001bd08383de8 sp=0x000000b077ffe910
Event: 572.975 Thread 0x000001bd11437ce0 DEOPT UNPACKING pc=0x000001bd075869a3 sp=0x000000b077ffe7d8 mode 2
Event: 724.369 Thread 0x000001bd0f1f7520 Uncommon trap: trap_request=0xffffffde fr.pc=0x000001bd08087b10 relative=0x0000000000000910
Event: 724.369 Thread 0x000001bd0f1f7520 Uncommon trap: reason=class_check action=maybe_recompile pc=0x000001bd08087b10 method=com.google.common.cache.LocalCache$Segment.getLiveValue(Lcom/google/common/cache/ReferenceEntry;J)Ljava/lang/Object; @ 21 c2
Event: 724.369 Thread 0x000001bd0f1f7520 DEOPT PACKING pc=0x000001bd08087b10 sp=0x000000b0003fbac0
Event: 724.369 Thread 0x000001bd0f1f7520 DEOPT UNPACKING pc=0x000001bd075869a3 sp=0x000000b0003fb9f8 mode 2
Event: 725.092 Thread 0x000001bd19cf2090 DEOPT PACKING pc=0x000001bd0039caf0 sp=0x000000b0062fba40
Event: 725.092 Thread 0x000001bd19cf2090 DEOPT UNPACKING pc=0x000001bd07587143 sp=0x000000b0062faed8 mode 0
Event: 725.537 Thread 0x000001bd19cf2090 DEOPT PACKING pc=0x000001bd01016496 sp=0x000000b0062fa030
Event: 725.537 Thread 0x000001bd19cf2090 DEOPT UNPACKING pc=0x000001bd07587143 sp=0x000000b0062f9570 mode 0
Event: 725.763 Thread 0x000001bd19cf7730 DEOPT PACKING pc=0x000001bd0007487d sp=0x000000b0065fa2c0
Event: 725.763 Thread 0x000001bd19cf7730 DEOPT UNPACKING pc=0x000001bd07587143 sp=0x000000b0065f9720 mode 0

Classes unloaded (0 events):
No events

Classes redefined (0 events):
No events

Internal exceptions (20 events):
Event: 20.511 Thread 0x000001bd0f1faa10 Exception <a 'java/lang/NoSuchMethodError'{0x00000000aa380238}: 'java.lang.Object java.lang.invoke.DirectMethodHandle$Holder.newInvokeSpecial(java.lang.Object, java.lang.Object, java.lang.Object, java.lang.Object, java.lang.Object, java.lang.Object, java.lang.Object, int)'> (0x00000000aa380238) 
thrown [s\src\hotspot\share\interpreter\linkResolver.cpp, line 771]
Event: 20.512 Thread 0x000001bd0f1faa10 Exception <a 'java/lang/NoSuchMethodError'{0x00000000aa3857f8}: 'java.lang.Object java.lang.invoke.DirectMethodHandle$Holder.invokeSpecial(java.lang.Object, java.lang.Object, java.lang.Object, java.lang.Object, java.lang.Object, java.lang.Object, java.lang.Object, java.lang.Object, int)'> (0x00000000aa3857f8) 
thrown [s\src\hotspot\share\interpreter\linkResolver.cpp, line 771]
Event: 20.512 Thread 0x000001bd0f1faa10 Exception <a 'java/lang/NoSuchMethodError'{0x00000000aa38a4e0}: 'java.lang.Object java.lang.invoke.Invokers$Holder.linkToTargetMethod(java.lang.Object, java.lang.Object, java.lang.Object, java.lang.Object, java.lang.Object, java.lang.Object, int, java.lang.Object)'> (0x00000000aa38a4e0) 
thrown [s\src\hotspot\share\interpreter\linkResolver.cpp, line 771]
Event: 20.580 Thread 0x000001bd0f1faa10 Exception <a 'sun/nio/fs/WindowsException'{0x00000000aa15def0}> (0x00000000aa15def0) 
thrown [s\src\hotspot\share\prims\jni.cpp, line 517]
Event: 20.580 Thread 0x000001bd0f1faa10 Exception <a 'sun/nio/fs/WindowsException'{0x00000000aa15e6d8}> (0x00000000aa15e6d8) 
thrown [s\src\hotspot\share\prims\jni.cpp, line 517]
Event: 20.593 Thread 0x000001bd19d49c10 Implicit null exception at 0x000001bd07d66183 to 0x000001bd07d66368
Event: 20.632 Thread 0x000001bd0f1faa10 Exception <a 'java/lang/NoSuchMethodError'{0x00000000aa0dd7d8}: 'java.lang.Object java.lang.invoke.Invokers$Holder.invoke_MT(java.lang.Object, java.lang.Object, java.lang.Object)'> (0x00000000aa0dd7d8) 
thrown [s\src\hotspot\share\interpreter\linkResolver.cpp, line 771]
Event: 20.926 Thread 0x000001bd0f1faa10 Exception <a 'java/lang/NoSuchMethodError'{0x00000000a9da7098}: 'java.lang.Object java.lang.invoke.DirectMethodHandle$Holder.invokeVirtual(java.lang.Object, java.lang.Object, int)'> (0x00000000a9da7098) 
thrown [s\src\hotspot\share\interpreter\linkResolver.cpp, line 771]
Event: 20.927 Thread 0x000001bd0f1faa10 Implicit null exception at 0x000001bd07c9a64b to 0x000001bd07c9a670
Event: 21.064 Thread 0x000001bd11ca1070 Exception <a 'java/lang/NoSuchMethodError'{0x00000000a9ceb760}: 'java.lang.Object java.lang.invoke.DirectMethodHandle$Holder.invokeSpecial(java.lang.Object, java.lang.Object, java.lang.Object, java.lang.Object, int, java.lang.Object, java.lang.Object)'> (0x00000000a9ceb760) 
thrown [s\src\hotspot\share\interpreter\linkResolver.cpp, line 771]
Event: 21.068 Thread 0x000001bd11ca1070 Exception <a 'java/lang/NoSuchMethodError'{0x00000000a9a36e20}: 'int java.lang.invoke.DirectMethodHandle$Holder.invokeVirtual(java.lang.Object, java.lang.Object, java.lang.Object)'> (0x00000000a9a36e20) 
thrown [s\src\hotspot\share\interpreter\linkResolver.cpp, line 771]
Event: 22.472 Thread 0x000001bd1137a820 Implicit null exception at 0x000001bd07b884f5 to 0x000001bd07b88c38
Event: 22.600 Thread 0x000001bd1137a820 Implicit null exception at 0x000001bd07d618f2 to 0x000001bd07d62024
Event: 313.900 Thread 0x000001bd14e0ef10 Implicit null exception at 0x000001bd08062ec4 to 0x000001bd0806393c
Event: 313.900 Thread 0x000001bd14e0ef10 Implicit null exception at 0x000001bd0810dfcd to 0x000001bd0810f06c
Event: 314.319 Thread 0x000001bd14e0ef10 Exception <a 'sun/nio/fs/WindowsException'{0x00000000ad0a4348}> (0x00000000ad0a4348) 
thrown [s\src\hotspot\share\prims\jni.cpp, line 517]
Event: 439.867 Thread 0x000001bd19cf2090 Exception <a 'sun/nio/fs/WindowsException'{0x00000000a81c3f60}> (0x00000000a81c3f60) 
thrown [s\src\hotspot\share\prims\jni.cpp, line 517]
Event: 444.062 Thread 0x000001bd19cf2090 Exception <a 'sun/nio/fs/WindowsException'{0x00000000a9684958}> (0x00000000a9684958) 
thrown [s\src\hotspot\share\prims\jni.cpp, line 517]
Event: 473.080 Thread 0x000001bd19cf2090 Exception <a 'sun/nio/fs/WindowsException'{0x00000000aa823608}> (0x00000000aa823608) 
thrown [s\src\hotspot\share\prims\jni.cpp, line 517]
Event: 724.930 Thread 0x000001bd0f1f7520 Exception <a 'sun/nio/fs/WindowsException'{0x00000000afd14ce0}> (0x00000000afd14ce0) 
thrown [s\src\hotspot\share\prims\jni.cpp, line 517]

VM Operations (20 events):
Event: 645.707 Executing VM operation: Cleanup
Event: 645.707 Executing VM operation: Cleanup done
Event: 670.917 Executing VM operation: Cleanup
Event: 670.917 Executing VM operation: Cleanup done
Event: 683.018 Executing VM operation: Cleanup
Event: 683.018 Executing VM operation: Cleanup done
Event: 695.115 Executing VM operation: Cleanup
Event: 695.115 Executing VM operation: Cleanup done
Event: 724.375 Executing VM operation: Cleanup
Event: 724.375 Executing VM operation: Cleanup done
Event: 724.871 Executing VM operation: HandshakeAllThreads
Event: 724.872 Executing VM operation: HandshakeAllThreads done
Event: 724.918 Executing VM operation: G1CollectForAllocation
Event: 724.926 Executing VM operation: G1CollectForAllocation done
Event: 724.931 Executing VM operation: HandshakeAllThreads
Event: 724.931 Executing VM operation: HandshakeAllThreads done
Event: 725.049 Executing VM operation: HandshakeAllThreads
Event: 725.050 Executing VM operation: HandshakeAllThreads done
Event: 725.578 Executing VM operation: ICBufferFull
Event: 725.579 Executing VM operation: ICBufferFull done

Events (20 events):
Event: 725.075 Thread 0x000001bd7f4ca520 flushing nmethod 0x000001bd012fe690
Event: 725.075 Thread 0x000001bd7f4ca520 flushing nmethod 0x000001bd01302f90
Event: 725.075 Thread 0x000001bd7f4ca520 flushing nmethod 0x000001bd01311f90
Event: 725.075 Thread 0x000001bd7f4ca520 flushing nmethod 0x000001bd0131d690
Event: 725.075 Thread 0x000001bd7f4ca520 flushing nmethod 0x000001bd0132a190
Event: 725.075 Thread 0x000001bd7f4ca520 flushing nmethod 0x000001bd0136fd10
Event: 725.075 Thread 0x000001bd7f4ca520 flushing nmethod 0x000001bd0138a910
Event: 725.075 Thread 0x000001bd7f4ca520 flushing nmethod 0x000001bd013a9110
Event: 725.075 Thread 0x000001bd7f4ca520 flushing nmethod 0x000001bd013fb190
Event: 725.076 Thread 0x000001bd7f4ca520 flushing nmethod 0x000001bd01400590
Event: 725.076 Thread 0x000001bd7f4ca520 flushing nmethod 0x000001bd01401910
Event: 725.076 Thread 0x000001bd7f4ca520 flushing nmethod 0x000001bd01482610
Event: 725.076 Thread 0x000001bd7f4ca520 flushing nmethod 0x000001bd014b3090
Event: 725.079 Thread 0x000001bd7f4ca520 flushing nmethod 0x000001bd01719890
Event: 725.079 Thread 0x000001bd7f4ca520 flushing nmethod 0x000001bd01782a10
Event: 725.081 Thread 0x000001bd7f4ca520 flushing nmethod 0x000001bd01945e10
Event: 725.081 Thread 0x000001bd7f4ca520 flushing nmethod 0x000001bd01948690
Event: 725.647 Thread 0x000001bd19cf3d70 Thread added: 0x000001bd19cf3d70
Event: 725.710 Thread 0x000001bd1167fbd0 Thread added: 0x000001bd1167fbd0
Event: 725.872 Thread 0x000001bd11681d80 Thread added: 0x000001bd11681d80


Dynamic libraries:
0x00007ff7277e0000 - 0x00007ff7277ea000 	C:\Program Files\Android\Android Studio\jbr\bin\java.exe
0x00007ffbfaea0000 - 0x00007ffbfb0a9000 	C:\WINDOWS\SYSTEM32\ntdll.dll
0x00007ffbfa340000 - 0x00007ffbfa3fd000 	C:\WINDOWS\System32\KERNEL32.DLL
0x00007ffbf8810000 - 0x00007ffbf8b94000 	C:\WINDOWS\System32\KERNELBASE.dll
0x00007ffbbb090000 - 0x00007ffbbb165000 	C:\Program Files\Bitdefender\Bitdefender Security\bdhkm\dlls_266764098127901759\bdhkm64.dll
0x00007ffbbaf00000 - 0x00007ffbbb059000 	C:\Program Files\Bitdefender\Bitdefender Security\atcuf\dlls_266764098058018199\atcuf64.dll
0x00007ffbf8330000 - 0x00007ffbf8441000 	C:\WINDOWS\System32\ucrtbase.dll
0x00007ffb9d6b0000 - 0x00007ffb9d6c7000 	C:\Program Files\Android\Android Studio\jbr\bin\jli.dll
0x00007ffbf9610000 - 0x00007ffbf97bd000 	C:\WINDOWS\System32\USER32.dll
0x00007ffbf8cc0000 - 0x00007ffbf8ce6000 	C:\WINDOWS\System32\win32u.dll
0x00007ffbf8d10000 - 0x00007ffbf8d3a000 	C:\WINDOWS\System32\GDI32.dll
0x00007ffbf8ba0000 - 0x00007ffbf8cbe000 	C:\WINDOWS\System32\gdi32full.dll
0x00007ffbf8600000 - 0x00007ffbf869d000 	C:\WINDOWS\System32\msvcp_win.dll
0x00007ffb64e30000 - 0x00007ffb64e4b000 	C:\Program Files\Android\Android Studio\jbr\bin\VCRUNTIME140.dll
0x00007ffbe0440000 - 0x00007ffbe06e5000 	C:\WINDOWS\WinSxS\amd64_microsoft.windows.common-controls_6595b64144ccf1df_6.0.22000.120_none_9d947278b86cc467\COMCTL32.dll
0x00007ffbfa280000 - 0x00007ffbfa323000 	C:\WINDOWS\System32\msvcrt.dll
0x00007ffbf8fd0000 - 0x00007ffbf9001000 	C:\WINDOWS\System32\IMM32.DLL
0x00007ffb7ed20000 - 0x00007ffb7ed2c000 	C:\Program Files\Android\Android Studio\jbr\bin\vcruntime140_1.dll
0x00007ffb1cea0000 - 0x00007ffb1cf2d000 	C:\Program Files\Android\Android Studio\jbr\bin\msvcp140.dll
0x00007ffb2ec40000 - 0x00007ffb2f8ae000 	C:\Program Files\Android\Android Studio\jbr\bin\server\jvm.dll
0x00007ffbf97c0000 - 0x00007ffbf986e000 	C:\WINDOWS\System32\ADVAPI32.dll
0x00007ffbfa1e0000 - 0x00007ffbfa27e000 	C:\WINDOWS\System32\sechost.dll
0x00007ffbf98e0000 - 0x00007ffbf9a01000 	C:\WINDOWS\System32\RPCRT4.dll
0x00007ffbc34f0000 - 0x00007ffbc34f9000 	C:\WINDOWS\SYSTEM32\WSOCK32.dll
0x00007ffbfad90000 - 0x00007ffbfadff000 	C:\WINDOWS\System32\WS2_32.dll
0x00007ffbf2250000 - 0x00007ffbf2283000 	C:\WINDOWS\SYSTEM32\WINMM.dll
0x00007ffbf2810000 - 0x00007ffbf281a000 	C:\WINDOWS\SYSTEM32\VERSION.dll
0x00007ffbf7490000 - 0x00007ffbf74a8000 	C:\WINDOWS\SYSTEM32\kernel.appcore.dll
0x00007ffbf30a0000 - 0x00007ffbf30aa000 	C:\Program Files\Android\Android Studio\jbr\bin\jimage.dll
0x00007ffbecc80000 - 0x00007ffbecea1000 	C:\WINDOWS\SYSTEM32\DBGHELP.DLL
0x00007ffbcde00000 - 0x00007ffbcde31000 	C:\WINDOWS\SYSTEM32\dbgcore.DLL
0x00007ffbf84c0000 - 0x00007ffbf853f000 	C:\WINDOWS\System32\bcryptPrimitives.dll
0x00007ffbd0e40000 - 0x00007ffbd0e65000 	C:\Program Files\Android\Android Studio\jbr\bin\java.dll
0x00007ffbc5790000 - 0x00007ffbc57a8000 	C:\Program Files\Android\Android Studio\jbr\bin\zip.dll
0x00007ffbf9a10000 - 0x00007ffbfa1d5000 	C:\WINDOWS\System32\SHELL32.dll
0x00007ffbf6400000 - 0x00007ffbf6c62000 	C:\WINDOWS\SYSTEM32\windows.storage.dll
0x00007ffbfa400000 - 0x00007ffbfa776000 	C:\WINDOWS\System32\combase.dll
0x00007ffbf6290000 - 0x00007ffbf63f7000 	C:\WINDOWS\SYSTEM32\wintypes.dll
0x00007ffbf91b0000 - 0x00007ffbf929a000 	C:\WINDOWS\System32\SHCORE.dll
0x00007ffbf9880000 - 0x00007ffbf98dd000 	C:\WINDOWS\System32\shlwapi.dll
0x00007ffbf8260000 - 0x00007ffbf8285000 	C:\WINDOWS\SYSTEM32\profapi.dll
0x00007ffbc5770000 - 0x00007ffbc5789000 	C:\Program Files\Android\Android Studio\jbr\bin\net.dll
0x00007ffbf1ba0000 - 0x00007ffbf1cb4000 	C:\WINDOWS\SYSTEM32\WINHTTP.dll
0x00007ffbf7940000 - 0x00007ffbf79a7000 	C:\WINDOWS\system32\mswsock.dll
0x00007ffbc5750000 - 0x00007ffbc5766000 	C:\Program Files\Android\Android Studio\jbr\bin\nio.dll
0x00007ffbbb5a0000 - 0x00007ffbbb5b0000 	C:\Program Files\Android\Android Studio\jbr\bin\verify.dll
0x00007ffb954d0000 - 0x00007ffb954f7000 	C:\Users\sscho\.gradle\native\e1d6ef7f7dcc3fd88c89a11ec53ec762bb8ba0a96d01ffa2cd45eb1d1d8dd5c5\windows-amd64\native-platform.dll
0x00007ffb1b820000 - 0x00007ffb1b964000 	C:\Users\sscho\.gradle\native\5664cfc778a61ccfe75a443a1ab52a65af34e5dc3c78e0209fed803814484fcb\windows-amd64\native-platform-file-events.dll
0x00007ffb9d6f0000 - 0x00007ffb9d6f9000 	C:\Program Files\Android\Android Studio\jbr\bin\management.dll
0x00007ffb9d6e0000 - 0x00007ffb9d6eb000 	C:\Program Files\Android\Android Studio\jbr\bin\management_ext.dll
0x00007ffbfa330000 - 0x00007ffbfa338000 	C:\WINDOWS\System32\PSAPI.DLL
0x00007ffbf7b80000 - 0x00007ffbf7b98000 	C:\WINDOWS\SYSTEM32\CRYPTSP.dll
0x00007ffbf73f0000 - 0x00007ffbf7425000 	C:\WINDOWS\system32\rsaenh.dll
0x00007ffbf7a30000 - 0x00007ffbf7a5c000 	C:\WINDOWS\SYSTEM32\USERENV.dll
0x00007ffbf7d00000 - 0x00007ffbf7d27000 	C:\WINDOWS\SYSTEM32\bcrypt.dll
0x00007ffbf7ba0000 - 0x00007ffbf7bac000 	C:\WINDOWS\SYSTEM32\CRYPTBASE.dll
0x00007ffbf6f30000 - 0x00007ffbf6f5d000 	C:\WINDOWS\SYSTEM32\IPHLPAPI.DLL
0x00007ffbf9870000 - 0x00007ffbf9879000 	C:\WINDOWS\System32\NSI.dll
0x00007ffbf2860000 - 0x00007ffbf2879000 	C:\WINDOWS\SYSTEM32\dhcpcsvc6.DLL
0x00007ffbf2b40000 - 0x00007ffbf2b5e000 	C:\WINDOWS\SYSTEM32\dhcpcsvc.DLL
0x00007ffbf6fa0000 - 0x00007ffbf7087000 	C:\WINDOWS\SYSTEM32\DNSAPI.dll
0x00007ffba4490000 - 0x00007ffba4498000 	C:\WINDOWS\system32\wshunix.dll

dbghelp: loaded successfully - version: 4.0.5 - missing functions: none
symbol engine: initialized successfully - sym options: 0x614 - pdb path: .;C:\Program Files\Android\Android Studio\jbr\bin;C:\WINDOWS\SYSTEM32;C:\Program Files\Bitdefender\Bitdefender Security\bdhkm\dlls_266764098127901759;C:\Program Files\Bitdefender\Bitdefender Security\atcuf\dlls_266764098058018199;C:\WINDOWS\WinSxS\amd64_microsoft.windows.common-controls_6595b64144ccf1df_6.0.22000.120_none_9d947278b86cc467;C:\Program Files\Android\Android Studio\jbr\bin\server;C:\Users\sscho\.gradle\native\e1d6ef7f7dcc3fd88c89a11ec53ec762bb8ba0a96d01ffa2cd45eb1d1d8dd5c5\windows-amd64;C:\Users\sscho\.gradle\native\5664cfc778a61ccfe75a443a1ab52a65af34e5dc3c78e0209fed803814484fcb\windows-amd64

VM Arguments:
jvm_args: --add-exports=java.base/sun.nio.ch=ALL-UNNAMED --add-opens=java.base/java.lang=ALL-UNNAMED --add-opens=java.base/java.lang.reflect=ALL-UNNAMED --add-opens=java.base/java.io=ALL-UNNAMED --add-exports=jdk.unsupported/sun.misc=ALL-UNNAMED --add-opens=java.base/java.util=ALL-UNNAMED --add-opens=java.base/java.lang=ALL-UNNAMED --add-opens=java.base/java.lang.invoke=ALL-UNNAMED --add-opens=java.base/java.util=ALL-UNNAMED --add-opens=java.prefs/java.util.prefs=ALL-UNNAMED --add-opens=java.prefs/java.util.prefs=ALL-UNNAMED --add-opens=java.base/java.nio.charset=ALL-UNNAMED --add-opens=java.base/java.net=ALL-UNNAMED --add-opens=java.base/java.util.concurrent.atomic=ALL-UNNAMED -Xmx1536m -Dfile.encoding=windows-1252 -Duser.country=GB -Duser.language=en -Duser.variant 
java_command: org.gradle.launcher.daemon.bootstrap.GradleDaemon 7.2
java_class_path (initial): C:\Users\sscho\.gradle\wrapper\dists\gradle-7.2-bin\2dnblmf4td7x66yl1d74lt32g\gradle-7.2\lib\gradle-launcher-7.2.jar
Launcher Type: SUN_STANDARD

[Global flags]
     intx CICompilerCount                          = 4                                         {product} {ergonomic}
     uint ConcGCThreads                            = 2                                         {product} {ergonomic}
     uint G1ConcRefinementThreads                  = 8                                         {product} {ergonomic}
   size_t G1HeapRegionSize                         = 1048576                                   {product} {ergonomic}
    uintx GCDrainStackTargetSize                   = 64                                        {product} {ergonomic}
   size_t InitialHeapSize                          = 266338304                                 {product} {ergonomic}
   size_t MarkStackSize                            = 4194304                                   {product} {ergonomic}
   size_t MaxHeapSize                              = 1610612736                                {product} {command line}
   size_t MaxNewSize                               = 965738496                                 {product} {ergonomic}
   size_t MinHeapDeltaBytes                        = 1048576                                   {product} {ergonomic}
   size_t MinHeapSize                              = 8388608                                   {product} {ergonomic}
    uintx NonNMethodCodeHeapSize                   = 5839372                                {pd product} {ergonomic}
    uintx NonProfiledCodeHeapSize                  = 122909434                              {pd product} {ergonomic}
    uintx ProfiledCodeHeapSize                     = 122909434                              {pd product} {ergonomic}
    uintx ReservedCodeCacheSize                    = 251658240                              {pd product} {ergonomic}
     bool SegmentedCodeCache                       = true                                      {product} {ergonomic}
   size_t SoftMaxHeapSize                          = 1610612736                             {manageable} {ergonomic}
     bool UseCompressedClassPointers               = true                           {product lp64_product} {ergonomic}
     bool UseCompressedOops                        = true                           {product lp64_product} {ergonomic}
     bool UseG1GC                                  = true                                      {product} {ergonomic}
     bool UseLargePagesIndividualAllocation        = false                                  {pd product} {ergonomic}

Logging:
Log output configuration:
 #0: stdout all=warning uptime,level,tags
 #1: stderr all=off uptime,level,tags

Environment Variables:
PATH=C:\Windows\system32;C:\Windows;C:\Windows\System32\Wbem;C:\Windows\System32\WindowsPowerShell\v1.0\;C:\Windows\System32\OpenSSH\;C:\Program Files (x86)\NVIDIA Corporation\PhysX\Common;C:\Program Files\NVIDIA Corporation\NVIDIA NvDLISR;C:\Program Files\Git\cmd;C:\WINDOWS\system32;C:\WINDOWS;C:\WINDOWS\System32\Wbem;C:\WINDOWS\System32\WindowsPowerShell\v1.0\;C:\WINDOWS\System32\OpenSSH\;C:\Program Files\Java\jdk-21\bin;C:\Program Files\dotnet\;C:\Users\sscho\AppData\Local\Programs\Python\Python39\Scripts\;C:\Users\sscho\AppData\Local\Programs\Python\Python39\;C:\Users\sscho\AppData\Local\Microsoft\WindowsApps;C:\Users\sscho\AppData\Local\Programs\Microsoft VS Code\bin;C:\Users\sscho\AppData\Local\GitHubDesktop\bin;C:\sqlite;C:\Users\Screencast\apache-maven-3.9.0\bin;;C:\Users\sscho\AppData\Local\Programs\Julia-1.9.3\bin
USERNAME=sscho
OS=Windows_NT
PROCESSOR_IDENTIFIER=Intel64 Family 6 Model 142 Stepping 12, GenuineIntel
TMP=C:\Users\sscho\AppData\Local\Temp
TEMP=C:\Users\sscho\AppData\Local\Temp


JNI global refs:
JNI global refs: 28, weak refs: 14

JNI global refs memory usage: 843, weak refs: 841


---------------  S Y S T E M  ---------------

OS:
 Windows 11 , 64 bit Build 22000 (10.0.22000.2538)
OS uptime: 0 days 0:18 hours

CPU: total 8 (initial active 8) (4 cores per cpu, 2 threads per core) family 6 model 142 stepping 12 microcode 0xde, cx8, cmov, fxsr, ht, mmx, 3dnowpref, sse, sse2, sse3, ssse3, sse4.1, sse4.2, popcnt, lzcnt, tsc, tscinvbit, avx, avx2, aes, erms, clmul, bmi1, bmi2, adx, fma, vzeroupper, clflush, clflushopt

Memory: 4k page, system-wide physical 16219M (3805M free)
TotalPageFile size 16219M (AvailPageFile size 5M)
current process WorkingSet (physical memory assigned to process): 462M, peak: 483M
current process commit charge ("private bytes"): 497M, peak: 518M

vm_info: OpenJDK 64-Bit Server VM (17.0.6+0-b2043.56-10027231) for windows-amd64 JRE (17.0.6+0-b2043.56-10027231), built on Apr 28 2023 00:43:19 by "androidbuild" with MS VC++ 16.10 / 16.11 (VS2019)

END.
