#
# There is insufficient memory for the Java Runtime Environment to continue.
# Native memory allocation (malloc) failed to allocate 2294176 bytes for Chunk::new
# Possible reasons:
#   The system is out of physical RAM or swap space
#   The process is running with CompressedOops enabled, and the Java Heap may be blocking the growth of the native heap
# Possible solutions:
#   Reduce memory load on the system
#   Increase physical memory or swap space
#   Check if swap backing store is full
#   Decrease Java heap size (-Xmx/-Xms)
#   Decrease number of Java threads
#   Decrease Java thread stack sizes (-Xss)
#   Set larger code cache with -XX:ReservedCodeCacheSize=
#   JVM is running with Unscaled Compressed Oops mode in which the Java heap is
#     placed in the first 4GB address space. The Java Heap base address is the
#     maximum limit for the native heap growth. Please use -XX:HeapBaseMinAddress
#     to set the Java Heap base and to place the Java Heap above 4GB virtual address.
# This output file may be truncated or incomplete.
#
#  Out of Memory Error (arena.cpp:189), pid=23664, tid=10880
#
# JRE version: OpenJDK Runtime Environment (17.0.6) (build 17.0.6+0-b2043.56-10027231)
# Java VM: OpenJDK 64-Bit Server VM (17.0.6+0-b2043.56-10027231, mixed mode, tiered, compressed oops, compressed class ptrs, g1 gc, windows-amd64)
# No core dump will be written. Minidumps are not enabled by default on client versions of Windows
#

---------------  S U M M A R Y ------------

Command Line: --add-exports=java.base/sun.nio.ch=ALL-UNNAMED --add-opens=java.base/java.lang=ALL-UNNAMED --add-opens=java.base/java.lang.reflect=ALL-UNNAMED --add-opens=java.base/java.io=ALL-UNNAMED --add-exports=jdk.unsupported/sun.misc=ALL-UNNAMED --add-opens=java.base/java.util=ALL-UNNAMED --add-opens=java.base/java.lang=ALL-UNNAMED --add-opens=java.base/java.lang.invoke=ALL-UNNAMED --add-opens=java.base/java.util=ALL-UNNAMED --add-opens=java.prefs/java.util.prefs=ALL-UNNAMED --add-opens=java.prefs/java.util.prefs=ALL-UNNAMED --add-opens=java.base/java.nio.charset=ALL-UNNAMED --add-opens=java.base/java.net=ALL-UNNAMED --add-opens=java.base/java.util.concurrent.atomic=ALL-UNNAMED -Xmx1536m -Dfile.encoding=windows-1252 -Duser.country=GB -Duser.language=en -Duser.variant org.gradle.launcher.daemon.bootstrap.GradleDaemon 7.2

Host: Intel(R) Core(TM) i5-10210U CPU @ 1.60GHz, 8 cores, 15G,  Windows 11 , 64 bit Build 22000 (10.0.22000.2538)
Time: Fri Dec  1 16:20:54 2023 W. Europe Standard Time elapsed time: 89.321462 seconds (0d 0h 1m 29s)

---------------  T H R E A D  ---------------

Current thread (0x000001cabd4d4e30):  JavaThread "C2 CompilerThread2" daemon [_thread_in_native, id=10880, stack(0x0000003ca7700000,0x0000003ca7800000)]


Current CompileTask:
C2:  89321 8697       4       com.sun.org.apache.xerces.internal.impl.XMLNSDocumentScannerImpl::scanStartElement (1031 bytes)

Stack: [0x0000003ca7700000,0x0000003ca7800000]
Native frames: (J=compiled Java code, j=interpreted, Vv=VM code, C=native code)
V  [jvm.dll+0x683c9a]
V  [jvm.dll+0x8427a4]
V  [jvm.dll+0x843f9e]
V  [jvm.dll+0x844603]
V  [jvm.dll+0x249b75]
V  [jvm.dll+0xabcac]
V  [jvm.dll+0xac27c]
V  [jvm.dll+0x368857]
V  [jvm.dll+0x332f31]
V  [jvm.dll+0x3323da]
V  [jvm.dll+0x21c201]
V  [jvm.dll+0x21b621]
V  [jvm.dll+0x1a4fdd]
V  [jvm.dll+0x22b098]
V  [jvm.dll+0x229159]
V  [jvm.dll+0x7f81ec]
V  [jvm.dll+0x7f274a]
V  [jvm.dll+0x682ad5]
C  [ucrtbase.dll+0x26c0c]
C  [KERNEL32.DLL+0x153e0]
C  [ntdll.dll+0x485b]


---------------  P R O C E S S  ---------------

Threads class SMR info:
_java_thread_list=0x000001cabc648ef0, length=125, elements={
0x000001ca9d5ee090, 0x000001cab9445010, 0x000001cab9449ab0, 0x000001cab9488c60,
0x000001cab9489520, 0x000001cab9489ed0, 0x000001cab948a880, 0x000001cab947f6f0,
0x000001cab94835e0, 0x000001cab949b260, 0x000001cab961d010, 0x000001cab961d8f0,
0x000001cabadc9460, 0x000001cab96f8b30, 0x000001cabc553800, 0x000001cabc8d3080,
0x000001cabcb6a1b0, 0x000001cabbe04e70, 0x000001cabbe03660, 0x000001cabbe027f0,
0x000001cabbe044d0, 0x000001cabbe02cc0, 0x000001cabbe02320, 0x000001cabbe05340,
0x000001cabbe05810, 0x000001cabbe03b30, 0x000001cabbe01e50, 0x000001cabbe04000,
0x000001cabba15060, 0x000001cabba1a700, 0x000001cabba13850, 0x000001cabba16d40,
0x000001cabba19890, 0x000001cabba15ed0, 0x000001cabba15a00, 0x000001cabba17210,
0x000001cabba193c0, 0x000001cabba176e0, 0x000001cabba163a0, 0x000001cabba17bb0,
0x000001cabba18080, 0x000001cabba13380, 0x000001cabba16870, 0x000001cabba18a20,
0x000001cabba146c0, 0x000001cabba14b90, 0x000001cac0022bf0, 0x000001cac0020a40,
0x000001cac0023f30, 0x000001cac00265b0, 0x000001cac0025270, 0x000001cac0020570,
0x000001cac0020f10, 0x000001cac00213e0, 0x000001cac0025c10, 0x000001cac0022720,
0x000001cac00230c0, 0x000001cac00218b0, 0x000001cac0021d80, 0x000001cac0027420,
0x000001cac0024da0, 0x000001cac00260e0, 0x000001cac0025740, 0x000001cac0022250,
0x000001cac0026a80, 0x000001cac0024400, 0x000001cac00200a0, 0x000001cac0026f50,
0x000001cac0023590, 0x000001cac00278f0, 0x000001cac0023a60, 0x000001cac00248d0,
0x000001cabd6fe6a0, 0x000001cabd6ffeb0, 0x000001cabd6fd360, 0x000001cabd700380,
0x000001cabd7033a0, 0x000001cabd702a00, 0x000001cabd6feb70, 0x000001cabd6ff040,
0x000001cabd700850, 0x000001cabd6ff9e0, 0x000001cabd6ff510, 0x000001cabd6fc4f0,
0x000001cabd6fc9c0, 0x000001cabd700d20, 0x000001cabd702060, 0x000001cabd6fe1d0,
0x000001cabd701b90, 0x000001cabd6fce90, 0x000001cabd7011f0, 0x000001cabd702ed0,
0x000001cabd7016c0, 0x000001cabd702530, 0x000001cabd703870, 0x000001cabd6fc020,
0x000001cabd6fd830, 0x000001cabd6fdd00, 0x000001cabfe951a0, 0x000001cabfe95670,
0x000001cabfe95b40, 0x000001cabfe8e2f0, 0x000001cabfe91cb0, 0x000001cabfe92650,
0x000001cabfe8fb00, 0x000001cabfe8e7c0, 0x000001cabfe92180, 0x000001cabfe8f160,
0x000001cabfe92b20, 0x000001cabfe8ec90, 0x000001cabfe92ff0, 0x000001cabfe8f630,
0x000001cabfe934c0, 0x000001cabfe8ffd0, 0x000001cabfe93990, 0x000001cabfe904a0,
0x000001cabfe90e40, 0x000001cabfe90970, 0x000001cabfe91310, 0x000001cabfe917e0,
0x000001cabfe93e60, 0x000001cabfe94330, 0x000001cabf82e740, 0x000001cabd4d2ac0,
0x000001cabd4d4e30
}

Java Threads: ( => current thread )
  0x000001ca9d5ee090 JavaThread "main" [_thread_blocked, id=13044, stack(0x0000003c9e700000,0x0000003c9e800000)]
  0x000001cab9445010 JavaThread "Reference Handler" daemon [_thread_blocked, id=23392, stack(0x0000003c9ee00000,0x0000003c9ef00000)]
  0x000001cab9449ab0 JavaThread "Finalizer" daemon [_thread_blocked, id=22132, stack(0x0000003c9ef00000,0x0000003c9f000000)]
  0x000001cab9488c60 JavaThread "Signal Dispatcher" daemon [_thread_blocked, id=4356, stack(0x0000003c9f000000,0x0000003c9f100000)]
  0x000001cab9489520 JavaThread "Attach Listener" daemon [_thread_blocked, id=2940, stack(0x0000003c9f100000,0x0000003c9f200000)]
  0x000001cab9489ed0 JavaThread "Service Thread" daemon [_thread_blocked, id=20092, stack(0x0000003c9f200000,0x0000003c9f300000)]
  0x000001cab948a880 JavaThread "Monitor Deflation Thread" daemon [_thread_blocked, id=2224, stack(0x0000003c9f300000,0x0000003c9f400000)]
  0x000001cab947f6f0 JavaThread "C2 CompilerThread0" daemon [_thread_in_native, id=24532, stack(0x0000003c9f400000,0x0000003c9f500000)]
  0x000001cab94835e0 JavaThread "C1 CompilerThread0" daemon [_thread_blocked, id=9904, stack(0x0000003c9f500000,0x0000003c9f600000)]
  0x000001cab949b260 JavaThread "Sweeper thread" daemon [_thread_blocked, id=18996, stack(0x0000003c9f600000,0x0000003c9f700000)]
  0x000001cab961d010 JavaThread "Common-Cleaner" daemon [_thread_blocked, id=7836, stack(0x0000003c9f700000,0x0000003c9f800000)]
  0x000001cab961d8f0 JavaThread "Notification Thread" daemon [_thread_blocked, id=12292, stack(0x0000003c9f800000,0x0000003c9f900000)]
  0x000001cabadc9460 JavaThread "Daemon health stats" [_thread_blocked, id=14848, stack(0x0000003ca0100000,0x0000003ca0200000)]
  0x000001cab96f8b30 JavaThread "Incoming local TCP Connector on port 59149" [_thread_in_native, id=14940, stack(0x0000003c9fa00000,0x0000003c9fb00000)]
  0x000001cabc553800 JavaThread "Daemon periodic checks" [_thread_blocked, id=8632, stack(0x0000003c9fb00000,0x0000003c9fc00000)]
  0x000001cabc8d3080 JavaThread "Daemon" [_thread_blocked, id=17104, stack(0x0000003ca0200000,0x0000003ca0300000)]
  0x000001cabcb6a1b0 JavaThread "Handler for socket connection from /127.0.0.1:59149 to /127.0.0.1:59150" [_thread_in_native, id=14736, stack(0x0000003ca0300000,0x0000003ca0400000)]
  0x000001cabbe04e70 JavaThread "Cancel handler" [_thread_blocked, id=23560, stack(0x0000003ca0400000,0x0000003ca0500000)]
  0x000001cabbe03660 JavaThread "Daemon worker" [_thread_in_Java, id=23216, stack(0x0000003ca0500000,0x0000003ca0600000)]
  0x000001cabbe027f0 JavaThread "Asynchronous log dispatcher for DefaultDaemonConnection: socket connection from /127.0.0.1:59149 to /127.0.0.1:59150" [_thread_blocked, id=16808, stack(0x0000003ca0600000,0x0000003ca0700000)]
  0x000001cabbe044d0 JavaThread "Daemon client event forwarder" [_thread_blocked, id=13984, stack(0x0000003ca0800000,0x0000003ca0900000)]
  0x000001cabbe02cc0 JavaThread "Cache worker for journal cache (C:\Users\sscho\.gradle\caches\journal-1)" [_thread_blocked, id=3172, stack(0x0000003ca0c00000,0x0000003ca0d00000)]
  0x000001cabbe02320 JavaThread "File lock request listener" [_thread_in_native, id=24376, stack(0x0000003ca0d00000,0x0000003ca0e00000)]
  0x000001cabbe05340 JavaThread "Cache worker for file hash cache (C:\Users\sscho\.gradle\caches\7.2\fileHashes)" [_thread_blocked, id=22324, stack(0x0000003ca0e00000,0x0000003ca0f00000)]
  0x000001cabbe05810 JavaThread "Cache worker for file hash cache (C:\Scotti_Scholter_Marichal\UniversityMannheim\Wirtschaftsinformatik\5_Sevilla Semester\SSII\PAIs\SSII\PAI5\MyApplication\.gradle\7.2\fileHashes)" [_thread_blocked, id=24456, stack(0x0000003ca1000000,0x0000003ca1100000)]
  0x000001cabbe03b30 JavaThread "File watcher server" daemon [_thread_in_native, id=21360, stack(0x0000003ca1100000,0x0000003ca1200000)]
  0x000001cabbe01e50 JavaThread "File watcher consumer" daemon [_thread_blocked, id=16924, stack(0x0000003ca1200000,0x0000003ca1300000)]
  0x000001cabbe04000 JavaThread "Cache worker for checksums cache (C:\Scotti_Scholter_Marichal\UniversityMannheim\Wirtschaftsinformatik\5_Sevilla Semester\SSII\PAIs\SSII\PAI5\MyApplication\.gradle\checksums)" [_thread_blocked, id=3296, stack(0x0000003ca1300000,0x0000003ca1400000)]
  0x000001cabba15060 JavaThread "Cache worker for cache directory md-supplier (C:\Users\sscho\.gradle\caches\7.2\md-supplier)" [_thread_blocked, id=9516, stack(0x0000003ca1500000,0x0000003ca1600000)]
  0x000001cabba1a700 JavaThread "Cache worker for cache directory md-rule (C:\Users\sscho\.gradle\caches\7.2\md-rule)" [_thread_blocked, id=1308, stack(0x0000003ca1600000,0x0000003ca1700000)]
  0x000001cabba13850 JavaThread "Cache worker for execution history cache (C:\Users\sscho\.gradle\caches\7.2\executionHistory)" [_thread_blocked, id=17552, stack(0x0000003ca1700000,0x0000003ca1800000)]
  0x000001cabba16d40 JavaThread "jar transforms" [_thread_blocked, id=10648, stack(0x0000003ca1800000,0x0000003ca1900000)]
  0x000001cabba19890 JavaThread "jar transforms Thread 2" [_thread_blocked, id=20984, stack(0x0000003ca1900000,0x0000003ca1a00000)]
  0x000001cabba15ed0 JavaThread "Cache worker for file content cache (C:\Users\sscho\.gradle\caches\7.2\fileContent)" [_thread_blocked, id=24136, stack(0x0000003ca1a00000,0x0000003ca1b00000)]
  0x000001cabba15a00 JavaThread "jar transforms Thread 3" [_thread_blocked, id=11112, stack(0x0000003ca1b00000,0x0000003ca1c00000)]
  0x000001cabba17210 JavaThread "jar transforms Thread 4" [_thread_blocked, id=5340, stack(0x0000003ca1c00000,0x0000003ca1d00000)]
  0x000001cabba193c0 JavaThread "Cache worker for dependencies-accessors (C:\Scotti_Scholter_Marichal\UniversityMannheim\Wirtschaftsinformatik\5_Sevilla Semester\SSII\PAIs\SSII\PAI5\MyApplication\.gradle\7.2\dependencies-accessors)" [_thread_blocked, id=14596, stack(0x0000003ca1d00000,0x0000003ca1e00000)]
  0x000001cabba176e0 JavaThread "jar transforms Thread 5" [_thread_blocked, id=6272, stack(0x0000003ca1e00000,0x0000003ca1f00000)]
  0x000001cabba163a0 JavaThread "Cache worker for Build Output Cleanup Cache (C:\Scotti_Scholter_Marichal\UniversityMannheim\Wirtschaftsinformatik\5_Sevilla Semester\SSII\PAIs\SSII\PAI5\MyApplication\.gradle\buildOutputCleanup)" [_thread_blocked, id=9172, stack(0x0000003ca1f00000,0x0000003ca2000000)]
  0x000001cabba17bb0 JavaThread "Unconstrained build operations" [_thread_blocked, id=21244, stack(0x0000003ca2000000,0x0000003ca2100000)]
  0x000001cabba18080 JavaThread "Unconstrained build operations Thread 2" [_thread_blocked, id=948, stack(0x0000003ca2100000,0x0000003ca2200000)]
  0x000001cabba13380 JavaThread "Unconstrained build operations Thread 3" [_thread_blocked, id=8912, stack(0x0000003ca2200000,0x0000003ca2300000)]
  0x000001cabba16870 JavaThread "Unconstrained build operations Thread 4" [_thread_blocked, id=22872, stack(0x0000003ca2300000,0x0000003ca2400000)]
  0x000001cabba18a20 JavaThread "Unconstrained build operations Thread 5" [_thread_blocked, id=22612, stack(0x0000003ca2400000,0x0000003ca2500000)]
  0x000001cabba146c0 JavaThread "Unconstrained build operations Thread 6" [_thread_blocked, id=22988, stack(0x0000003ca2500000,0x0000003ca2600000)]
  0x000001cabba14b90 JavaThread "Unconstrained build operations Thread 7" [_thread_blocked, id=1832, stack(0x0000003ca2600000,0x0000003ca2700000)]
  0x000001cac0022bf0 JavaThread "Unconstrained build operations Thread 8" [_thread_blocked, id=23912, stack(0x0000003ca2700000,0x0000003ca2800000)]
  0x000001cac0020a40 JavaThread "Unconstrained build operations Thread 9" [_thread_blocked, id=14932, stack(0x0000003ca2800000,0x0000003ca2900000)]
  0x000001cac0023f30 JavaThread "Unconstrained build operations Thread 10" [_thread_blocked, id=12272, stack(0x0000003ca2900000,0x0000003ca2a00000)]
  0x000001cac00265b0 JavaThread "Unconstrained build operations Thread 11" [_thread_blocked, id=8544, stack(0x0000003ca2a00000,0x0000003ca2b00000)]
  0x000001cac0025270 JavaThread "Unconstrained build operations Thread 12" [_thread_blocked, id=10364, stack(0x0000003ca2b00000,0x0000003ca2c00000)]
  0x000001cac0020570 JavaThread "Unconstrained build operations Thread 13" [_thread_blocked, id=12108, stack(0x0000003ca2c00000,0x0000003ca2d00000)]
  0x000001cac0020f10 JavaThread "Unconstrained build operations Thread 14" [_thread_blocked, id=16776, stack(0x0000003ca2d00000,0x0000003ca2e00000)]
  0x000001cac00213e0 JavaThread "Unconstrained build operations Thread 15" [_thread_blocked, id=19876, stack(0x0000003ca2e00000,0x0000003ca2f00000)]
  0x000001cac0025c10 JavaThread "Unconstrained build operations Thread 16" [_thread_blocked, id=17256, stack(0x0000003ca2f00000,0x0000003ca3000000)]
  0x000001cac0022720 JavaThread "Unconstrained build operations Thread 17" [_thread_blocked, id=16820, stack(0x0000003ca3000000,0x0000003ca3100000)]
  0x000001cac00230c0 JavaThread "Unconstrained build operations Thread 18" [_thread_blocked, id=13888, stack(0x0000003ca3100000,0x0000003ca3200000)]
  0x000001cac00218b0 JavaThread "Unconstrained build operations Thread 19" [_thread_blocked, id=2248, stack(0x0000003ca3200000,0x0000003ca3300000)]
  0x000001cac0021d80 JavaThread "Unconstrained build operations Thread 20" [_thread_blocked, id=16992, stack(0x0000003ca3300000,0x0000003ca3400000)]
  0x000001cac0027420 JavaThread "Unconstrained build operations Thread 21" [_thread_blocked, id=12420, stack(0x0000003ca3400000,0x0000003ca3500000)]
  0x000001cac0024da0 JavaThread "Unconstrained build operations Thread 22" [_thread_blocked, id=11804, stack(0x0000003ca3500000,0x0000003ca3600000)]
  0x000001cac00260e0 JavaThread "Unconstrained build operations Thread 23" [_thread_blocked, id=9496, stack(0x0000003ca3600000,0x0000003ca3700000)]
  0x000001cac0025740 JavaThread "Unconstrained build operations Thread 24" [_thread_blocked, id=24356, stack(0x0000003ca3700000,0x0000003ca3800000)]
  0x000001cac0022250 JavaThread "Unconstrained build operations Thread 25" [_thread_blocked, id=24044, stack(0x0000003ca3800000,0x0000003ca3900000)]
  0x000001cac0026a80 JavaThread "Unconstrained build operations Thread 26" [_thread_blocked, id=10384, stack(0x0000003ca3900000,0x0000003ca3a00000)]
  0x000001cac0024400 JavaThread "Unconstrained build operations Thread 27" [_thread_blocked, id=6124, stack(0x0000003ca3a00000,0x0000003ca3b00000)]
  0x000001cac00200a0 JavaThread "Unconstrained build operations Thread 28" [_thread_blocked, id=16736, stack(0x0000003ca3b00000,0x0000003ca3c00000)]
  0x000001cac0026f50 JavaThread "Unconstrained build operations Thread 29" [_thread_blocked, id=4948, stack(0x0000003ca3c00000,0x0000003ca3d00000)]
  0x000001cac0023590 JavaThread "Unconstrained build operations Thread 30" [_thread_blocked, id=22056, stack(0x0000003ca3d00000,0x0000003ca3e00000)]
  0x000001cac00278f0 JavaThread "Unconstrained build operations Thread 31" [_thread_blocked, id=16984, stack(0x0000003ca3e00000,0x0000003ca3f00000)]
  0x000001cac0023a60 JavaThread "Unconstrained build operations Thread 32" [_thread_blocked, id=21252, stack(0x0000003ca3f00000,0x0000003ca4000000)]
  0x000001cac00248d0 JavaThread "Unconstrained build operations Thread 33" [_thread_blocked, id=15856, stack(0x0000003ca4000000,0x0000003ca4100000)]
  0x000001cabd6fe6a0 JavaThread "Unconstrained build operations Thread 34" [_thread_blocked, id=12280, stack(0x0000003ca4100000,0x0000003ca4200000)]
  0x000001cabd6ffeb0 JavaThread "Unconstrained build operations Thread 35" [_thread_blocked, id=23480, stack(0x0000003ca4200000,0x0000003ca4300000)]
  0x000001cabd6fd360 JavaThread "Unconstrained build operations Thread 36" [_thread_blocked, id=22328, stack(0x0000003ca4300000,0x0000003ca4400000)]
  0x000001cabd700380 JavaThread "Unconstrained build operations Thread 37" [_thread_blocked, id=20992, stack(0x0000003ca4400000,0x0000003ca4500000)]
  0x000001cabd7033a0 JavaThread "Unconstrained build operations Thread 38" [_thread_blocked, id=4080, stack(0x0000003ca4500000,0x0000003ca4600000)]
  0x000001cabd702a00 JavaThread "Unconstrained build operations Thread 39" [_thread_blocked, id=22060, stack(0x0000003ca4600000,0x0000003ca4700000)]
  0x000001cabd6feb70 JavaThread "Unconstrained build operations Thread 40" [_thread_blocked, id=6960, stack(0x0000003ca4700000,0x0000003ca4800000)]
  0x000001cabd6ff040 JavaThread "Unconstrained build operations Thread 41" [_thread_blocked, id=3676, stack(0x0000003ca4800000,0x0000003ca4900000)]
  0x000001cabd700850 JavaThread "Unconstrained build operations Thread 42" [_thread_blocked, id=20988, stack(0x0000003ca4900000,0x0000003ca4a00000)]
  0x000001cabd6ff9e0 JavaThread "Unconstrained build operations Thread 43" [_thread_blocked, id=20620, stack(0x0000003ca4a00000,0x0000003ca4b00000)]
  0x000001cabd6ff510 JavaThread "Unconstrained build operations Thread 44" [_thread_blocked, id=20504, stack(0x0000003ca4b00000,0x0000003ca4c00000)]
  0x000001cabd6fc4f0 JavaThread "Unconstrained build operations Thread 45" [_thread_blocked, id=15088, stack(0x0000003ca4c00000,0x0000003ca4d00000)]
  0x000001cabd6fc9c0 JavaThread "Unconstrained build operations Thread 46" [_thread_blocked, id=6148, stack(0x0000003ca4d00000,0x0000003ca4e00000)]
  0x000001cabd700d20 JavaThread "Unconstrained build operations Thread 47" [_thread_blocked, id=4060, stack(0x0000003ca4e00000,0x0000003ca4f00000)]
  0x000001cabd702060 JavaThread "Unconstrained build operations Thread 48" [_thread_blocked, id=21624, stack(0x0000003ca4f00000,0x0000003ca5000000)]
  0x000001cabd6fe1d0 JavaThread "Unconstrained build operations Thread 49" [_thread_blocked, id=16968, stack(0x0000003ca5000000,0x0000003ca5100000)]
  0x000001cabd701b90 JavaThread "Unconstrained build operations Thread 50" [_thread_blocked, id=24428, stack(0x0000003ca5100000,0x0000003ca5200000)]
  0x000001cabd6fce90 JavaThread "Unconstrained build operations Thread 51" [_thread_blocked, id=19664, stack(0x0000003ca5200000,0x0000003ca5300000)]
  0x000001cabd7011f0 JavaThread "Unconstrained build operations Thread 52" [_thread_blocked, id=14784, stack(0x0000003ca5300000,0x0000003ca5400000)]
  0x000001cabd702ed0 JavaThread "Unconstrained build operations Thread 53" [_thread_blocked, id=20344, stack(0x0000003ca5400000,0x0000003ca5500000)]
  0x000001cabd7016c0 JavaThread "Unconstrained build operations Thread 54" [_thread_blocked, id=11652, stack(0x0000003ca5500000,0x0000003ca5600000)]
  0x000001cabd702530 JavaThread "Unconstrained build operations Thread 55" [_thread_blocked, id=21416, stack(0x0000003ca5600000,0x0000003ca5700000)]
  0x000001cabd703870 JavaThread "Unconstrained build operations Thread 56" [_thread_blocked, id=3076, stack(0x0000003ca5700000,0x0000003ca5800000)]
  0x000001cabd6fc020 JavaThread "Unconstrained build operations Thread 57" [_thread_blocked, id=8588, stack(0x0000003ca5800000,0x0000003ca5900000)]
  0x000001cabd6fd830 JavaThread "Unconstrained build operations Thread 58" [_thread_blocked, id=16856, stack(0x0000003ca5900000,0x0000003ca5a00000)]
  0x000001cabd6fdd00 JavaThread "Unconstrained build operations Thread 59" [_thread_blocked, id=10888, stack(0x0000003ca5a00000,0x0000003ca5b00000)]
  0x000001cabfe951a0 JavaThread "Unconstrained build operations Thread 60" [_thread_blocked, id=19244, stack(0x0000003ca5b00000,0x0000003ca5c00000)]
  0x000001cabfe95670 JavaThread "Unconstrained build operations Thread 61" [_thread_blocked, id=22112, stack(0x0000003ca5c00000,0x0000003ca5d00000)]
  0x000001cabfe95b40 JavaThread "Unconstrained build operations Thread 62" [_thread_blocked, id=22964, stack(0x0000003ca5d00000,0x0000003ca5e00000)]
  0x000001cabfe8e2f0 JavaThread "Unconstrained build operations Thread 63" [_thread_blocked, id=20804, stack(0x0000003ca5e00000,0x0000003ca5f00000)]
  0x000001cabfe91cb0 JavaThread "Unconstrained build operations Thread 64" [_thread_blocked, id=6968, stack(0x0000003ca5f00000,0x0000003ca6000000)]
  0x000001cabfe92650 JavaThread "Unconstrained build operations Thread 65" [_thread_blocked, id=9600, stack(0x0000003ca6000000,0x0000003ca6100000)]
  0x000001cabfe8fb00 JavaThread "Unconstrained build operations Thread 66" [_thread_blocked, id=10352, stack(0x0000003ca6100000,0x0000003ca6200000)]
  0x000001cabfe8e7c0 JavaThread "Unconstrained build operations Thread 67" [_thread_blocked, id=15232, stack(0x0000003ca6200000,0x0000003ca6300000)]
  0x000001cabfe92180 JavaThread "Unconstrained build operations Thread 68" [_thread_blocked, id=17356, stack(0x0000003ca6300000,0x0000003ca6400000)]
  0x000001cabfe8f160 JavaThread "Unconstrained build operations Thread 69" [_thread_blocked, id=932, stack(0x0000003ca6400000,0x0000003ca6500000)]
  0x000001cabfe92b20 JavaThread "Unconstrained build operations Thread 70" [_thread_blocked, id=9200, stack(0x0000003ca6500000,0x0000003ca6600000)]
  0x000001cabfe8ec90 JavaThread "Unconstrained build operations Thread 71" [_thread_blocked, id=18268, stack(0x0000003ca6600000,0x0000003ca6700000)]
  0x000001cabfe92ff0 JavaThread "Unconstrained build operations Thread 72" [_thread_blocked, id=4376, stack(0x0000003ca6700000,0x0000003ca6800000)]
  0x000001cabfe8f630 JavaThread "Unconstrained build operations Thread 73" [_thread_blocked, id=19588, stack(0x0000003ca6800000,0x0000003ca6900000)]
  0x000001cabfe934c0 JavaThread "Unconstrained build operations Thread 74" [_thread_blocked, id=2060, stack(0x0000003ca6900000,0x0000003ca6a00000)]
  0x000001cabfe8ffd0 JavaThread "Unconstrained build operations Thread 75" [_thread_blocked, id=22684, stack(0x0000003ca6a00000,0x0000003ca6b00000)]
  0x000001cabfe93990 JavaThread "Unconstrained build operations Thread 76" [_thread_blocked, id=18312, stack(0x0000003ca6b00000,0x0000003ca6c00000)]
  0x000001cabfe904a0 JavaThread "Unconstrained build operations Thread 77" [_thread_blocked, id=4984, stack(0x0000003ca6c00000,0x0000003ca6d00000)]
  0x000001cabfe90e40 JavaThread "Unconstrained build operations Thread 78" [_thread_blocked, id=9900, stack(0x0000003ca6d00000,0x0000003ca6e00000)]
  0x000001cabfe90970 JavaThread "Unconstrained build operations Thread 79" [_thread_blocked, id=7408, stack(0x0000003ca6e00000,0x0000003ca6f00000)]
  0x000001cabfe91310 JavaThread "Unconstrained build operations Thread 80" [_thread_blocked, id=20200, stack(0x0000003ca6f00000,0x0000003ca7000000)]
  0x000001cabfe917e0 JavaThread "jar transforms Thread 6" [_thread_blocked, id=22052, stack(0x0000003ca7000000,0x0000003ca7100000)]
  0x000001cabfe93e60 JavaThread "jar transforms Thread 7" [_thread_blocked, id=20968, stack(0x0000003ca7100000,0x0000003ca7200000)]
  0x000001cabfe94330 JavaThread "jar transforms Thread 8" [_thread_blocked, id=1488, stack(0x0000003ca7200000,0x0000003ca7300000)]
  0x000001cabf82e740 JavaThread "Memory manager" [_thread_blocked, id=6320, stack(0x0000003ca7400000,0x0000003ca7500000)]
  0x000001cabd4d2ac0 JavaThread "C2 CompilerThread1" daemon [_thread_in_native, id=19916, stack(0x0000003ca0700000,0x0000003ca0800000)]
=>0x000001cabd4d4e30 JavaThread "C2 CompilerThread2" daemon [_thread_in_native, id=10880, stack(0x0000003ca7700000,0x0000003ca7800000)]

Other Threads:
  0x000001cab8926d60 VMThread "VM Thread" [stack: 0x0000003c9ed00000,0x0000003c9ee00000] [id=11340]
  0x000001ca9d65a660 WatcherThread [stack: 0x0000003c9f900000,0x0000003c9fa00000] [id=20348]
  0x000001ca9d639610 GCTaskThread "GC Thread#0" [stack: 0x0000003c9e800000,0x0000003c9e900000] [id=23860]
  0x000001cab96fcf10 GCTaskThread "GC Thread#1" [stack: 0x0000003c9fc00000,0x0000003c9fd00000] [id=24404]
  0x000001cab9cfb5a0 GCTaskThread "GC Thread#2" [stack: 0x0000003c9fd00000,0x0000003c9fe00000] [id=2968]
  0x000001cab9fbf730 GCTaskThread "GC Thread#3" [stack: 0x0000003c9fe00000,0x0000003c9ff00000] [id=23756]
  0x000001cab9fbf9e0 GCTaskThread "GC Thread#4" [stack: 0x0000003c9ff00000,0x0000003ca0000000] [id=5044]
  0x000001cab9fbfc90 GCTaskThread "GC Thread#5" [stack: 0x0000003ca0000000,0x0000003ca0100000] [id=12812]
  0x000001cabadca7b0 GCTaskThread "GC Thread#6" [stack: 0x0000003ca0900000,0x0000003ca0a00000] [id=13452]
  0x000001cabadcaa60 GCTaskThread "GC Thread#7" [stack: 0x0000003ca0a00000,0x0000003ca0b00000] [id=3392]
  0x000001ca9d646550 ConcurrentGCThread "G1 Main Marker" [stack: 0x0000003c9e900000,0x0000003c9ea00000] [id=22504]
  0x000001ca9d647700 ConcurrentGCThread "G1 Conc#0" [stack: 0x0000003c9ea00000,0x0000003c9eb00000] [id=7696]
  0x000001cabadcafc0 ConcurrentGCThread "G1 Conc#1" [stack: 0x0000003ca0b00000,0x0000003ca0c00000] [id=16160]
  0x000001ca9d6ae140 ConcurrentGCThread "G1 Refine#0" [stack: 0x0000003c9eb00000,0x0000003c9ec00000] [id=18336]
  0x000001cabb8869e0 ConcurrentGCThread "G1 Refine#1" [stack: 0x0000003ca7300000,0x0000003ca7400000] [id=16140]
  0x000001cabb8ce910 ConcurrentGCThread "G1 Refine#2" [stack: 0x0000003ca7500000,0x0000003ca7600000] [id=19624]
  0x000001cabb8cd7d0 ConcurrentGCThread "G1 Refine#3" [stack: 0x0000003ca7600000,0x0000003ca7700000] [id=10456]
  0x000001ca9d6aeb60 ConcurrentGCThread "G1 Service" [stack: 0x0000003c9ec00000,0x0000003c9ed00000] [id=21828]

Threads with active compile tasks:
C2 CompilerThread0    89376 8751   !   4       com.sun.org.apache.xerces.internal.parsers.AbstractSAXParser::startElement (318 bytes)
C2 CompilerThread1    89377 8659   !   4       com.sun.org.apache.xerces.internal.impl.XMLDocumentFragmentScannerImpl$FragmentContentDriver::next (2331 bytes)
C2 CompilerThread2    89377 8697       4       com.sun.org.apache.xerces.internal.impl.XMLNSDocumentScannerImpl::scanStartElement (1031 bytes)

VM state: not at safepoint (normal execution)

VM Mutex/Monitor currently owned by a thread: None

Heap address: 0x00000000a0000000, size: 1536 MB, Compressed Oops mode: 32-bit

CDS archive(s) not mapped
Compressed class space mapped at: 0x0000000100000000-0x0000000140000000, reserved size: 1073741824
Narrow klass base: 0x0000000000000000, Narrow klass shift: 3, Narrow klass range: 0x140000000

GC Precious Log:
 CPUs: 8 total, 8 available
 Memory: 16219M
 Large Page Support: Disabled
 NUMA Support: Disabled
 Compressed Oops: Enabled (32-bit)
 Heap Region Size: 1M
 Heap Min Capacity: 8M
 Heap Initial Capacity: 254M
 Heap Max Capacity: 1536M
 Pre-touch: Disabled
 Parallel Workers: 8
 Concurrent Workers: 2
 Concurrent Refinement Workers: 8
 Periodic GC: Disabled

Heap:
 garbage-first heap   total 124928K, used 79281K [0x00000000a0000000, 0x0000000100000000)
  region size 1024K, 11 young (11264K), 1 survivors (1024K)
 Metaspace       used 79459K, committed 80064K, reserved 1122304K
  class space    used 10510K, committed 10752K, reserved 1048576K

Heap Regions: E=young(eden), S=young(survivor), O=old, HS=humongous(starts), HC=humongous(continues), CS=collection set, F=free, OA=open archive, CA=closed archive, TAMS=top-at-mark-start (previous, next)
|   0|0x00000000a0000000, 0x00000000a0100000, 0x00000000a0100000|100%| O|  |TAMS 0x00000000a0100000, 0x00000000a0000000| Untracked 
|   1|0x00000000a0100000, 0x00000000a0200000, 0x00000000a0200000|100%| O|  |TAMS 0x00000000a0200000, 0x00000000a0100000| Untracked 
|   2|0x00000000a0200000, 0x00000000a0300000, 0x00000000a0300000|100%| O|  |TAMS 0x00000000a0300000, 0x00000000a0200000| Untracked 
|   3|0x00000000a0300000, 0x00000000a0400000, 0x00000000a0400000|100%|HS|  |TAMS 0x00000000a0400000, 0x00000000a0300000| Complete 
|   4|0x00000000a0400000, 0x00000000a0500000, 0x00000000a0500000|100%|HC|  |TAMS 0x00000000a0500000, 0x00000000a0400000| Complete 
|   5|0x00000000a0500000, 0x00000000a0600000, 0x00000000a0600000|100%|HC|  |TAMS 0x00000000a0600000, 0x00000000a0500000| Complete 
|   6|0x00000000a0600000, 0x00000000a0700000, 0x00000000a0700000|100%| O|  |TAMS 0x00000000a0700000, 0x00000000a0600000| Untracked 
|   7|0x00000000a0700000, 0x00000000a0800000, 0x00000000a0800000|100%| O|  |TAMS 0x00000000a0800000, 0x00000000a0700000| Untracked 
|   8|0x00000000a0800000, 0x00000000a0900000, 0x00000000a0900000|100%| O|  |TAMS 0x00000000a0900000, 0x00000000a0800000| Untracked 
|   9|0x00000000a0900000, 0x00000000a0a00000, 0x00000000a0a00000|100%| O|  |TAMS 0x00000000a0a00000, 0x00000000a0900000| Untracked 
|  10|0x00000000a0a00000, 0x00000000a0b00000, 0x00000000a0b00000|100%| O|  |TAMS 0x00000000a0b00000, 0x00000000a0a00000| Untracked 
|  11|0x00000000a0b00000, 0x00000000a0c00000, 0x00000000a0c00000|100%|HS|  |TAMS 0x00000000a0c00000, 0x00000000a0b00000| Complete 
|  12|0x00000000a0c00000, 0x00000000a0d00000, 0x00000000a0d00000|100%| O|  |TAMS 0x00000000a0d00000, 0x00000000a0c00000| Untracked 
|  13|0x00000000a0d00000, 0x00000000a0e00000, 0x00000000a0e00000|100%| O|  |TAMS 0x00000000a0e00000, 0x00000000a0d00000| Untracked 
|  14|0x00000000a0e00000, 0x00000000a0f00000, 0x00000000a0f00000|100%| O|  |TAMS 0x00000000a0f00000, 0x00000000a0e00000| Untracked 
|  15|0x00000000a0f00000, 0x00000000a1000000, 0x00000000a1000000|100%| O|  |TAMS 0x00000000a1000000, 0x00000000a0f00000| Untracked 
|  16|0x00000000a1000000, 0x00000000a1100000, 0x00000000a1100000|100%| O|  |TAMS 0x00000000a1100000, 0x00000000a1000000| Untracked 
|  17|0x00000000a1100000, 0x00000000a1200000, 0x00000000a1200000|100%| O|  |TAMS 0x00000000a1200000, 0x00000000a1100000| Untracked 
|  18|0x00000000a1200000, 0x00000000a1300000, 0x00000000a1300000|100%| O|  |TAMS 0x00000000a1300000, 0x00000000a1200000| Untracked 
|  19|0x00000000a1300000, 0x00000000a1400000, 0x00000000a1400000|100%| O|  |TAMS 0x00000000a1400000, 0x00000000a1300000| Untracked 
|  20|0x00000000a1400000, 0x00000000a1500000, 0x00000000a1500000|100%| O|  |TAMS 0x00000000a1500000, 0x00000000a1400000| Untracked 
|  21|0x00000000a1500000, 0x00000000a1600000, 0x00000000a1600000|100%| O|  |TAMS 0x00000000a1600000, 0x00000000a1500000| Untracked 
|  22|0x00000000a1600000, 0x00000000a1700000, 0x00000000a1700000|100%| O|  |TAMS 0x00000000a1700000, 0x00000000a1600000| Untracked 
|  23|0x00000000a1700000, 0x00000000a1800000, 0x00000000a1800000|100%| O|  |TAMS 0x00000000a1800000, 0x00000000a1700000| Untracked 
|  24|0x00000000a1800000, 0x00000000a1900000, 0x00000000a1900000|100%| O|  |TAMS 0x00000000a1900000, 0x00000000a1800000| Untracked 
|  25|0x00000000a1900000, 0x00000000a1901200, 0x00000000a1a00000|  0%| O|  |TAMS 0x00000000a1900000, 0x00000000a1900000| Untracked 
|  26|0x00000000a1a00000, 0x00000000a1b00000, 0x00000000a1b00000|100%|HS|  |TAMS 0x00000000a1b00000, 0x00000000a1a00000| Complete 
|  27|0x00000000a1b00000, 0x00000000a1c00000, 0x00000000a1c00000|100%|HC|  |TAMS 0x00000000a1c00000, 0x00000000a1b00000| Complete 
|  28|0x00000000a1c00000, 0x00000000a1d00000, 0x00000000a1d00000|100%| O|  |TAMS 0x00000000a1d00000, 0x00000000a1c00000| Untracked 
|  29|0x00000000a1d00000, 0x00000000a1e00000, 0x00000000a1e00000|100%| O|  |TAMS 0x00000000a1e00000, 0x00000000a1d00000| Untracked 
|  30|0x00000000a1e00000, 0x00000000a1f00000, 0x00000000a1f00000|100%| O|  |TAMS 0x00000000a1f00000, 0x00000000a1e00000| Untracked 
|  31|0x00000000a1f00000, 0x00000000a2000000, 0x00000000a2000000|100%| O|  |TAMS 0x00000000a2000000, 0x00000000a1f00000| Untracked 
|  32|0x00000000a2000000, 0x00000000a2100000, 0x00000000a2100000|100%| O|  |TAMS 0x00000000a2100000, 0x00000000a2000000| Untracked 
|  33|0x00000000a2100000, 0x00000000a2200000, 0x00000000a2200000|100%| O|  |TAMS 0x00000000a2200000, 0x00000000a2100000| Untracked 
|  34|0x00000000a2200000, 0x00000000a2300000, 0x00000000a2300000|100%| O|  |TAMS 0x00000000a2300000, 0x00000000a2200000| Untracked 
|  35|0x00000000a2300000, 0x00000000a2400000, 0x00000000a2400000|100%| O|  |TAMS 0x00000000a2400000, 0x00000000a2300000| Untracked 
|  36|0x00000000a2400000, 0x00000000a2500000, 0x00000000a2500000|100%| O|  |TAMS 0x00000000a2500000, 0x00000000a2400000| Untracked 
|  37|0x00000000a2500000, 0x00000000a2600000, 0x00000000a2600000|100%| O|  |TAMS 0x00000000a2600000, 0x00000000a2500000| Untracked 
|  38|0x00000000a2600000, 0x00000000a2700000, 0x00000000a2700000|100%| O|  |TAMS 0x00000000a2700000, 0x00000000a2600000| Untracked 
|  39|0x00000000a2700000, 0x00000000a2800000, 0x00000000a2800000|100%| O|  |TAMS 0x00000000a2800000, 0x00000000a2700000| Untracked 
|  40|0x00000000a2800000, 0x00000000a2900000, 0x00000000a2900000|100%| O|  |TAMS 0x00000000a2900000, 0x00000000a2800000| Untracked 
|  41|0x00000000a2900000, 0x00000000a2a00000, 0x00000000a2a00000|100%| O|  |TAMS 0x00000000a2a00000, 0x00000000a2900000| Untracked 
|  42|0x00000000a2a00000, 0x00000000a2b00000, 0x00000000a2b00000|100%| O|  |TAMS 0x00000000a2b00000, 0x00000000a2a00000| Untracked 
|  43|0x00000000a2b00000, 0x00000000a2c00000, 0x00000000a2c00000|100%| O|  |TAMS 0x00000000a2c00000, 0x00000000a2b00000| Untracked 
|  44|0x00000000a2c00000, 0x00000000a2d00000, 0x00000000a2d00000|100%| O|  |TAMS 0x00000000a2d00000, 0x00000000a2c00000| Untracked 
|  45|0x00000000a2d00000, 0x00000000a2e00000, 0x00000000a2e00000|100%| O|  |TAMS 0x00000000a2e00000, 0x00000000a2d00000| Untracked 
|  46|0x00000000a2e00000, 0x00000000a2f00000, 0x00000000a2f00000|100%| O|  |TAMS 0x00000000a2f00000, 0x00000000a2e00000| Untracked 
|  47|0x00000000a2f00000, 0x00000000a3000000, 0x00000000a3000000|100%| O|  |TAMS 0x00000000a3000000, 0x00000000a2f00000| Untracked 
|  48|0x00000000a3000000, 0x00000000a3100000, 0x00000000a3100000|100%| O|  |TAMS 0x00000000a3100000, 0x00000000a3000000| Untracked 
|  49|0x00000000a3100000, 0x00000000a3200000, 0x00000000a3200000|100%| O|  |TAMS 0x00000000a3200000, 0x00000000a3100000| Untracked 
|  50|0x00000000a3200000, 0x00000000a3300000, 0x00000000a3300000|100%| O|  |TAMS 0x00000000a3300000, 0x00000000a3200000| Untracked 
|  51|0x00000000a3300000, 0x00000000a3400000, 0x00000000a3400000|100%| O|  |TAMS 0x00000000a3400000, 0x00000000a3300000| Untracked 
|  52|0x00000000a3400000, 0x00000000a3500000, 0x00000000a3500000|100%| O|  |TAMS 0x00000000a3500000, 0x00000000a3400000| Untracked 
|  53|0x00000000a3500000, 0x00000000a3600000, 0x00000000a3600000|100%| O|  |TAMS 0x00000000a3600000, 0x00000000a3500000| Untracked 
|  54|0x00000000a3600000, 0x00000000a3700000, 0x00000000a3700000|100%| O|  |TAMS 0x00000000a3700000, 0x00000000a3600000| Untracked 
|  55|0x00000000a3700000, 0x00000000a3800000, 0x00000000a3800000|100%| O|  |TAMS 0x00000000a3800000, 0x00000000a3700000| Untracked 
|  56|0x00000000a3800000, 0x00000000a3900000, 0x00000000a3900000|100%| O|  |TAMS 0x00000000a3900000, 0x00000000a3800000| Untracked 
|  57|0x00000000a3900000, 0x00000000a3a00000, 0x00000000a3a00000|100%| O|  |TAMS 0x00000000a3a00000, 0x00000000a3900000| Untracked 
|  58|0x00000000a3a00000, 0x00000000a3b00000, 0x00000000a3b00000|100%| O|  |TAMS 0x00000000a3b00000, 0x00000000a3a00000| Untracked 
|  59|0x00000000a3b00000, 0x00000000a3c00000, 0x00000000a3c00000|100%| O|  |TAMS 0x00000000a3c00000, 0x00000000a3b00000| Untracked 
|  60|0x00000000a3c00000, 0x00000000a3d00000, 0x00000000a3d00000|100%| O|  |TAMS 0x00000000a3d00000, 0x00000000a3c00000| Untracked 
|  61|0x00000000a3d00000, 0x00000000a3d00000, 0x00000000a3e00000|  0%| F|  |TAMS 0x00000000a3d00000, 0x00000000a3d00000| Untracked 
|  62|0x00000000a3e00000, 0x00000000a3f00000, 0x00000000a3f00000|100%| O|  |TAMS 0x00000000a3f00000, 0x00000000a3e00000| Untracked 
|  63|0x00000000a3f00000, 0x00000000a4000000, 0x00000000a4000000|100%| O|  |TAMS 0x00000000a4000000, 0x00000000a3f00000| Untracked 
|  64|0x00000000a4000000, 0x00000000a4100000, 0x00000000a4100000|100%| O|  |TAMS 0x00000000a4100000, 0x00000000a4000000| Untracked 
|  65|0x00000000a4100000, 0x00000000a4200000, 0x00000000a4200000|100%| O|  |TAMS 0x00000000a4200000, 0x00000000a4100000| Untracked 
|  66|0x00000000a4200000, 0x00000000a4300000, 0x00000000a4300000|100%| O|  |TAMS 0x00000000a4300000, 0x00000000a4200000| Untracked 
|  67|0x00000000a4300000, 0x00000000a4400000, 0x00000000a4400000|100%| O|  |TAMS 0x00000000a4400000, 0x00000000a4300000| Untracked 
|  68|0x00000000a4400000, 0x00000000a4500000, 0x00000000a4500000|100%| O|  |TAMS 0x00000000a4500000, 0x00000000a4400000| Untracked 
|  69|0x00000000a4500000, 0x00000000a4600000, 0x00000000a4600000|100%| O|  |TAMS 0x00000000a45af400, 0x00000000a4500000| Untracked 
|  70|0x00000000a4600000, 0x00000000a4600000, 0x00000000a4700000|  0%| F|  |TAMS 0x00000000a4600000, 0x00000000a4600000| Untracked 
|  71|0x00000000a4700000, 0x00000000a4700000, 0x00000000a4800000|  0%| F|  |TAMS 0x00000000a4700000, 0x00000000a4700000| Untracked 
|  72|0x00000000a4800000, 0x00000000a4800000, 0x00000000a4900000|  0%| F|  |TAMS 0x00000000a4800000, 0x00000000a4800000| Untracked 
|  73|0x00000000a4900000, 0x00000000a4900000, 0x00000000a4a00000|  0%| F|  |TAMS 0x00000000a4900000, 0x00000000a4900000| Untracked 
|  74|0x00000000a4a00000, 0x00000000a4a00000, 0x00000000a4b00000|  0%| F|  |TAMS 0x00000000a4a00000, 0x00000000a4a00000| Untracked 
|  75|0x00000000a4b00000, 0x00000000a4b00000, 0x00000000a4c00000|  0%| F|  |TAMS 0x00000000a4b00000, 0x00000000a4b00000| Untracked 
|  76|0x00000000a4c00000, 0x00000000a4c00000, 0x00000000a4d00000|  0%| F|  |TAMS 0x00000000a4c00000, 0x00000000a4c00000| Untracked 
|  77|0x00000000a4d00000, 0x00000000a4d00000, 0x00000000a4e00000|  0%| F|  |TAMS 0x00000000a4d00000, 0x00000000a4d00000| Untracked 
|  78|0x00000000a4e00000, 0x00000000a4e00000, 0x00000000a4f00000|  0%| F|  |TAMS 0x00000000a4e00000, 0x00000000a4e00000| Untracked 
|  79|0x00000000a4f00000, 0x00000000a4f00000, 0x00000000a5000000|  0%| F|  |TAMS 0x00000000a4f00000, 0x00000000a4f00000| Untracked 
|  80|0x00000000a5000000, 0x00000000a5000000, 0x00000000a5100000|  0%| F|  |TAMS 0x00000000a5000000, 0x00000000a5000000| Untracked 
|  81|0x00000000a5100000, 0x00000000a516b4b0, 0x00000000a5200000| 41%| S|CS|TAMS 0x00000000a5100000, 0x00000000a5100000| Complete 
|  82|0x00000000a5200000, 0x00000000a5200000, 0x00000000a5300000|  0%| F|  |TAMS 0x00000000a5200000, 0x00000000a5200000| Untracked 
|  83|0x00000000a5300000, 0x00000000a5300000, 0x00000000a5400000|  0%| F|  |TAMS 0x00000000a5300000, 0x00000000a5300000| Untracked 
|  84|0x00000000a5400000, 0x00000000a5400000, 0x00000000a5500000|  0%| F|  |TAMS 0x00000000a5400000, 0x00000000a5400000| Untracked 
|  85|0x00000000a5500000, 0x00000000a5500000, 0x00000000a5600000|  0%| F|  |TAMS 0x00000000a5500000, 0x00000000a5500000| Untracked 
|  86|0x00000000a5600000, 0x00000000a5600000, 0x00000000a5700000|  0%| F|  |TAMS 0x00000000a5600000, 0x00000000a5600000| Untracked 
|  87|0x00000000a5700000, 0x00000000a5700000, 0x00000000a5800000|  0%| F|  |TAMS 0x00000000a5700000, 0x00000000a5700000| Untracked 
|  88|0x00000000a5800000, 0x00000000a5800000, 0x00000000a5900000|  0%| F|  |TAMS 0x00000000a5800000, 0x00000000a5800000| Untracked 
|  89|0x00000000a5900000, 0x00000000a5900000, 0x00000000a5a00000|  0%| F|  |TAMS 0x00000000a5900000, 0x00000000a5900000| Untracked 
|  90|0x00000000a5a00000, 0x00000000a5a00000, 0x00000000a5b00000|  0%| F|  |TAMS 0x00000000a5a00000, 0x00000000a5a00000| Untracked 
|  91|0x00000000a5b00000, 0x00000000a5b00000, 0x00000000a5c00000|  0%| F|  |TAMS 0x00000000a5b00000, 0x00000000a5b00000| Untracked 
|  92|0x00000000a5c00000, 0x00000000a5c00000, 0x00000000a5d00000|  0%| F|  |TAMS 0x00000000a5c00000, 0x00000000a5c00000| Untracked 
|  93|0x00000000a5d00000, 0x00000000a5d00000, 0x00000000a5e00000|  0%| F|  |TAMS 0x00000000a5d00000, 0x00000000a5d00000| Untracked 
|  94|0x00000000a5e00000, 0x00000000a5e00000, 0x00000000a5f00000|  0%| F|  |TAMS 0x00000000a5e00000, 0x00000000a5e00000| Untracked 
|  95|0x00000000a5f00000, 0x00000000a5f00000, 0x00000000a6000000|  0%| F|  |TAMS 0x00000000a5f00000, 0x00000000a5f00000| Untracked 
|  96|0x00000000a6000000, 0x00000000a6000000, 0x00000000a6100000|  0%| F|  |TAMS 0x00000000a6000000, 0x00000000a6000000| Untracked 
|  97|0x00000000a6100000, 0x00000000a6100000, 0x00000000a6200000|  0%| F|  |TAMS 0x00000000a6100000, 0x00000000a6100000| Untracked 
|  98|0x00000000a6200000, 0x00000000a6200000, 0x00000000a6300000|  0%| F|  |TAMS 0x00000000a6200000, 0x00000000a6200000| Untracked 
|  99|0x00000000a6300000, 0x00000000a6300000, 0x00000000a6400000|  0%| F|  |TAMS 0x00000000a6300000, 0x00000000a6300000| Untracked 
| 100|0x00000000a6400000, 0x00000000a6400000, 0x00000000a6500000|  0%| F|  |TAMS 0x00000000a6400000, 0x00000000a6400000| Untracked 
| 101|0x00000000a6500000, 0x00000000a6500000, 0x00000000a6600000|  0%| F|  |TAMS 0x00000000a6500000, 0x00000000a6500000| Untracked 
| 102|0x00000000a6600000, 0x00000000a6600000, 0x00000000a6700000|  0%| F|  |TAMS 0x00000000a6600000, 0x00000000a6600000| Untracked 
| 103|0x00000000a6700000, 0x00000000a6700000, 0x00000000a6800000|  0%| F|  |TAMS 0x00000000a6700000, 0x00000000a6700000| Untracked 
| 104|0x00000000a6800000, 0x00000000a6800000, 0x00000000a6900000|  0%| F|  |TAMS 0x00000000a6800000, 0x00000000a6800000| Untracked 
| 105|0x00000000a6900000, 0x00000000a6900000, 0x00000000a6a00000|  0%| F|  |TAMS 0x00000000a6900000, 0x00000000a6900000| Untracked 
| 106|0x00000000a6a00000, 0x00000000a6a00000, 0x00000000a6b00000|  0%| F|  |TAMS 0x00000000a6a00000, 0x00000000a6a00000| Untracked 
| 107|0x00000000a6b00000, 0x00000000a6b00000, 0x00000000a6c00000|  0%| F|  |TAMS 0x00000000a6b00000, 0x00000000a6b00000| Untracked 
| 108|0x00000000a6c00000, 0x00000000a6c00000, 0x00000000a6d00000|  0%| F|  |TAMS 0x00000000a6c00000, 0x00000000a6c00000| Untracked 
| 109|0x00000000a6d00000, 0x00000000a6d00000, 0x00000000a6e00000|  0%| F|  |TAMS 0x00000000a6d00000, 0x00000000a6d00000| Untracked 
| 110|0x00000000a6e00000, 0x00000000a6e00000, 0x00000000a6f00000|  0%| F|  |TAMS 0x00000000a6e00000, 0x00000000a6e00000| Untracked 
| 111|0x00000000a6f00000, 0x00000000a6f00000, 0x00000000a7000000|  0%| F|  |TAMS 0x00000000a6f00000, 0x00000000a6f00000| Untracked 
| 112|0x00000000a7000000, 0x00000000a7100000, 0x00000000a7100000|100%| E|  |TAMS 0x00000000a7000000, 0x00000000a7000000| Complete 
| 113|0x00000000a7100000, 0x00000000a7200000, 0x00000000a7200000|100%| E|CS|TAMS 0x00000000a7100000, 0x00000000a7100000| Complete 
| 114|0x00000000a7200000, 0x00000000a7300000, 0x00000000a7300000|100%| E|CS|TAMS 0x00000000a7200000, 0x00000000a7200000| Complete 
| 115|0x00000000a7300000, 0x00000000a7400000, 0x00000000a7400000|100%| E|CS|TAMS 0x00000000a7300000, 0x00000000a7300000| Complete 
| 116|0x00000000a7400000, 0x00000000a7500000, 0x00000000a7500000|100%| E|CS|TAMS 0x00000000a7400000, 0x00000000a7400000| Complete 
| 117|0x00000000a7500000, 0x00000000a7600000, 0x00000000a7600000|100%| E|CS|TAMS 0x00000000a7500000, 0x00000000a7500000| Complete 
| 118|0x00000000a7600000, 0x00000000a7700000, 0x00000000a7700000|100%| E|CS|TAMS 0x00000000a7600000, 0x00000000a7600000| Complete 
| 119|0x00000000a7700000, 0x00000000a7800000, 0x00000000a7800000|100%| E|CS|TAMS 0x00000000a7700000, 0x00000000a7700000| Complete 
| 252|0x00000000afc00000, 0x00000000afd00000, 0x00000000afd00000|100%| E|CS|TAMS 0x00000000afc00000, 0x00000000afc00000| Complete 
| 253|0x00000000afd00000, 0x00000000afe00000, 0x00000000afe00000|100%| E|CS|TAMS 0x00000000afd00000, 0x00000000afd00000| Complete 

Card table byte_map: [0x000001cab2870000,0x000001cab2b70000] _byte_map_base: 0x000001cab2370000

Marking Bits (Prev, Next): (CMBitMap*) 0x000001ca9d639c60, (CMBitMap*) 0x000001ca9d639c20
 Prev Bits: [0x000001cab4670000, 0x000001cab5e70000)
 Next Bits: [0x000001cab2e70000, 0x000001cab4670000)

Polling page: 0x000001ca9d6c0000

Metaspace:

Usage:
  Non-class:     67.37 MB used.
      Class:     10.27 MB used.
       Both:     77.64 MB used.

Virtual space:
  Non-class space:       72.00 MB reserved,      67.75 MB ( 94%) committed,  9 nodes.
      Class space:        1.00 GB reserved,      10.50 MB (  1%) committed,  1 nodes.
             Both:        1.07 GB reserved,      78.25 MB (  7%) committed. 

Chunk freelists:
   Non-Class:  304.00 KB
       Class:  1.45 MB
        Both:  1.75 MB

MaxMetaspaceSize: unlimited
CompressedClassSpaceSize: 1.00 GB
Initial GC threshold: 21.00 MB
Current GC threshold: 125.62 MB
CDS: off
MetaspaceReclaimPolicy: balanced
 - commit_granule_bytes: 65536.
 - commit_granule_words: 8192.
 - virtual_space_node_default_size: 1048576.
 - enlarge_chunks_in_place: 1.
 - new_chunks_are_fully_committed: 0.
 - uncommit_free_chunks: 1.
 - use_allocation_guard: 0.
 - handle_deallocations: 1.


Internal statistics:

num_allocs_failed_limit: 9.
num_arena_births: 684.
num_arena_deaths: 0.
num_vsnodes_births: 10.
num_vsnodes_deaths: 0.
num_space_committed: 1252.
num_space_uncommitted: 0.
num_chunks_returned_to_freelist: 9.
num_chunks_taken_from_freelist: 3309.
num_chunk_merges: 3.
num_chunk_splits: 2206.
num_chunks_enlarged: 1506.
num_purges: 0.
num_inconsistent_stats: 0.

CodeHeap 'non-profiled nmethods': size=120000Kb used=5071Kb max_used=5512Kb free=114928Kb
 bounds [0x000001caaa5d0000, 0x000001caaab40000, 0x000001cab1b00000]
CodeHeap 'profiled nmethods': size=120000Kb used=13118Kb max_used=14943Kb free=106881Kb
 bounds [0x000001caa2b00000, 0x000001caa39a0000, 0x000001caaa030000]
CodeHeap 'non-nmethods': size=5760Kb used=2363Kb max_used=2450Kb free=3396Kb
 bounds [0x000001caaa030000, 0x000001caaa2b0000, 0x000001caaa5d0000]
 total_blobs=8147 nmethods=7255 adapters=804
 compilation: enabled
              stopped_count=0, restarted_count=0
 full_count=0

Compilation events (20 events):
Event: 89.252 Thread 0x000001cab94835e0 8814       3       java.lang.String::scale (7 bytes)
Event: 89.252 Thread 0x000001cab94835e0 nmethod 8814 0x000001caa2f1e990 code [0x000001caa2f1eb20, 0x000001caa2f1ec38]
Event: 89.254 Thread 0x000001cab94835e0 8815       3       com.android.repository.Revision::compareTo (9 bytes)
Event: 89.254 Thread 0x000001cab94835e0 nmethod 8815 0x000001caa2e67790 code [0x000001caa2e67940, 0x000001caa2e67be8]
Event: 89.254 Thread 0x000001cab94835e0 8817       3       com.google.common.collect.TreeMultimap::createCollection (12 bytes)
Event: 89.255 Thread 0x000001cab94835e0 nmethod 8817 0x000001caa316ae90 code [0x000001caa316b080, 0x000001caa316b5f8]
Event: 89.255 Thread 0x000001cab94835e0 8816       3       com.android.repository.impl.generated.v1.LocalPackage::getRevision (5 bytes)
Event: 89.255 Thread 0x000001cab94835e0 nmethod 8816 0x000001caa2f95890 code [0x000001caa2f95a20, 0x000001caa2f95b58]
Event: 89.259 Thread 0x000001cab94835e0 8818       1       com.google.gson.reflect.TypeToken::getType (5 bytes)
Event: 89.259 Thread 0x000001cab94835e0 nmethod 8818 0x000001caaa892190 code [0x000001caaa892320, 0x000001caaa8923f8]
Event: 89.260 Thread 0x000001cab94835e0 8819       3       com.android.sdklib.internal.project.ProjectProperties::unescape (20 bytes)
Event: 89.261 Thread 0x000001cab94835e0 nmethod 8819 0x000001caa3005d90 code [0x000001caa3005f80, 0x000001caa30062b8]
Event: 89.266 Thread 0x000001cab94835e0 8820       3       com.google.gson.internal.bind.TypeAdapters$32::create (20 bytes)
Event: 89.266 Thread 0x000001cab94835e0 nmethod 8820 0x000001caa33e9a10 code [0x000001caa33e9bc0, 0x000001caa33e9d78]
Event: 89.267 Thread 0x000001cab94835e0 8821   !   3       java.lang.StringLatin1::replace (291 bytes)
Event: 89.269 Thread 0x000001cab94835e0 nmethod 8821 0x000001caa2f04f10 code [0x000001caa2f05220, 0x000001caa2f06428]
Event: 89.283 Thread 0x000001cab94835e0 8822       3       org.gradle.api.internal.provider.DefaultProviderFactory::provider (23 bytes)
Event: 89.283 Thread 0x000001cab94835e0 nmethod 8822 0x000001caa33ed190 code [0x000001caa33ed360, 0x000001caa33ed728]
Event: 89.283 Thread 0x000001cab94835e0 8823       3       org.gradle.api.internal.provider.DefaultProvider::<init> (10 bytes)
Event: 89.283 Thread 0x000001cab94835e0 nmethod 8823 0x000001caa2e7f790 code [0x000001caa2e7f940, 0x000001caa2e7fb58]

GC Heap History (20 events):
Event: 35.789 GC heap before
{Heap before GC invocations=38 (full 0):
 garbage-first heap   total 124928K, used 104482K [0x00000000a0000000, 0x0000000100000000)
  region size 1024K, 35 young (35840K), 1 survivors (1024K)
 Metaspace       used 76731K, committed 77312K, reserved 1122304K
  class space    used 10195K, committed 10432K, reserved 1048576K
}
Event: 35.791 GC heap after
{Heap after GC invocations=39 (full 0):
 garbage-first heap   total 124928K, used 69662K [0x00000000a0000000, 0x0000000100000000)
  region size 1024K, 1 young (1024K), 1 survivors (1024K)
 Metaspace       used 76731K, committed 77312K, reserved 1122304K
  class space    used 10195K, committed 10432K, reserved 1048576K
}
Event: 39.440 GC heap before
{Heap before GC invocations=39 (full 0):
 garbage-first heap   total 124928K, used 105502K [0x00000000a0000000, 0x0000000100000000)
  region size 1024K, 36 young (36864K), 1 survivors (1024K)
 Metaspace       used 76733K, committed 77312K, reserved 1122304K
  class space    used 10195K, committed 10432K, reserved 1048576K
}
Event: 39.441 GC heap after
{Heap after GC invocations=40 (full 0):
 garbage-first heap   total 124928K, used 69650K [0x00000000a0000000, 0x0000000100000000)
  region size 1024K, 1 young (1024K), 1 survivors (1024K)
 Metaspace       used 76733K, committed 77312K, reserved 1122304K
  class space    used 10195K, committed 10432K, reserved 1048576K
}
Event: 44.937 GC heap before
{Heap before GC invocations=40 (full 0):
 garbage-first heap   total 124928K, used 106514K [0x00000000a0000000, 0x0000000100000000)
  region size 1024K, 37 young (37888K), 1 survivors (1024K)
 Metaspace       used 76735K, committed 77312K, reserved 1122304K
  class space    used 10196K, committed 10432K, reserved 1048576K
}
Event: 44.940 GC heap after
{Heap after GC invocations=41 (full 0):
 garbage-first heap   total 124928K, used 69652K [0x00000000a0000000, 0x0000000100000000)
  region size 1024K, 1 young (1024K), 1 survivors (1024K)
 Metaspace       used 76735K, committed 77312K, reserved 1122304K
  class space    used 10196K, committed 10432K, reserved 1048576K
}
Event: 49.070 GC heap before
{Heap before GC invocations=41 (full 0):
 garbage-first heap   total 124928K, used 107540K [0x00000000a0000000, 0x0000000100000000)
  region size 1024K, 38 young (38912K), 1 survivors (1024K)
 Metaspace       used 76738K, committed 77312K, reserved 1122304K
  class space    used 10196K, committed 10432K, reserved 1048576K
}
Event: 49.071 GC heap after
{Heap after GC invocations=42 (full 0):
 garbage-first heap   total 124928K, used 69648K [0x00000000a0000000, 0x0000000100000000)
  region size 1024K, 1 young (1024K), 1 survivors (1024K)
 Metaspace       used 76738K, committed 77312K, reserved 1122304K
  class space    used 10196K, committed 10432K, reserved 1048576K
}
Event: 54.800 GC heap before
{Heap before GC invocations=42 (full 0):
 garbage-first heap   total 124928K, used 107536K [0x00000000a0000000, 0x0000000100000000)
  region size 1024K, 38 young (38912K), 1 survivors (1024K)
 Metaspace       used 76741K, committed 77312K, reserved 1122304K
  class space    used 10197K, committed 10432K, reserved 1048576K
}
Event: 54.803 GC heap after
{Heap after GC invocations=43 (full 0):
 garbage-first heap   total 124928K, used 69646K [0x00000000a0000000, 0x0000000100000000)
  region size 1024K, 1 young (1024K), 1 survivors (1024K)
 Metaspace       used 76741K, committed 77312K, reserved 1122304K
  class space    used 10197K, committed 10432K, reserved 1048576K
}
Event: 62.479 GC heap before
{Heap before GC invocations=43 (full 0):
 garbage-first heap   total 124928K, used 108558K [0x00000000a0000000, 0x0000000100000000)
  region size 1024K, 39 young (39936K), 1 survivors (1024K)
 Metaspace       used 76741K, committed 77312K, reserved 1122304K
  class space    used 10197K, committed 10432K, reserved 1048576K
}
Event: 62.480 GC heap after
{Heap after GC invocations=44 (full 0):
 garbage-first heap   total 124928K, used 69670K [0x00000000a0000000, 0x0000000100000000)
  region size 1024K, 1 young (1024K), 1 survivors (1024K)
 Metaspace       used 76741K, committed 77312K, reserved 1122304K
  class space    used 10197K, committed 10432K, reserved 1048576K
}
Event: 68.643 GC heap before
{Heap before GC invocations=44 (full 0):
 garbage-first heap   total 124928K, used 108582K [0x00000000a0000000, 0x0000000100000000)
  region size 1024K, 39 young (39936K), 1 survivors (1024K)
 Metaspace       used 76741K, committed 77312K, reserved 1122304K
  class space    used 10197K, committed 10432K, reserved 1048576K
}
Event: 68.646 GC heap after
{Heap after GC invocations=45 (full 0):
 garbage-first heap   total 124928K, used 69648K [0x00000000a0000000, 0x0000000100000000)
  region size 1024K, 1 young (1024K), 1 survivors (1024K)
 Metaspace       used 76741K, committed 77312K, reserved 1122304K
  class space    used 10197K, committed 10432K, reserved 1048576K
}
Event: 75.159 GC heap before
{Heap before GC invocations=45 (full 0):
 garbage-first heap   total 124928K, used 108560K [0x00000000a0000000, 0x0000000100000000)
  region size 1024K, 39 young (39936K), 1 survivors (1024K)
 Metaspace       used 76751K, committed 77312K, reserved 1122304K
  class space    used 10197K, committed 10432K, reserved 1048576K
}
Event: 75.160 GC heap after
{Heap after GC invocations=46 (full 0):
 garbage-first heap   total 124928K, used 69648K [0x00000000a0000000, 0x0000000100000000)
  region size 1024K, 1 young (1024K), 1 survivors (1024K)
 Metaspace       used 76751K, committed 77312K, reserved 1122304K
  class space    used 10197K, committed 10432K, reserved 1048576K
}
Event: 79.434 GC heap before
{Heap before GC invocations=46 (full 0):
 garbage-first heap   total 124928K, used 108560K [0x00000000a0000000, 0x0000000100000000)
  region size 1024K, 39 young (39936K), 1 survivors (1024K)
 Metaspace       used 76751K, committed 77312K, reserved 1122304K
  class space    used 10197K, committed 10432K, reserved 1048576K
}
Event: 79.437 GC heap after
{Heap after GC invocations=47 (full 0):
 garbage-first heap   total 124928K, used 69656K [0x00000000a0000000, 0x0000000100000000)
  region size 1024K, 1 young (1024K), 1 survivors (1024K)
 Metaspace       used 76751K, committed 77312K, reserved 1122304K
  class space    used 10197K, committed 10432K, reserved 1048576K
}
Event: 89.228 GC heap before
{Heap before GC invocations=47 (full 0):
 garbage-first heap   total 124928K, used 109592K [0x00000000a0000000, 0x0000000100000000)
  region size 1024K, 40 young (40960K), 1 survivors (1024K)
 Metaspace       used 79004K, committed 79552K, reserved 1122304K
  class space    used 10439K, committed 10688K, reserved 1048576K
}
Event: 89.230 GC heap after
{Heap after GC invocations=48 (full 0):
 garbage-first heap   total 124928K, used 70065K [0x00000000a0000000, 0x0000000100000000)
  region size 1024K, 1 young (1024K), 1 survivors (1024K)
 Metaspace       used 79004K, committed 79552K, reserved 1122304K
  class space    used 10439K, committed 10688K, reserved 1048576K
}

Dll operation events (2 events):
Event: 0.012 Loaded shared library C:\Program Files\Android\Android Studio\jbr\bin\java.dll
Event: 0.546 Loaded shared library C:\Program Files\Android\Android Studio\jbr\bin\verify.dll

Deoptimization events (20 events):
Event: 89.078 Thread 0x000001cabbe03660 DEOPT PACKING pc=0x000001caaaa00a44 sp=0x0000003ca05f90a0
Event: 89.078 Thread 0x000001cabbe03660 DEOPT UNPACKING pc=0x000001caaa0869a3 sp=0x0000003ca05f9038 mode 2
Event: 89.092 Thread 0x000001cabbe03660 Uncommon trap: trap_request=0xffffffde fr.pc=0x000001caaaa00a44 relative=0x0000000000000104
Event: 89.092 Thread 0x000001cabbe03660 Uncommon trap: reason=class_check action=maybe_recompile pc=0x000001caaaa00a44 method=org.xml.sax.helpers.XMLFilterImpl.characters([CII)V @ 14 c2
Event: 89.092 Thread 0x000001cabbe03660 DEOPT PACKING pc=0x000001caaaa00a44 sp=0x0000003ca05f8ed0
Event: 89.092 Thread 0x000001cabbe03660 DEOPT UNPACKING pc=0x000001caaa0869a3 sp=0x0000003ca05f8e68 mode 2
Event: 89.092 Thread 0x000001cabbe03660 Uncommon trap: trap_request=0xffffffde fr.pc=0x000001caaaa00a44 relative=0x0000000000000104
Event: 89.092 Thread 0x000001cabbe03660 Uncommon trap: reason=class_check action=maybe_recompile pc=0x000001caaaa00a44 method=org.xml.sax.helpers.XMLFilterImpl.characters([CII)V @ 14 c2
Event: 89.092 Thread 0x000001cabbe03660 DEOPT PACKING pc=0x000001caaaa00a44 sp=0x0000003ca05f8ee0
Event: 89.092 Thread 0x000001cabbe03660 DEOPT UNPACKING pc=0x000001caaa0869a3 sp=0x0000003ca05f8e78 mode 2
Event: 89.093 Thread 0x000001cabbe03660 Uncommon trap: trap_request=0xffffffde fr.pc=0x000001caaaa00a44 relative=0x0000000000000104
Event: 89.093 Thread 0x000001cabbe03660 Uncommon trap: reason=class_check action=maybe_recompile pc=0x000001caaaa00a44 method=org.xml.sax.helpers.XMLFilterImpl.characters([CII)V @ 14 c2
Event: 89.093 Thread 0x000001cabbe03660 DEOPT PACKING pc=0x000001caaaa00a44 sp=0x0000003ca05f8f70
Event: 89.093 Thread 0x000001cabbe03660 DEOPT UNPACKING pc=0x000001caaa0869a3 sp=0x0000003ca05f8f08 mode 2
Event: 89.093 Thread 0x000001cabbe03660 Uncommon trap: trap_request=0xffffff45 fr.pc=0x000001caaa9ee1a4 relative=0x0000000000000464
Event: 89.093 Thread 0x000001cabbe03660 Uncommon trap: reason=unstable_if action=reinterpret pc=0x000001caaa9ee1a4 method=java.lang.ThreadLocal$ThreadLocalMap.remove(Ljava/lang/ThreadLocal;)V @ 26 c2
Event: 89.093 Thread 0x000001cabbe03660 DEOPT PACKING pc=0x000001caaa9ee1a4 sp=0x0000003ca05f9a60
Event: 89.093 Thread 0x000001cabbe03660 DEOPT UNPACKING pc=0x000001caaa0869a3 sp=0x0000003ca05f9a10 mode 2
Event: 89.190 Thread 0x000001cabbe03660 DEOPT PACKING pc=0x000001caa367fb71 sp=0x0000003ca05f86b0
Event: 89.190 Thread 0x000001cabbe03660 DEOPT UNPACKING pc=0x000001caaa087143 sp=0x0000003ca05f7b70 mode 0

Classes unloaded (0 events):
No events

Classes redefined (0 events):
No events

Internal exceptions (20 events):
Event: 89.172 Thread 0x000001cabbe03660 Exception <a 'sun/nio/fs/WindowsException'{0x00000000a59385d8}> (0x00000000a59385d8) 
thrown [s\src\hotspot\share\prims\jni.cpp, line 517]
Event: 89.172 Thread 0x000001cabbe03660 Exception <a 'sun/nio/fs/WindowsException'{0x00000000a5938740}> (0x00000000a5938740) 
thrown [s\src\hotspot\share\prims\jni.cpp, line 517]
Event: 89.172 Thread 0x000001cabbe03660 Exception <a 'sun/nio/fs/WindowsException'{0x00000000a593ab10}> (0x00000000a593ab10) 
thrown [s\src\hotspot\share\prims\jni.cpp, line 517]
Event: 89.173 Thread 0x000001cabbe03660 Exception <a 'sun/nio/fs/WindowsException'{0x00000000a593ac90}> (0x00000000a593ac90) 
thrown [s\src\hotspot\share\prims\jni.cpp, line 517]
Event: 89.173 Thread 0x000001cabbe03660 Exception <a 'sun/nio/fs/WindowsException'{0x00000000a593e188}> (0x00000000a593e188) 
thrown [s\src\hotspot\share\prims\jni.cpp, line 517]
Event: 89.173 Thread 0x000001cabbe03660 Exception <a 'sun/nio/fs/WindowsException'{0x00000000a593e310}> (0x00000000a593e310) 
thrown [s\src\hotspot\share\prims\jni.cpp, line 517]
Event: 89.173 Thread 0x000001cabbe03660 Exception <a 'sun/nio/fs/WindowsException'{0x00000000a5940740}> (0x00000000a5940740) 
thrown [s\src\hotspot\share\prims\jni.cpp, line 517]
Event: 89.173 Thread 0x000001cabbe03660 Exception <a 'sun/nio/fs/WindowsException'{0x00000000a59408e0}> (0x00000000a59408e0) 
thrown [s\src\hotspot\share\prims\jni.cpp, line 517]
Event: 89.174 Thread 0x000001cabbe03660 Exception <a 'sun/nio/fs/WindowsException'{0x00000000a5943d50}> (0x00000000a5943d50) 
thrown [s\src\hotspot\share\prims\jni.cpp, line 517]
Event: 89.174 Thread 0x000001cabbe03660 Exception <a 'sun/nio/fs/WindowsException'{0x00000000a5943f20}> (0x00000000a5943f20) 
thrown [s\src\hotspot\share\prims\jni.cpp, line 517]
Event: 89.174 Thread 0x000001cabbe03660 Exception <a 'sun/nio/fs/WindowsException'{0x00000000a59463f8}> (0x00000000a59463f8) 
thrown [s\src\hotspot\share\prims\jni.cpp, line 517]
Event: 89.174 Thread 0x000001cabbe03660 Exception <a 'sun/nio/fs/WindowsException'{0x00000000a59465d8}> (0x00000000a59465d8) 
thrown [s\src\hotspot\share\prims\jni.cpp, line 517]
Event: 89.174 Thread 0x000001cabbe03660 Exception <a 'sun/nio/fs/WindowsException'{0x00000000a594a5a0}> (0x00000000a594a5a0) 
thrown [s\src\hotspot\share\prims\jni.cpp, line 517]
Event: 89.174 Thread 0x000001cabbe03660 Exception <a 'sun/nio/fs/WindowsException'{0x00000000a594a728}> (0x00000000a594a728) 
thrown [s\src\hotspot\share\prims\jni.cpp, line 517]
Event: 89.175 Thread 0x000001cabbe03660 Exception <a 'sun/nio/fs/WindowsException'{0x00000000a594cb58}> (0x00000000a594cb58) 
thrown [s\src\hotspot\share\prims\jni.cpp, line 517]
Event: 89.175 Thread 0x000001cabbe03660 Exception <a 'sun/nio/fs/WindowsException'{0x00000000a594ccf8}> (0x00000000a594ccf8) 
thrown [s\src\hotspot\share\prims\jni.cpp, line 517]
Event: 89.175 Thread 0x000001cabbe03660 Exception <a 'sun/nio/fs/WindowsException'{0x00000000a59500d8}> (0x00000000a59500d8) 
thrown [s\src\hotspot\share\prims\jni.cpp, line 517]
Event: 89.175 Thread 0x000001cabbe03660 Exception <a 'sun/nio/fs/WindowsException'{0x00000000a5950288}> (0x00000000a5950288) 
thrown [s\src\hotspot\share\prims\jni.cpp, line 517]
Event: 89.175 Thread 0x000001cabbe03660 Exception <a 'sun/nio/fs/WindowsException'{0x00000000a5952700}> (0x00000000a5952700) 
thrown [s\src\hotspot\share\prims\jni.cpp, line 517]
Event: 89.175 Thread 0x000001cabbe03660 Exception <a 'sun/nio/fs/WindowsException'{0x00000000a59528c8}> (0x00000000a59528c8) 
thrown [s\src\hotspot\share\prims\jni.cpp, line 517]

VM Operations (20 events):
Event: 82.741 Executing VM operation: Cleanup
Event: 82.742 Executing VM operation: Cleanup done
Event: 87.784 Executing VM operation: Cleanup
Event: 87.785 Executing VM operation: Cleanup done
Event: 88.787 Executing VM operation: Cleanup
Event: 88.787 Executing VM operation: Cleanup done
Event: 88.859 Executing VM operation: HandshakeAllThreads
Event: 88.860 Executing VM operation: HandshakeAllThreads done
Event: 88.871 Executing VM operation: HandshakeAllThreads
Event: 88.872 Executing VM operation: HandshakeAllThreads done
Event: 88.918 Executing VM operation: HandshakeAllThreads
Event: 88.919 Executing VM operation: HandshakeAllThreads done
Event: 88.967 Executing VM operation: HandshakeAllThreads
Event: 88.968 Executing VM operation: HandshakeAllThreads done
Event: 88.986 Executing VM operation: HandshakeAllThreads
Event: 88.987 Executing VM operation: HandshakeAllThreads done
Event: 88.989 Executing VM operation: HandshakeAllThreads
Event: 88.989 Executing VM operation: HandshakeAllThreads done
Event: 89.228 Executing VM operation: G1CollectForAllocation
Event: 89.230 Executing VM operation: G1CollectForAllocation done

Events (20 events):
Event: 89.082 loading class com/sun/org/apache/xerces/internal/impl/xpath/regex/Op
Event: 89.083 loading class com/sun/org/apache/xerces/internal/impl/xpath/regex/Op done
Event: 89.083 loading class com/sun/org/apache/xerces/internal/impl/xpath/regex/Op$ModifierOp
Event: 89.083 loading class com/sun/org/apache/xerces/internal/impl/xpath/regex/Op$ChildOp
Event: 89.083 loading class com/sun/org/apache/xerces/internal/impl/xpath/regex/Op$ChildOp done
Event: 89.083 loading class com/sun/org/apache/xerces/internal/impl/xpath/regex/Op$ModifierOp done
Event: 89.083 loading class com/sun/org/apache/xerces/internal/impl/xpath/regex/Op$RangeOp
Event: 89.083 loading class com/sun/org/apache/xerces/internal/impl/xpath/regex/Op$RangeOp done
Event: 89.083 loading class com/sun/org/apache/xerces/internal/impl/xpath/regex/RegularExpression$Context
Event: 89.083 loading class com/sun/org/apache/xerces/internal/impl/xpath/regex/RegularExpression$Context done
Event: 89.083 loading class com/sun/org/apache/xerces/internal/impl/xpath/regex/RegularExpression$StringTarget
Event: 89.083 loading class com/sun/org/apache/xerces/internal/impl/xpath/regex/RegularExpression$ExpressionTarget
Event: 89.083 loading class com/sun/org/apache/xerces/internal/impl/xpath/regex/RegularExpression$ExpressionTarget done
Event: 89.083 loading class com/sun/org/apache/xerces/internal/impl/xpath/regex/RegularExpression$StringTarget done
Event: 89.083 loading class com/sun/org/apache/xerces/internal/impl/xpath/regex/RegularExpression$ClosureContext
Event: 89.083 loading class com/sun/org/apache/xerces/internal/impl/xpath/regex/RegularExpression$ClosureContext done
Event: 89.089 loading class javax/xml/datatype/FactoryFinder
Event: 89.089 loading class javax/xml/datatype/FactoryFinder done
Event: 89.090 loading class javax/xml/datatype/FactoryFinder$1
Event: 89.090 loading class javax/xml/datatype/FactoryFinder$1 done


Dynamic libraries:
0x00007ff7a71d0000 - 0x00007ff7a71da000 	C:\Program Files\Android\Android Studio\jbr\bin\java.exe
0x00007ffe824c0000 - 0x00007ffe826c9000 	C:\WINDOWS\SYSTEM32\ntdll.dll
0x00007ffe80e60000 - 0x00007ffe80f1d000 	C:\WINDOWS\System32\KERNEL32.DLL
0x00007ffe7fb80000 - 0x00007ffe7ff04000 	C:\WINDOWS\System32\KERNELBASE.dll
0x00007ffe13060000 - 0x00007ffe13135000 	C:\Program Files\Bitdefender\Bitdefender Security\bdhkm\dlls_266764098127901759\bdhkm64.dll
0x00007ffe12f00000 - 0x00007ffe13059000 	C:\Program Files\Bitdefender\Bitdefender Security\atcuf\dlls_266764098058018199\atcuf64.dll
0x00007ffe7ffb0000 - 0x00007ffe800c1000 	C:\WINDOWS\System32\ucrtbase.dll
0x00007ffe59c90000 - 0x00007ffe59ca7000 	C:\Program Files\Android\Android Studio\jbr\bin\jli.dll
0x00007ffe81860000 - 0x00007ffe81a0d000 	C:\WINDOWS\System32\USER32.dll
0x00007ffe7ff10000 - 0x00007ffe7ff36000 	C:\WINDOWS\System32\win32u.dll
0x00007ffe813c0000 - 0x00007ffe813ea000 	C:\WINDOWS\System32\GDI32.dll
0x00007ffe800d0000 - 0x00007ffe801ee000 	C:\WINDOWS\System32\gdi32full.dll
0x00007ffe801f0000 - 0x00007ffe8028d000 	C:\WINDOWS\System32\msvcp_win.dll
0x00007ffe43750000 - 0x00007ffe4376b000 	C:\Program Files\Android\Android Studio\jbr\bin\VCRUNTIME140.dll
0x00007ffe61f60000 - 0x00007ffe62205000 	C:\WINDOWS\WinSxS\amd64_microsoft.windows.common-controls_6595b64144ccf1df_6.0.22000.120_none_9d947278b86cc467\COMCTL32.dll
0x00007ffe80af0000 - 0x00007ffe80b93000 	C:\WINDOWS\System32\msvcrt.dll
0x00007ffe80310000 - 0x00007ffe80341000 	C:\WINDOWS\System32\IMM32.DLL
0x00007ffe5d8b0000 - 0x00007ffe5d8bc000 	C:\Program Files\Android\Android Studio\jbr\bin\vcruntime140_1.dll
0x00007ffe3e410000 - 0x00007ffe3e49d000 	C:\Program Files\Android\Android Studio\jbr\bin\msvcp140.dll
0x00007ffdf6840000 - 0x00007ffdf74ae000 	C:\Program Files\Android\Android Studio\jbr\bin\server\jvm.dll
0x00007ffe81b40000 - 0x00007ffe81bee000 	C:\WINDOWS\System32\ADVAPI32.dll
0x00007ffe80dc0000 - 0x00007ffe80e5e000 	C:\WINDOWS\System32\sechost.dll
0x00007ffe81a10000 - 0x00007ffe81b31000 	C:\WINDOWS\System32\RPCRT4.dll
0x00007ffe51b90000 - 0x00007ffe51b99000 	C:\WINDOWS\SYSTEM32\WSOCK32.dll
0x00007ffe807d0000 - 0x00007ffe8083f000 	C:\WINDOWS\System32\WS2_32.dll
0x00007ffe76150000 - 0x00007ffe76183000 	C:\WINDOWS\SYSTEM32\WINMM.dll
0x00007ffe75160000 - 0x00007ffe7516a000 	C:\WINDOWS\SYSTEM32\VERSION.dll
0x00007ffe7eab0000 - 0x00007ffe7eac8000 	C:\WINDOWS\SYSTEM32\kernel.appcore.dll
0x00007ffe7b920000 - 0x00007ffe7b92a000 	C:\Program Files\Android\Android Studio\jbr\bin\jimage.dll
0x00007ffe765c0000 - 0x00007ffe767e1000 	C:\WINDOWS\SYSTEM32\DBGHELP.DLL
0x00007ffe51be0000 - 0x00007ffe51c11000 	C:\WINDOWS\SYSTEM32\dbgcore.DLL
0x00007ffe80290000 - 0x00007ffe8030f000 	C:\WINDOWS\System32\bcryptPrimitives.dll
0x00007ffe57900000 - 0x00007ffe57925000 	C:\Program Files\Android\Android Studio\jbr\bin\java.dll
0x00007ffe734a0000 - 0x00007ffe734b8000 	C:\Program Files\Android\Android Studio\jbr\bin\zip.dll
0x00007ffe81bf0000 - 0x00007ffe823b5000 	C:\WINDOWS\System32\SHELL32.dll
0x00007ffe7da20000 - 0x00007ffe7e282000 	C:\WINDOWS\SYSTEM32\windows.storage.dll
0x00007ffe81470000 - 0x00007ffe817e6000 	C:\WINDOWS\System32\combase.dll
0x00007ffe7d8b0000 - 0x00007ffe7da17000 	C:\WINDOWS\SYSTEM32\wintypes.dll
0x00007ffe80840000 - 0x00007ffe8092a000 	C:\WINDOWS\System32\SHCORE.dll
0x00007ffe823c0000 - 0x00007ffe8241d000 	C:\WINDOWS\System32\shlwapi.dll
0x00007ffe7f880000 - 0x00007ffe7f8a5000 	C:\WINDOWS\SYSTEM32\profapi.dll
0x00007ffe64450000 - 0x00007ffe64469000 	C:\Program Files\Android\Android Studio\jbr\bin\net.dll
0x00007ffe74db0000 - 0x00007ffe74ec4000 	C:\WINDOWS\SYSTEM32\WINHTTP.dll
0x00007ffe7ef60000 - 0x00007ffe7efc7000 	C:\WINDOWS\system32\mswsock.dll
0x00007ffe60290000 - 0x00007ffe602a6000 	C:\Program Files\Android\Android Studio\jbr\bin\nio.dll
0x00007ffe7b830000 - 0x00007ffe7b840000 	C:\Program Files\Android\Android Studio\jbr\bin\verify.dll
0x00007ffe4f4d0000 - 0x00007ffe4f4f7000 	C:\Users\sscho\.gradle\native\e1d6ef7f7dcc3fd88c89a11ec53ec762bb8ba0a96d01ffa2cd45eb1d1d8dd5c5\windows-amd64\native-platform.dll
0x00007ffe3cee0000 - 0x00007ffe3d024000 	C:\Users\sscho\.gradle\native\5664cfc778a61ccfe75a443a1ab52a65af34e5dc3c78e0209fed803814484fcb\windows-amd64\native-platform-file-events.dll
0x00007ffe7b7f0000 - 0x00007ffe7b7f9000 	C:\Program Files\Android\Android Studio\jbr\bin\management.dll
0x00007ffe77560000 - 0x00007ffe7756b000 	C:\Program Files\Android\Android Studio\jbr\bin\management_ext.dll
0x00007ffe80f20000 - 0x00007ffe80f28000 	C:\WINDOWS\System32\PSAPI.DLL
0x00007ffe7f1a0000 - 0x00007ffe7f1b8000 	C:\WINDOWS\SYSTEM32\CRYPTSP.dll
0x00007ffe7ea10000 - 0x00007ffe7ea45000 	C:\WINDOWS\system32\rsaenh.dll
0x00007ffe7f050000 - 0x00007ffe7f07c000 	C:\WINDOWS\SYSTEM32\USERENV.dll
0x00007ffe7f320000 - 0x00007ffe7f347000 	C:\WINDOWS\SYSTEM32\bcrypt.dll
0x00007ffe7f1c0000 - 0x00007ffe7f1cc000 	C:\WINDOWS\SYSTEM32\CRYPTBASE.dll
0x00007ffe7e590000 - 0x00007ffe7e5bd000 	C:\WINDOWS\SYSTEM32\IPHLPAPI.DLL
0x00007ffe80ba0000 - 0x00007ffe80ba9000 	C:\WINDOWS\System32\NSI.dll
0x00007ffe74cd0000 - 0x00007ffe74ce9000 	C:\WINDOWS\SYSTEM32\dhcpcsvc6.DLL
0x00007ffe75140000 - 0x00007ffe7515e000 	C:\WINDOWS\SYSTEM32\dhcpcsvc.DLL
0x00007ffe7e610000 - 0x00007ffe7e6f7000 	C:\WINDOWS\SYSTEM32\DNSAPI.dll
0x00007ffe5d770000 - 0x00007ffe5d778000 	C:\WINDOWS\system32\wshunix.dll

dbghelp: loaded successfully - version: 4.0.5 - missing functions: none
symbol engine: initialized successfully - sym options: 0x614 - pdb path: .;C:\Program Files\Android\Android Studio\jbr\bin;C:\WINDOWS\SYSTEM32;C:\Program Files\Bitdefender\Bitdefender Security\bdhkm\dlls_266764098127901759;C:\Program Files\Bitdefender\Bitdefender Security\atcuf\dlls_266764098058018199;C:\WINDOWS\WinSxS\amd64_microsoft.windows.common-controls_6595b64144ccf1df_6.0.22000.120_none_9d947278b86cc467;C:\Program Files\Android\Android Studio\jbr\bin\server;C:\Users\sscho\.gradle\native\e1d6ef7f7dcc3fd88c89a11ec53ec762bb8ba0a96d01ffa2cd45eb1d1d8dd5c5\windows-amd64;C:\Users\sscho\.gradle\native\5664cfc778a61ccfe75a443a1ab52a65af34e5dc3c78e0209fed803814484fcb\windows-amd64

VM Arguments:
jvm_args: --add-exports=java.base/sun.nio.ch=ALL-UNNAMED --add-opens=java.base/java.lang=ALL-UNNAMED --add-opens=java.base/java.lang.reflect=ALL-UNNAMED --add-opens=java.base/java.io=ALL-UNNAMED --add-exports=jdk.unsupported/sun.misc=ALL-UNNAMED --add-opens=java.base/java.util=ALL-UNNAMED --add-opens=java.base/java.lang=ALL-UNNAMED --add-opens=java.base/java.lang.invoke=ALL-UNNAMED --add-opens=java.base/java.util=ALL-UNNAMED --add-opens=java.prefs/java.util.prefs=ALL-UNNAMED --add-opens=java.prefs/java.util.prefs=ALL-UNNAMED --add-opens=java.base/java.nio.charset=ALL-UNNAMED --add-opens=java.base/java.net=ALL-UNNAMED --add-opens=java.base/java.util.concurrent.atomic=ALL-UNNAMED -Xmx1536m -Dfile.encoding=windows-1252 -Duser.country=GB -Duser.language=en -Duser.variant 
java_command: org.gradle.launcher.daemon.bootstrap.GradleDaemon 7.2
java_class_path (initial): C:\Users\sscho\.gradle\wrapper\dists\gradle-7.2-bin\2dnblmf4td7x66yl1d74lt32g\gradle-7.2\lib\gradle-launcher-7.2.jar
Launcher Type: SUN_STANDARD

[Global flags]
     intx CICompilerCount                          = 4                                         {product} {ergonomic}
     uint ConcGCThreads                            = 2                                         {product} {ergonomic}
     uint G1ConcRefinementThreads                  = 8                                         {product} {ergonomic}
   size_t G1HeapRegionSize                         = 1048576                                   {product} {ergonomic}
    uintx GCDrainStackTargetSize                   = 64                                        {product} {ergonomic}
   size_t InitialHeapSize                          = 266338304                                 {product} {ergonomic}
   size_t MarkStackSize                            = 4194304                                   {product} {ergonomic}
   size_t MaxHeapSize                              = 1610612736                                {product} {command line}
   size_t MaxNewSize                               = 965738496                                 {product} {ergonomic}
   size_t MinHeapDeltaBytes                        = 1048576                                   {product} {ergonomic}
   size_t MinHeapSize                              = 8388608                                   {product} {ergonomic}
    uintx NonNMethodCodeHeapSize                   = 5839372                                {pd product} {ergonomic}
    uintx NonProfiledCodeHeapSize                  = 122909434                              {pd product} {ergonomic}
    uintx ProfiledCodeHeapSize                     = 122909434                              {pd product} {ergonomic}
    uintx ReservedCodeCacheSize                    = 251658240                              {pd product} {ergonomic}
     bool SegmentedCodeCache                       = true                                      {product} {ergonomic}
   size_t SoftMaxHeapSize                          = 1610612736                             {manageable} {ergonomic}
     bool UseCompressedClassPointers               = true                           {product lp64_product} {ergonomic}
     bool UseCompressedOops                        = true                           {product lp64_product} {ergonomic}
     bool UseG1GC                                  = true                                      {product} {ergonomic}
     bool UseLargePagesIndividualAllocation        = false                                  {pd product} {ergonomic}

Logging:
Log output configuration:
 #0: stdout all=warning uptime,level,tags
 #1: stderr all=off uptime,level,tags

Environment Variables:
PATH=C:\Windows\system32;C:\Windows;C:\Windows\System32\Wbem;C:\Windows\System32\WindowsPowerShell\v1.0\;C:\Windows\System32\OpenSSH\;C:\Program Files (x86)\NVIDIA Corporation\PhysX\Common;C:\Program Files\NVIDIA Corporation\NVIDIA NvDLISR;C:\Program Files\Git\cmd;C:\WINDOWS\system32;C:\WINDOWS;C:\WINDOWS\System32\Wbem;C:\WINDOWS\System32\WindowsPowerShell\v1.0\;C:\WINDOWS\System32\OpenSSH\;C:\Program Files\Java\jdk-21\bin;C:\Program Files\dotnet\;C:\Users\sscho\AppData\Local\Programs\Python\Python39\Scripts\;C:\Users\sscho\AppData\Local\Programs\Python\Python39\;C:\Users\sscho\AppData\Local\Microsoft\WindowsApps;C:\Users\sscho\AppData\Local\Programs\Microsoft VS Code\bin;C:\Users\sscho\AppData\Local\GitHubDesktop\bin;C:\sqlite;C:\Users\Screencast\apache-maven-3.9.0\bin;;C:\Users\sscho\AppData\Local\Programs\Julia-1.9.3\bin
USERNAME=sscho
OS=Windows_NT
PROCESSOR_IDENTIFIER=Intel64 Family 6 Model 142 Stepping 12, GenuineIntel
TMP=C:\Users\sscho\AppData\Local\Temp
TEMP=C:\Users\sscho\AppData\Local\Temp


JNI global refs:
JNI global refs: 24, weak refs: 5

JNI global refs memory usage: 843, weak refs: 841


---------------  S Y S T E M  ---------------

OS:
 Windows 11 , 64 bit Build 22000 (10.0.22000.2538)
OS uptime: 1 days 14:54 hours

CPU: total 8 (initial active 8) (4 cores per cpu, 2 threads per core) family 6 model 142 stepping 12 microcode 0xde, cx8, cmov, fxsr, ht, mmx, 3dnowpref, sse, sse2, sse3, ssse3, sse4.1, sse4.2, popcnt, lzcnt, tsc, tscinvbit, avx, avx2, aes, erms, clmul, bmi1, bmi2, adx, fma, vzeroupper, clflush, clflushopt

Memory: 4k page, system-wide physical 16219M (3177M free)
TotalPageFile size 16219M (AvailPageFile size 5M)
current process WorkingSet (physical memory assigned to process): 361M, peak: 362M
current process commit charge ("private bytes"): 397M, peak: 402M

vm_info: OpenJDK 64-Bit Server VM (17.0.6+0-b2043.56-10027231) for windows-amd64 JRE (17.0.6+0-b2043.56-10027231), built on Apr 28 2023 00:43:19 by "androidbuild" with MS VC++ 16.10 / 16.11 (VS2019)

END.
